#                                                                                                        --- full sequence --- -------------- this domain -------------   hmm coord   ali coord   env coord
# target name                                    accession   tlen query name           accession   qlen   E-value  score  bias   #  of  c-Evalue  i-Evalue  score  bias  from    to  from    to  from    to  acc description of target
#                            ------------------- ---------- ----- -------------------- ---------- ----- --------- ------ ----- --- --- --------- --------- ------ ----- ----- ----- ----- ----- ----- ----- ---- ---------------------
NODE_42_length_16541_cov_31.304374:10770-11891|- -            374 1054741at2           -            333  6.8e-139  459.3   0.0   1   1  2.7e-141  7.9e-139  459.1   0.0     2   331     5   363     4   365 0.93 NODE_42_length_16541_cov_31.304374_13 # 10770 # 11891 # -1 # ID=42_13;partial=00;start_type=ATG;rbs_motif=GGAG/GAGG;rbs_spacer=5-10bp;gc_cont=0.489
NODE_36_length_18939_cov_43.038592:7741-8820|-   -            360 1054741at2           -            333   8.8e-07   25.1   0.2   1   1   4.5e-09   1.3e-06   24.5   0.2     2   123     2   115     1   119 0.76 NODE_36_length_18939_cov_43.038592_7 # 7741 # 8820 # -1 # ID=36_7;partial=00;start_type=ATG;rbs_motif=AGGA;rbs_spacer=5-10bp;gc_cont=0.414
NODE_31_length_21827_cov_34.030922:19924-21486|+ -            521 1054741at2           -            333   4.4e-06   22.8   0.1   1   2   3.3e-08   9.8e-06   21.6   0.1     3    36   225   259   223   296 0.82 NODE_31_length_21827_cov_34.030922_26 # 19924 # 21486 # 1 # ID=31_26;partial=00;start_type=ATG;rbs_motif=AGGA;rbs_spacer=5-10bp;gc_cont=0.422
NODE_31_length_21827_cov_34.030922:19924-21486|+ -            521 1054741at2           -            333   4.4e-06   22.8   0.1   2   2       1.1   3.4e+02   -3.1   0.0   157   176   368   387   361   388 0.83 NODE_31_length_21827_cov_34.030922_26 # 19924 # 21486 # 1 # ID=31_26;partial=00;start_type=ATG;rbs_motif=AGGA;rbs_spacer=5-10bp;gc_cont=0.422
NODE_47_length_14503_cov_75.816708:2649-3926|-   -            426 1054741at2           -            333   0.00011   18.2   0.0   1   2   1.3e-06   0.00039   16.4   0.0     2    83    18    98    17   106 0.78 NODE_47_length_14503_cov_75.816708_3 # 2649 # 3926 # -1 # ID=47_3;partial=00;start_type=ATG;rbs_motif=GGAG/GAGG;rbs_spacer=5-10bp;gc_cont=0.340
NODE_47_length_14503_cov_75.816708:2649-3926|-   -            426 1054741at2           -            333   0.00011   18.2   0.0   2   2      0.14        42   -0.2   0.0   102   127    97   122    95   129 0.86 NODE_47_length_14503_cov_75.816708_3 # 2649 # 3926 # -1 # ID=47_3;partial=00;start_type=ATG;rbs_motif=GGAG/GAGG;rbs_spacer=5-10bp;gc_cont=0.340
NODE_43_length_15806_cov_24.544295:9052-10266|+  -            405 1054741at2           -            333   0.00054   15.9   0.0   1   1   4.7e-06    0.0014   14.6   0.0     8    42   182   216   177   255 0.81 NODE_43_length_15806_cov_24.544295_7 # 9052 # 10266 # 1 # ID=43_7;partial=00;start_type=ATG;rbs_motif=AGGAG;rbs_spacer=5-10bp;gc_cont=0.428
NODE_68_length_8336_cov_37.568644:3972-4505|-    -            178 1054741at2           -            333    0.0014   14.6   0.0   1   1   5.8e-06    0.0017   14.3   0.0     3    72     3    65     1    83 0.88 NODE_68_length_8336_cov_37.568644_5 # 3972 # 4505 # -1 # ID=68_5;partial=00;start_type=ATG;rbs_motif=AGGAG;rbs_spacer=3-4bp;gc_cont=0.446
NODE_5_length_58022_cov_31.473806:29183-30121|-  -            313 1054741at2           -            333     0.024   10.5   0.0   1   2      0.43   1.3e+02   -1.7   0.0   242   285   165   210   143   212 0.70 NODE_5_length_58022_cov_31.473806_32 # 29183 # 30121 # -1 # ID=5_32;partial=00;start_type=ATG;rbs_motif=AGGAG;rbs_spacer=5-10bp;gc_cont=0.437
NODE_5_length_58022_cov_31.473806:29183-30121|-  -            313 1054741at2           -            333     0.024   10.5   0.0   2   2   0.00029     0.084    8.7   0.0     8    64   246   297   242   306 0.81 NODE_5_length_58022_cov_31.473806_32 # 29183 # 30121 # -1 # ID=5_32;partial=00;start_type=ATG;rbs_motif=AGGAG;rbs_spacer=5-10bp;gc_cont=0.437
#
# Program:         hmmsearch
# Version:         3.4 (Aug 2023)
# Pipeline mode:   SEARCH
# Query file:      /workspaces/project_bioinformatic_01/project_s.pne/busco_downloads/lineages/bacteria_odb10/hmms/1054741at2.hmm
# Target file:     results/busco_results/prodigal_output/predicted_genes/predicted.faa
# Option settings: hmmsearch --domtblout results/busco_results/run_bacteria_odb10/hmmer_output/1054741at2.out --cpu 1 /workspaces/project_bioinformatic_01/project_s.pne/busco_downloads/lineages/bacteria_odb10/hmms/1054741at2.hmm results/busco_results/prodigal_output/predicted_genes/predicted.faa 
# Current dir:     /workspaces/project_bioinformatic_01/project_s.pne
# Date:            Mon Mar 30 07:39:45 2026
# [ok]
