#                                                                                                       --- full sequence --- -------------- this domain -------------   hmm coord   ali coord   env coord
# target name                                   accession   tlen query name           accession   qlen   E-value  score  bias   #  of  c-Evalue  i-Evalue  score  bias  from    to  from    to  from    to  acc description of target
#                           ------------------- ---------- ----- -------------------- ---------- ----- --------- ------ ----- --- --- --------- --------- ------ ----- ----- ----- ----- ----- ----- ----- ---- ---------------------
NODE_35_length_19242_cov_24.816636:8932-9816|-  -            295 1069591at2           -            187   2.9e-43  144.6   8.7   1   2   3.4e-36   1.2e-33  113.3   0.7     1   130     5   146     5   177 0.72 NODE_35_length_19242_cov_24.816636_13 # 8932 # 9816 # -1 # ID=35_13;partial=00;start_type=ATG;rbs_motif=AGGA;rbs_spacer=5-10bp;gc_cont=0.455
NODE_35_length_19242_cov_24.816636:8932-9816|-  -            295 1069591at2           -            187   2.9e-43  144.6   8.7   2   2   3.6e-09   1.2e-06   25.1   1.9   136   187   190   266   183   266 0.74 NODE_35_length_19242_cov_24.816636_13 # 8932 # 9816 # -1 # ID=35_13;partial=00;start_type=ATG;rbs_motif=AGGA;rbs_spacer=5-10bp;gc_cont=0.455
NODE_2_length_84815_cov_60.132049:51430-53862|- -            811 1069591at2           -            187   1.2e-05   22.0   0.4   1   3   0.00038      0.13    8.8   0.0     3    30   231   257   230   267 0.82 NODE_2_length_84815_cov_60.132049_44 # 51430 # 53862 # -1 # ID=2_44;partial=00;start_type=ATG;rbs_motif=GGA/GAG/AGG;rbs_spacer=5-10bp;gc_cont=0.457
NODE_2_length_84815_cov_60.132049:51430-53862|- -            811 1069591at2           -            187   1.2e-05   22.0   0.4   2   3   0.00017     0.057    9.9   0.0     3    21   546   564   544   579 0.82 NODE_2_length_84815_cov_60.132049_44 # 51430 # 53862 # -1 # ID=2_44;partial=00;start_type=ATG;rbs_motif=GGA/GAG/AGG;rbs_spacer=5-10bp;gc_cont=0.457
NODE_2_length_84815_cov_60.132049:51430-53862|- -            811 1069591at2           -            187   1.2e-05   22.0   0.4   3   3         3     1e+03   -3.9   0.1   119   145   687   713   679   728 0.69 NODE_2_length_84815_cov_60.132049_44 # 51430 # 53862 # -1 # ID=2_44;partial=00;start_type=ATG;rbs_motif=GGA/GAG/AGG;rbs_spacer=5-10bp;gc_cont=0.457
NODE_89_length_3084_cov_26.894826:139-2397|-    -            753 1069591at2           -            187   8.3e-05   19.2   0.0   1   2      0.16        56    0.2   0.0     3    28   155   179   154   184 0.88 NODE_89_length_3084_cov_26.894826_1 # 139 # 2397 # -1 # ID=89_1;partial=00;start_type=ATG;rbs_motif=GGAG/GAGG;rbs_spacer=5-10bp;gc_cont=0.435
NODE_89_length_3084_cov_26.894826:139-2397|-    -            753 1069591at2           -            187   8.3e-05   19.2   0.0   2   2   3.1e-06    0.0011   15.6   0.0     3    33   484   514   482   522 0.90 NODE_89_length_3084_cov_26.894826_1 # 139 # 2397 # -1 # ID=89_1;partial=00;start_type=ATG;rbs_motif=GGAG/GAGG;rbs_spacer=5-10bp;gc_cont=0.435
NODE_4_length_58780_cov_44.203042:45753-46289|+ -            179 1069591at2           -            187     0.011   12.2   0.0   1   1   6.7e-05     0.023   11.2   0.0     3    22    21    40    19    43 0.90 NODE_4_length_58780_cov_44.203042_52 # 45753 # 46289 # 1 # ID=4_52;partial=00;start_type=ATG;rbs_motif=GGAG/GAGG;rbs_spacer=5-10bp;gc_cont=0.385
NODE_1_length_87477_cov_37.319256:75157-76389|- -            411 1069591at2           -            187     0.012   12.2   0.2   1   2         3     1e+03   -3.9   0.1    48    72    72    96    71    99 0.73 NODE_1_length_87477_cov_37.319256_78 # 75157 # 76389 # -1 # ID=1_78;partial=00;start_type=ATG;rbs_motif=GGA/GAG/AGG;rbs_spacer=5-10bp;gc_cont=0.428
NODE_1_length_87477_cov_37.319256:75157-76389|- -            411 1069591at2           -            187     0.012   12.2   0.2   2   2   0.00011     0.037   10.6   0.0     2    22   115   135   114   140 0.90 NODE_1_length_87477_cov_37.319256_78 # 75157 # 76389 # -1 # ID=1_78;partial=00;start_type=ATG;rbs_motif=GGA/GAG/AGG;rbs_spacer=5-10bp;gc_cont=0.428
NODE_32_length_21068_cov_42.846139:5066-7171|-  -            702 1069591at2           -            187     0.029   10.9   3.8   1   3    0.0092       3.2    4.3   0.2     3    29   118   143   117   158 0.85 NODE_32_length_21068_cov_42.846139_7 # 5066 # 7171 # -1 # ID=32_7;partial=00;start_type=ATG;rbs_motif=GGAG/GAGG;rbs_spacer=5-10bp;gc_cont=0.427
NODE_32_length_21068_cov_42.846139:5066-7171|-  -            702 1069591at2           -            187     0.029   10.9   3.8   2   3       1.3   4.5e+02   -2.8   0.2    97   122   358   383   350   429 0.37 NODE_32_length_21068_cov_42.846139_7 # 5066 # 7171 # -1 # ID=32_7;partial=00;start_type=ATG;rbs_motif=GGAG/GAGG;rbs_spacer=5-10bp;gc_cont=0.427
NODE_32_length_21068_cov_42.846139:5066-7171|-  -            702 1069591at2           -            187     0.029   10.9   3.8   3   3    0.0017       0.6    6.6   0.0     3    22   449   468   447   482 0.83 NODE_32_length_21068_cov_42.846139_7 # 5066 # 7171 # -1 # ID=32_7;partial=00;start_type=ATG;rbs_motif=GGAG/GAGG;rbs_spacer=5-10bp;gc_cont=0.427
#
# Program:         hmmsearch
# Version:         3.4 (Aug 2023)
# Pipeline mode:   SEARCH
# Query file:      /workspaces/project_bioinformatic_01/project_s.pne/busco_downloads/lineages/bacteria_odb10/hmms/1069591at2.hmm
# Target file:     results/busco_results/prodigal_output/predicted_genes/predicted.faa
# Option settings: hmmsearch --domtblout results/busco_results/run_bacteria_odb10/hmmer_output/1069591at2.out --cpu 1 /workspaces/project_bioinformatic_01/project_s.pne/busco_downloads/lineages/bacteria_odb10/hmms/1069591at2.hmm results/busco_results/prodigal_output/predicted_genes/predicted.faa 
# Current dir:     /workspaces/project_bioinformatic_01/project_s.pne
# Date:            Mon Mar 30 07:39:45 2026
# [ok]
