#                                                                                                        --- full sequence --- -------------- this domain -------------   hmm coord   ali coord   env coord
# target name                                    accession   tlen query name           accession   qlen   E-value  score  bias   #  of  c-Evalue  i-Evalue  score  bias  from    to  from    to  from    to  acc description of target
#                            ------------------- ---------- ----- -------------------- ---------- ----- --------- ------ ----- --- --- --------- --------- ------ ----- ----- ----- ----- ----- ----- ----- ---- ---------------------
NODE_62_length_10542_cov_33.476140:3435-4787|+   -            451 1093223at2           -            361   7.9e-92  305.3   0.4   1   1   9.9e-94   2.3e-91  303.8   0.4     2   359     9   449     8   450 0.83 NODE_62_length_10542_cov_33.476140_4 # 3435 # 4787 # 1 # ID=62_4;partial=00;start_type=ATG;rbs_motif=GGAG/GAGG;rbs_spacer=5-10bp;gc_cont=0.446
NODE_1_length_87477_cov_37.319256:40610-42055|+  -            482 1093223at2           -            361   2.1e-12   44.0   0.1   1   2   1.9e-05    0.0044   13.3   0.0    72    98   110   136    85   141 0.84 NODE_1_length_87477_cov_37.319256_40 # 40610 # 42055 # 1 # ID=1_40;partial=00;start_type=ATG;rbs_motif=None;rbs_spacer=None;gc_cont=0.427
NODE_1_length_87477_cov_37.319256:40610-42055|+  -            482 1093223at2           -            361   2.1e-12   44.0   0.1   2   2   5.3e-10   1.2e-07   28.3   0.0   112   252   174   343   169   394 0.77 NODE_1_length_87477_cov_37.319256_40 # 40610 # 42055 # 1 # ID=1_40;partial=00;start_type=ATG;rbs_motif=None;rbs_spacer=None;gc_cont=0.427
NODE_10_length_45740_cov_50.988381:22040-23413|- -            458 1093223at2           -            361   2.4e-11   40.5   0.5   1   1   4.1e-13   9.4e-11   38.6   0.5    73   265   100   333    90   350 0.77 NODE_10_length_45740_cov_50.988381_21 # 22040 # 23413 # -1 # ID=10_21;partial=00;start_type=ATG;rbs_motif=AGGAG;rbs_spacer=5-10bp;gc_cont=0.421
NODE_1_length_87477_cov_37.319256:27240-28574|-  -            445 1093223at2           -            361   1.4e-09   34.7   0.1   1   2     2e-11   4.6e-09   33.0   0.0    70   255   100   315    78   333 0.77 NODE_1_length_87477_cov_37.319256_31 # 27240 # 28574 # -1 # ID=1_31;partial=00;start_type=ATG;rbs_motif=GGAG/GAGG;rbs_spacer=5-10bp;gc_cont=0.419
NODE_1_length_87477_cov_37.319256:27240-28574|-  -            445 1093223at2           -            361   1.4e-09   34.7   0.1   2   2       1.1   2.4e+02   -2.3   0.0    90   113   390   413   386   419 0.81 NODE_1_length_87477_cov_37.319256_31 # 27240 # 28574 # -1 # ID=1_31;partial=00;start_type=ATG;rbs_motif=GGAG/GAGG;rbs_spacer=5-10bp;gc_cont=0.419
NODE_67_length_8675_cov_33.924193:2422-3765|-    -            448 1093223at2           -            361     2e-08   30.9   2.2   1   2   2.6e-08   6.1e-06   22.7   2.4    71   153    46   147    37   158 0.71 NODE_67_length_8675_cov_33.924193_4 # 2422 # 3765 # -1 # ID=67_4;partial=00;start_type=ATG;rbs_motif=None;rbs_spacer=None;gc_cont=0.444
NODE_67_length_8675_cov_33.924193:2422-3765|-    -            448 1093223at2           -            361     2e-08   30.9   2.2   2   2    0.0088         2    4.6   0.0   203   241   262   304   236   318 0.72 NODE_67_length_8675_cov_33.924193_4 # 2422 # 3765 # -1 # ID=67_4;partial=00;start_type=ATG;rbs_motif=None;rbs_spacer=None;gc_cont=0.444
NODE_7_length_53653_cov_41.456862:33327-34577|-  -            417 1093223at2           -            361   0.00064   16.1   0.0   1   2     6e-05     0.014   11.7   0.0    72    96    36    60    21    73 0.80 NODE_7_length_53653_cov_41.456862_50 # 33327 # 34577 # -1 # ID=7_50;partial=00;start_type=ATG;rbs_motif=AGGAG;rbs_spacer=5-10bp;gc_cont=0.438
NODE_7_length_53653_cov_41.456862:33327-34577|-  -            417 1093223at2           -            361   0.00064   16.1   0.0   2   2      0.05        11    2.1   0.0   133   224   156   261   152   292 0.69 NODE_7_length_53653_cov_41.456862_50 # 33327 # 34577 # -1 # ID=7_50;partial=00;start_type=ATG;rbs_motif=AGGAG;rbs_spacer=5-10bp;gc_cont=0.438
NODE_2_length_84815_cov_60.132049:75592-76419|-  -            276 1093223at2           -            361     0.014   11.7   0.0   1   1    0.0001     0.024   10.9   0.0    63    99    23    61     9    65 0.84 NODE_2_length_84815_cov_60.132049_69 # 75592 # 76419 # -1 # ID=2_69;partial=00;start_type=ATG;rbs_motif=3Base/5BMM;rbs_spacer=13-15bp;gc_cont=0.386
NODE_52_length_11614_cov_27.458954:715-1707|+    -            331 1093223at2           -            361     0.015   11.6   0.0   1   1   0.00011     0.024   10.9   0.0    40    97    14    76     4    84 0.87 NODE_52_length_11614_cov_27.458954_2 # 715 # 1707 # 1 # ID=52_2;partial=00;start_type=ATG;rbs_motif=GGAG/GAGG;rbs_spacer=5-10bp;gc_cont=0.433
NODE_66_length_9053_cov_29.540220:5675-6997|+    -            441 1093223at2           -            361     0.017   11.4   0.0   1   2   0.00019     0.044   10.0   0.0    73    98    39    64    27    75 0.87 NODE_66_length_9053_cov_29.540220_6 # 5675 # 6997 # 1 # ID=66_6;partial=00;start_type=ATG;rbs_motif=None;rbs_spacer=None;gc_cont=0.463
NODE_66_length_9053_cov_29.540220:5675-6997|+    -            441 1093223at2           -            361     0.017   11.4   0.0   2   2       1.4   3.2e+02   -2.7   0.0   204   227   252   278   228   325 0.67 NODE_66_length_9053_cov_29.540220_6 # 5675 # 6997 # 1 # ID=66_6;partial=00;start_type=ATG;rbs_motif=None;rbs_spacer=None;gc_cont=0.463
#
# Program:         hmmsearch
# Version:         3.4 (Aug 2023)
# Pipeline mode:   SEARCH
# Query file:      /workspaces/project_bioinformatic_01/project_s.pne/busco_downloads/lineages/bacteria_odb10/hmms/1093223at2.hmm
# Target file:     results/busco_results/prodigal_output/predicted_genes/predicted.faa
# Option settings: hmmsearch --domtblout results/busco_results/run_bacteria_odb10/hmmer_output/1093223at2.out --cpu 1 /workspaces/project_bioinformatic_01/project_s.pne/busco_downloads/lineages/bacteria_odb10/hmms/1093223at2.hmm results/busco_results/prodigal_output/predicted_genes/predicted.faa 
# Current dir:     /workspaces/project_bioinformatic_01/project_s.pne
# Date:            Mon Mar 30 07:39:45 2026
# [ok]
