#                                                                                                        --- full sequence --- -------------- this domain -------------   hmm coord   ali coord   env coord
# target name                                    accession   tlen query name           accession   qlen   E-value  score  bias   #  of  c-Evalue  i-Evalue  score  bias  from    to  from    to  from    to  acc description of target
#                            ------------------- ---------- ----- -------------------- ---------- ----- --------- ------ ----- --- --- --------- --------- ------ ----- ----- ----- ----- ----- ----- ----- ---- ---------------------
NODE_35_length_19242_cov_24.816636:606-2447|-    -            614 143460at2            -            439  5.9e-165  546.1   7.7   1   2   2.1e-84   5.4e-82  272.7   1.8     1   196     8   250     8   265 0.85 NODE_35_length_19242_cov_24.816636_3 # 606 # 2447 # -1 # ID=35_3;partial=00;start_type=ATG;rbs_motif=GGAG/GAGG;rbs_spacer=5-10bp;gc_cont=0.439
NODE_35_length_19242_cov_24.816636:606-2447|-    -            614 143460at2            -            439  5.9e-165  546.1   7.7   2   2   1.1e-83   2.7e-81  270.4   0.4   193   439   272   595   264   595 0.85 NODE_35_length_19242_cov_24.816636_3 # 606 # 2447 # -1 # ID=35_3;partial=00;start_type=ATG;rbs_motif=GGAG/GAGG;rbs_spacer=5-10bp;gc_cont=0.439
NODE_12_length_43458_cov_33.654728:12901-14982|- -            694 143460at2            -            439   4.4e-39  131.3   2.3   1   3   7.4e-30   1.9e-27   93.0   0.0     2   124    11   151    10   162 0.86 NODE_12_length_43458_cov_33.654728_12 # 12901 # 14982 # -1 # ID=12_12;partial=00;start_type=ATG;rbs_motif=AGGAG/GGAGG;rbs_spacer=11-12bp;gc_cont=0.434
NODE_12_length_43458_cov_33.654728:12901-14982|- -            694 143460at2            -            439   4.4e-39  131.3   2.3   2   3   2.5e-09   6.4e-07   25.3   0.1   147   293   299   479   263   485 0.64 NODE_12_length_43458_cov_33.654728_12 # 12901 # 14982 # -1 # ID=12_12;partial=00;start_type=ATG;rbs_motif=AGGAG/GGAGG;rbs_spacer=11-12bp;gc_cont=0.434
NODE_12_length_43458_cov_33.654728:12901-14982|- -            694 143460at2            -            439   4.4e-39  131.3   2.3   3   3    0.0042       1.1    4.8   0.1   288   346   599   666   595   670 0.74 NODE_12_length_43458_cov_33.654728_12 # 12901 # 14982 # -1 # ID=12_12;partial=00;start_type=ATG;rbs_motif=AGGAG/GGAGG;rbs_spacer=11-12bp;gc_cont=0.434
NODE_46_length_14931_cov_25.654350:12136-13959|+ -            608 143460at2            -            439     3e-36  122.0   4.0   1   3   1.2e-37   3.2e-35  118.6   2.0     1   206    13   250    13   278 0.80 NODE_46_length_14931_cov_25.654350_16 # 12136 # 13959 # 1 # ID=46_16;partial=00;start_type=ATG;rbs_motif=AGGA;rbs_spacer=5-10bp;gc_cont=0.441
NODE_46_length_14931_cov_25.654350:12136-13959|+ -            608 143460at2            -            439     3e-36  122.0   4.0   2   3     0.049        13    1.3   0.0   268   302   353   388   331   398 0.84 NODE_46_length_14931_cov_25.654350_16 # 12136 # 13959 # 1 # ID=46_16;partial=00;start_type=ATG;rbs_motif=AGGA;rbs_spacer=5-10bp;gc_cont=0.441
NODE_46_length_14931_cov_25.654350:12136-13959|+ -            608 143460at2            -            439     3e-36  122.0   4.0   3   3      0.16        41   -0.4   0.0   288   328   408   448   403   477 0.70 NODE_46_length_14931_cov_25.654350_16 # 12136 # 13959 # 1 # ID=46_16;partial=00;start_type=ATG;rbs_motif=AGGA;rbs_spacer=5-10bp;gc_cont=0.441
NODE_1_length_87477_cov_37.319256:522-1718|-     -            399 143460at2            -            439   9.4e-20   67.6   1.5   1   1   1.2e-21   3.1e-19   65.9   1.5     3   205    14   263    12   267 0.68 NODE_1_length_87477_cov_37.319256_2 # 522 # 1718 # -1 # ID=1_2;partial=00;start_type=ATG;rbs_motif=AGGAG/GGAGG;rbs_spacer=11-12bp;gc_cont=0.442
NODE_65_length_9375_cov_31.375973:688-3480|-     -            931 143460at2            -            439   3.5e-19   65.7   1.1   1   2   1.4e-21   3.5e-19   65.7   1.1     4   238   437   681   435   707 0.66 NODE_65_length_9375_cov_31.375973_2 # 688 # 3480 # -1 # ID=65_2;partial=00;start_type=TTG;rbs_motif=AGGAGG;rbs_spacer=5-10bp;gc_cont=0.449
NODE_65_length_9375_cov_31.375973:688-3480|-     -            931 143460at2            -            439   3.5e-19   65.7   1.1   2   2       1.2   3.1e+02   -3.3   0.5   164   190   847   873   732   878 0.54 NODE_65_length_9375_cov_31.375973_2 # 688 # 3480 # -1 # ID=65_2;partial=00;start_type=TTG;rbs_motif=AGGAGG;rbs_spacer=5-10bp;gc_cont=0.449
NODE_8_length_50138_cov_30.859471:9679-11223|-   -            515 143460at2            -            439   6.6e-19   64.8   0.0   1   2   9.7e-21   2.5e-18   62.9   0.0     2   123    11   154    10   164 0.78 NODE_8_length_50138_cov_30.859471_11 # 9679 # 11223 # -1 # ID=8_11;partial=00;start_type=ATG;rbs_motif=GGA/GAG/AGG;rbs_spacer=5-10bp;gc_cont=0.456
NODE_8_length_50138_cov_30.859471:9679-11223|-   -            515 143460at2            -            439   6.6e-19   64.8   0.0   2   2      0.48   1.2e+02   -2.0   0.0   170   207   302   339   290   346 0.81 NODE_8_length_50138_cov_30.859471_11 # 9679 # 11223 # -1 # ID=8_11;partial=00;start_type=ATG;rbs_motif=GGA/GAG/AGG;rbs_spacer=5-10bp;gc_cont=0.456
NODE_5_length_58022_cov_31.473806:23498-24397|-  -            300 143460at2            -            439   4.4e-08   29.1   0.8   1   2   1.7e-10   4.4e-08   29.1   0.8     4   140     8   153     6   175 0.81 NODE_5_length_58022_cov_31.473806_27 # 23498 # 24397 # -1 # ID=5_27;partial=00;start_type=ATG;rbs_motif=GGAG/GAGG;rbs_spacer=5-10bp;gc_cont=0.438
NODE_5_length_58022_cov_31.473806:23498-24397|-  -            300 143460at2            -            439   4.4e-08   29.1   0.8   2   2      0.85   2.2e+02   -2.8   0.2   272   307   210   244   191   259 0.65 NODE_5_length_58022_cov_31.473806_27 # 23498 # 24397 # -1 # ID=5_27;partial=00;start_type=ATG;rbs_motif=GGAG/GAGG;rbs_spacer=5-10bp;gc_cont=0.438
NODE_6_length_54752_cov_38.580741:39557-40867|+  -            437 143460at2            -            439   4.1e-07   25.9   0.7   1   2   2.4e-07   6.3e-05   18.7   0.1     4   153     6   165     3   190 0.68 NODE_6_length_54752_cov_38.580741_42 # 39557 # 40867 # 1 # ID=6_42;partial=00;start_type=ATG;rbs_motif=GGA/GAG/AGG;rbs_spacer=5-10bp;gc_cont=0.430
NODE_6_length_54752_cov_38.580741:39557-40867|+  -            437 143460at2            -            439   4.1e-07   25.9   0.7   2   2    0.0021      0.54    5.8   0.1    70   152   253   344   246   370 0.68 NODE_6_length_54752_cov_38.580741_42 # 39557 # 40867 # 1 # ID=6_42;partial=00;start_type=ATG;rbs_motif=GGA/GAG/AGG;rbs_spacer=5-10bp;gc_cont=0.430
#
# Program:         hmmsearch
# Version:         3.4 (Aug 2023)
# Pipeline mode:   SEARCH
# Query file:      /workspaces/project_bioinformatic_01/project_s.pne/busco_downloads/lineages/bacteria_odb10/hmms/143460at2.hmm
# Target file:     results/busco_results/prodigal_output/predicted_genes/predicted.faa
# Option settings: hmmsearch --domtblout results/busco_results/run_bacteria_odb10/hmmer_output/143460at2.out --cpu 1 /workspaces/project_bioinformatic_01/project_s.pne/busco_downloads/lineages/bacteria_odb10/hmms/143460at2.hmm results/busco_results/prodigal_output/predicted_genes/predicted.faa 
# Current dir:     /workspaces/project_bioinformatic_01/project_s.pne
# Date:            Mon Mar 30 07:39:45 2026
# [ok]
