#                                                                                                        --- full sequence --- -------------- this domain -------------   hmm coord   ali coord   env coord
# target name                                    accession   tlen query name           accession   qlen   E-value  score  bias   #  of  c-Evalue  i-Evalue  score  bias  from    to  from    to  from    to  acc description of target
#                            ------------------- ---------- ----- -------------------- ---------- ----- --------- ------ ----- --- --- --------- --------- ------ ----- ----- ----- ----- ----- ----- ----- ---- ---------------------
NODE_35_length_19242_cov_24.816636:7701-8939|-   -            413 1592033at2           -            393  8.8e-135  446.6   6.6   1   1  7.2e-137  1.1e-134  446.3   6.6     3   383     3   390     1   398 0.92 NODE_35_length_19242_cov_24.816636_12 # 7701 # 8939 # -1 # ID=35_12;partial=00;start_type=ATG;rbs_motif=AGGAG;rbs_spacer=5-10bp;gc_cont=0.452
NODE_6_length_54752_cov_38.580741:39557-40867|+  -            437 1592033at2           -            393   1.4e-19   67.3   0.0   1   2   7.4e-12   1.1e-09   34.8   0.0   194   353     3   166     1   172 0.85 NODE_6_length_54752_cov_38.580741_42 # 39557 # 40867 # 1 # ID=6_42;partial=00;start_type=ATG;rbs_motif=GGA/GAG/AGG;rbs_spacer=5-10bp;gc_cont=0.430
NODE_6_length_54752_cov_38.580741:39557-40867|+  -            437 1592033at2           -            393   1.4e-19   67.3   0.0   2   2   3.1e-10   4.6e-08   29.4   0.1   193   357   173   354   166   370 0.77 NODE_6_length_54752_cov_38.580741_42 # 39557 # 40867 # 1 # ID=6_42;partial=00;start_type=ATG;rbs_motif=GGA/GAG/AGG;rbs_spacer=5-10bp;gc_cont=0.430
NODE_27_length_25413_cov_34.255240:10854-12227|+ -            458 1592033at2           -            393   4.8e-13   45.8   4.4   1   2      0.68     1e+02   -1.4   0.1   328   379   146   199   126   210 0.43 NODE_27_length_25413_cov_34.255240_13 # 10854 # 12227 # 1 # ID=27_13;partial=00;start_type=ATG;rbs_motif=AGGA;rbs_spacer=5-10bp;gc_cont=0.445
NODE_27_length_25413_cov_34.255240:10854-12227|+ -            458 1592033at2           -            393   4.8e-13   45.8   4.4   2   2   3.2e-15   4.8e-13   45.8   4.4   165   355   196   381   189   414 0.78 NODE_27_length_25413_cov_34.255240_13 # 10854 # 12227 # 1 # ID=27_13;partial=00;start_type=ATG;rbs_motif=AGGA;rbs_spacer=5-10bp;gc_cont=0.445
NODE_5_length_58022_cov_31.473806:23498-24397|-  -            300 1592033at2           -            393   9.1e-13   44.9   0.1   1   1   9.4e-15   1.4e-12   44.3   0.1   197   352     8   171     4   209 0.80 NODE_5_length_58022_cov_31.473806_27 # 23498 # 24397 # -1 # ID=5_27;partial=00;start_type=ATG;rbs_motif=GGAG/GAGG;rbs_spacer=5-10bp;gc_cont=0.438
NODE_14_length_41524_cov_31.922120:25270-26580|- -            437 1592033at2           -            393   8.2e-11   38.4   0.0   1   1   8.5e-13   1.3e-10   37.8   0.0   194   358   160   345   147   373 0.81 NODE_14_length_41524_cov_31.922120_32 # 25270 # 26580 # -1 # ID=14_32;partial=00;start_type=ATG;rbs_motif=GGA/GAG/AGG;rbs_spacer=5-10bp;gc_cont=0.435
NODE_47_length_14503_cov_75.816708:10146-11261|- -            372 1592033at2           -            393   2.5e-10   36.9   3.2   1   3   1.4e-11   2.1e-09   33.8   0.0   197   242     5    51     2    59 0.90 NODE_47_length_14503_cov_75.816708_10 # 10146 # 11261 # -1 # ID=47_10;partial=00;start_type=ATG;rbs_motif=GGAG/GAGG;rbs_spacer=5-10bp;gc_cont=0.401
NODE_47_length_14503_cov_75.816708:10146-11261|- -            372 1592033at2           -            393   2.5e-10   36.9   3.2   2   3      0.73   1.1e+02   -1.4   0.1   268   292    92   116    90   197 0.61 NODE_47_length_14503_cov_75.816708_10 # 10146 # 11261 # -1 # ID=47_10;partial=00;start_type=ATG;rbs_motif=GGAG/GAGG;rbs_spacer=5-10bp;gc_cont=0.401
NODE_47_length_14503_cov_75.816708:10146-11261|- -            372 1592033at2           -            393   2.5e-10   36.9   3.2   3   3     0.038       5.6    2.8   0.3   314   346   224   259   177   279 0.72 NODE_47_length_14503_cov_75.816708_10 # 10146 # 11261 # -1 # ID=47_10;partial=00;start_type=ATG;rbs_motif=GGAG/GAGG;rbs_spacer=5-10bp;gc_cont=0.401
NODE_74_length_6351_cov_34.772976:2575-3426|-    -            284 1592033at2           -            393   1.7e-08   30.8   0.7   1   2   3.2e-05    0.0047   12.9   0.2   293   346    40    88     4   116 0.60 NODE_74_length_6351_cov_34.772976_3 # 2575 # 3426 # -1 # ID=74_3;partial=00;start_type=ATG;rbs_motif=AGGA;rbs_spacer=5-10bp;gc_cont=0.419
NODE_74_length_6351_cov_34.772976:2575-3426|-    -            284 1592033at2           -            393   1.7e-08   30.8   0.7   2   2   1.5e-06   0.00023   17.2   0.2   175   219   103   146    94   152 0.72 NODE_74_length_6351_cov_34.772976_3 # 2575 # 3426 # -1 # ID=74_3;partial=00;start_type=ATG;rbs_motif=AGGA;rbs_spacer=5-10bp;gc_cont=0.419
NODE_6_length_54752_cov_38.580741:2098-3204|+    -            369 1592033at2           -            393   2.9e-06   23.5   0.2   1   2     0.072        11    1.9   0.0   298   347    93   158    61   165 0.55 NODE_6_length_54752_cov_38.580741_4 # 2098 # 3204 # 1 # ID=6_4;partial=00;start_type=ATG;rbs_motif=AGGA;rbs_spacer=5-10bp;gc_cont=0.447
NODE_6_length_54752_cov_38.580741:2098-3204|+    -            369 1592033at2           -            393   2.9e-06   23.5   0.2   2   2   1.2e-07   1.8e-05   20.9   0.1   174   253   148   225   142   235 0.73 NODE_6_length_54752_cov_38.580741_4 # 2098 # 3204 # 1 # ID=6_4;partial=00;start_type=ATG;rbs_motif=AGGA;rbs_spacer=5-10bp;gc_cont=0.447
NODE_46_length_14931_cov_25.654350:12136-13959|+ -            608 1592033at2           -            393   1.9e-05   20.8   0.0   1   2    0.0056      0.83    5.5   0.0   188   219     7    39     3    60 0.83 NODE_46_length_14931_cov_25.654350_16 # 12136 # 13959 # 1 # ID=46_16;partial=00;start_type=ATG;rbs_motif=AGGA;rbs_spacer=5-10bp;gc_cont=0.441
NODE_46_length_14931_cov_25.654350:12136-13959|+ -            608 1592033at2           -            393   1.9e-05   20.8   0.0   2   2     3e-05    0.0044   13.0   0.0   279   370   110   209   102   221 0.75 NODE_46_length_14931_cov_25.654350_16 # 12136 # 13959 # 1 # ID=46_16;partial=00;start_type=ATG;rbs_motif=AGGA;rbs_spacer=5-10bp;gc_cont=0.441
NODE_11_length_43941_cov_46.991806:33060-34091|+ -            344 1592033at2           -            393   2.6e-05   20.3   0.1   1   2     0.022       3.3    3.5   0.0   195   215    78    98    64   110 0.85 NODE_11_length_43941_cov_46.991806_33 # 33060 # 34091 # 1 # ID=11_33;partial=00;start_type=ATG;rbs_motif=GGA/GAG/AGG;rbs_spacer=5-10bp;gc_cont=0.437
NODE_11_length_43941_cov_46.991806:33060-34091|+ -            344 1592033at2           -            393   2.6e-05   20.3   0.1   2   2   1.5e-05    0.0022   14.0   0.0   195   248   128   184   119   196 0.77 NODE_11_length_43941_cov_46.991806_33 # 33060 # 34091 # 1 # ID=11_33;partial=00;start_type=ATG;rbs_motif=GGA/GAG/AGG;rbs_spacer=5-10bp;gc_cont=0.437
NODE_1_length_87477_cov_37.319256:74561-75148|-  -            196 1592033at2           -            393   9.6e-05   18.5   0.1   1   2   5.9e-06   0.00087   15.3   0.0   191   221    22    52     4    55 0.86 NODE_1_length_87477_cov_37.319256_77 # 74561 # 75148 # -1 # ID=1_77;partial=00;start_type=ATG;rbs_motif=GGAG/GAGG;rbs_spacer=5-10bp;gc_cont=0.440
NODE_1_length_87477_cov_37.319256:74561-75148|-  -            196 1592033at2           -            393   9.6e-05   18.5   0.1   2   2      0.11        17    1.2   0.0   304   346   136   191   106   195 0.59 NODE_1_length_87477_cov_37.319256_77 # 74561 # 75148 # -1 # ID=1_77;partial=00;start_type=ATG;rbs_motif=GGAG/GAGG;rbs_spacer=5-10bp;gc_cont=0.440
NODE_3_length_67049_cov_34.215385:1654-3402|-    -            583 1592033at2           -            393    0.0021   14.1   0.2   1   2   3.7e-05    0.0055   12.7   0.0   196   216   370   390   367   402 0.87 NODE_3_length_67049_cov_34.215385_3 # 1654 # 3402 # -1 # ID=3_3;partial=00;start_type=ATG;rbs_motif=AGGAGG;rbs_spacer=5-10bp;gc_cont=0.428
NODE_3_length_67049_cov_34.215385:1654-3402|-    -            583 1592033at2           -            393    0.0021   14.1   0.2   2   2       1.7   2.5e+02   -2.7   0.1   267   289   537   559   532   565 0.77 NODE_3_length_67049_cov_34.215385_3 # 1654 # 3402 # -1 # ID=3_3;partial=00;start_type=ATG;rbs_motif=AGGAGG;rbs_spacer=5-10bp;gc_cont=0.428
NODE_48_length_14454_cov_31.336218:7889-9640|+   -            584 1592033at2           -            393    0.0052   12.7   0.2   1   2      0.14        21    0.9   0.1   258   341   157   246   144   260 0.66 NODE_48_length_14454_cov_31.336218_11 # 7889 # 9640 # 1 # ID=48_11;partial=00;start_type=ATG;rbs_motif=AGGAG;rbs_spacer=5-10bp;gc_cont=0.443
NODE_48_length_14454_cov_31.336218:7889-9640|+   -            584 1592033at2           -            393    0.0052   12.7   0.2   2   2    0.0004     0.059    9.3   0.0   196   218   369   391   364   401 0.86 NODE_48_length_14454_cov_31.336218_11 # 7889 # 9640 # 1 # ID=48_11;partial=00;start_type=ATG;rbs_motif=AGGAG;rbs_spacer=5-10bp;gc_cont=0.443
NODE_20_length_34569_cov_27.645636:23435-23788|+ -            118 1592033at2           -            393    0.0081   12.1   0.0   1   1   7.3e-05     0.011   11.7   0.0   196   217     2    23     1    35 0.85 NODE_20_length_34569_cov_27.645636_27 # 23435 # 23788 # 1 # ID=20_27;partial=00;start_type=ATG;rbs_motif=GGA/GAG/AGG;rbs_spacer=5-10bp;gc_cont=0.398
#
# Program:         hmmsearch
# Version:         3.4 (Aug 2023)
# Pipeline mode:   SEARCH
# Query file:      /workspaces/project_bioinformatic_01/project_s.pne/busco_downloads/lineages/bacteria_odb10/hmms/1592033at2.hmm
# Target file:     results/busco_results/prodigal_output/predicted_genes/predicted.faa
# Option settings: hmmsearch --domtblout results/busco_results/run_bacteria_odb10/hmmer_output/1592033at2.out --cpu 1 /workspaces/project_bioinformatic_01/project_s.pne/busco_downloads/lineages/bacteria_odb10/hmms/1592033at2.hmm results/busco_results/prodigal_output/predicted_genes/predicted.faa 
# Current dir:     /workspaces/project_bioinformatic_01/project_s.pne
# Date:            Mon Mar 30 07:39:45 2026
# [ok]
