#                                                                                                        --- full sequence --- -------------- this domain -------------   hmm coord   ali coord   env coord
# target name                                    accession   tlen query name           accession   qlen   E-value  score  bias   #  of  c-Evalue  i-Evalue  score  bias  from    to  from    to  from    to  acc description of target
#                            ------------------- ---------- ----- -------------------- ---------- ----- --------- ------ ----- --- --- --------- --------- ------ ----- ----- ----- ----- ----- ----- ----- ---- ---------------------
NODE_46_length_14931_cov_25.654350:12136-13959|+ -            608 182107at2            -            492  1.7e-224  742.6  11.5   1   1    7e-226  1.8e-223  739.2  11.5     1   492    13   605    13   605 0.89 NODE_46_length_14931_cov_25.654350_16 # 12136 # 13959 # 1 # ID=46_16;partial=00;start_type=ATG;rbs_motif=AGGA;rbs_spacer=5-10bp;gc_cont=0.441
NODE_35_length_19242_cov_24.816636:606-2447|-    -            614 182107at2            -            492     1e-42  143.1   3.7   1   2   4.6e-40   1.2e-37  126.4   2.3     1   237     8   288     8   314 0.77 NODE_35_length_19242_cov_24.816636_3 # 606 # 2447 # -1 # ID=35_3;partial=00;start_type=ATG;rbs_motif=GGAG/GAGG;rbs_spacer=5-10bp;gc_cont=0.439
NODE_35_length_19242_cov_24.816636:606-2447|-    -            614 182107at2            -            492     1e-42  143.1   3.7   2   2   6.9e-06    0.0018   13.6   0.0   285   355   367   434   347   437 0.89 NODE_35_length_19242_cov_24.816636_3 # 606 # 2447 # -1 # ID=35_3;partial=00;start_type=ATG;rbs_motif=GGAG/GAGG;rbs_spacer=5-10bp;gc_cont=0.439
NODE_12_length_43458_cov_33.654728:12901-14982|- -            694 182107at2            -            492   2.3e-35  118.8   0.3   1   4   1.3e-26   3.5e-24   81.9   0.1     2   117    11   144    10   164 0.82 NODE_12_length_43458_cov_33.654728_12 # 12901 # 14982 # -1 # ID=12_12;partial=00;start_type=ATG;rbs_motif=AGGAG/GGAGG;rbs_spacer=11-12bp;gc_cont=0.434
NODE_12_length_43458_cov_33.654728:12901-14982|- -            694 182107at2            -            492   2.3e-35  118.8   0.3   2   4      0.77     2e+02   -3.0   0.0   134   159   257   282   249   294 0.85 NODE_12_length_43458_cov_33.654728_12 # 12901 # 14982 # -1 # ID=12_12;partial=00;start_type=ATG;rbs_motif=AGGAG/GGAGG;rbs_spacer=11-12bp;gc_cont=0.434
NODE_12_length_43458_cov_33.654728:12901-14982|- -            694 182107at2            -            492   2.3e-35  118.8   0.3   3   4   2.1e-08   5.4e-06   21.9   0.0   159   314   305   482   296   493 0.64 NODE_12_length_43458_cov_33.654728_12 # 12901 # 14982 # -1 # ID=12_12;partial=00;start_type=ATG;rbs_motif=AGGAG/GGAGG;rbs_spacer=11-12bp;gc_cont=0.434
NODE_12_length_43458_cov_33.654728:12901-14982|- -            694 182107at2            -            492   2.3e-35  118.8   0.3   4   4   0.00086      0.22    6.7   0.0   321   350   598   627   583   634 0.91 NODE_12_length_43458_cov_33.654728_12 # 12901 # 14982 # -1 # ID=12_12;partial=00;start_type=ATG;rbs_motif=AGGAG/GGAGG;rbs_spacer=11-12bp;gc_cont=0.434
NODE_8_length_50138_cov_30.859471:9679-11223|-   -            515 182107at2            -            492   5.3e-28   94.5   0.1   1   2   3.3e-24   8.5e-22   74.1   0.0     2   131    11   162    10   168 0.83 NODE_8_length_50138_cov_30.859471_11 # 9679 # 11223 # -1 # ID=8_11;partial=00;start_type=ATG;rbs_motif=GGA/GAG/AGG;rbs_spacer=5-10bp;gc_cont=0.456
NODE_8_length_50138_cov_30.859471:9679-11223|-   -            515 182107at2            -            492   5.3e-28   94.5   0.1   2   2   1.2e-05     0.003   12.9   0.0   206   307   349   454   215   492 0.77 NODE_8_length_50138_cov_30.859471_11 # 9679 # 11223 # -1 # ID=8_11;partial=00;start_type=ATG;rbs_motif=GGA/GAG/AGG;rbs_spacer=5-10bp;gc_cont=0.456
NODE_65_length_9375_cov_31.375973:688-3480|-     -            931 182107at2            -            492     5e-24   81.4   1.3   1   2   1.9e-26     5e-24   81.4   1.3     5   199   438   645   436   663 0.81 NODE_65_length_9375_cov_31.375973_2 # 688 # 3480 # -1 # ID=65_2;partial=00;start_type=TTG;rbs_motif=AGGAGG;rbs_spacer=5-10bp;gc_cont=0.449
NODE_65_length_9375_cov_31.375973:688-3480|-     -            931 182107at2            -            492     5e-24   81.4   1.3   2   2      0.27        69   -1.5   0.3   164   202   840   879   807   915 0.68 NODE_65_length_9375_cov_31.375973_2 # 688 # 3480 # -1 # ID=65_2;partial=00;start_type=TTG;rbs_motif=AGGAGG;rbs_spacer=5-10bp;gc_cont=0.449
NODE_1_length_87477_cov_37.319256:522-1718|-     -            399 182107at2            -            492     2e-15   53.1   1.7   1   1   2.1e-17   5.4e-15   51.6   1.7     3   200    14   252    13   277 0.71 NODE_1_length_87477_cov_37.319256_2 # 522 # 1718 # -1 # ID=1_2;partial=00;start_type=ATG;rbs_motif=AGGAG/GGAGG;rbs_spacer=11-12bp;gc_cont=0.442
NODE_6_length_54752_cov_38.580741:39557-40867|+  -            437 182107at2            -            492     2e-09   33.3   0.8   1   2   1.7e-07   4.3e-05   19.0   0.1     5   158     7   166     4   175 0.71 NODE_6_length_54752_cov_38.580741_42 # 39557 # 40867 # 1 # ID=6_42;partial=00;start_type=ATG;rbs_motif=GGA/GAG/AGG;rbs_spacer=5-10bp;gc_cont=0.430
NODE_6_length_54752_cov_38.580741:39557-40867|+  -            437 182107at2            -            492     2e-09   33.3   0.8   2   2     1e-05    0.0027   13.1   0.1     4   168   177   365   174   369 0.59 NODE_6_length_54752_cov_38.580741_42 # 39557 # 40867 # 1 # ID=6_42;partial=00;start_type=ATG;rbs_motif=GGA/GAG/AGG;rbs_spacer=5-10bp;gc_cont=0.430
NODE_24_length_27353_cov_40.659002:8843-9721|+   -            293 182107at2            -            492    0.0016   13.7   0.0   1   1   9.2e-06    0.0024   13.2   0.0    12    68   160   220   153   227 0.87 NODE_24_length_27353_cov_40.659002_12 # 8843 # 9721 # 1 # ID=24_12;partial=00;start_type=ATG;rbs_motif=AGGA;rbs_spacer=5-10bp;gc_cont=0.436
#
# Program:         hmmsearch
# Version:         3.4 (Aug 2023)
# Pipeline mode:   SEARCH
# Query file:      /workspaces/project_bioinformatic_01/project_s.pne/busco_downloads/lineages/bacteria_odb10/hmms/182107at2.hmm
# Target file:     results/busco_results/prodigal_output/predicted_genes/predicted.faa
# Option settings: hmmsearch --domtblout results/busco_results/run_bacteria_odb10/hmmer_output/182107at2.out --cpu 1 /workspaces/project_bioinformatic_01/project_s.pne/busco_downloads/lineages/bacteria_odb10/hmms/182107at2.hmm results/busco_results/prodigal_output/predicted_genes/predicted.faa 
# Current dir:     /workspaces/project_bioinformatic_01/project_s.pne
# Date:            Mon Mar 30 07:39:46 2026
# [ok]
