#                                                                                                        --- full sequence --- -------------- this domain -------------   hmm coord   ali coord   env coord
# target name                                    accession   tlen query name           accession   qlen   E-value  score  bias   #  of  c-Evalue  i-Evalue  score  bias  from    to  from    to  from    to  acc description of target
#                            ------------------- ---------- ----- -------------------- ---------- ----- --------- ------ ----- --- --- --------- --------- ------ ----- ----- ----- ----- ----- ----- ----- ---- ---------------------
NODE_11_length_43941_cov_46.991806:14348-14791|+ -            148 1827295at2           -             74   4.4e-21   71.5   0.0   1   1   1.1e-22     1e-20   70.4   0.0     5    73    11   102     7   103 0.80 NODE_11_length_43941_cov_46.991806_11 # 14348 # 14791 # 1 # ID=11_11;partial=00;start_type=ATG;rbs_motif=None;rbs_spacer=None;gc_cont=0.394
NODE_89_length_3084_cov_26.894826:139-2397|-     -            753 1827295at2           -             74   2.7e-06   24.2   0.3   1   3    0.0068      0.63    6.9   0.0    12    33   155   177   144   182 0.84 NODE_89_length_3084_cov_26.894826_1 # 139 # 2397 # -1 # ID=89_1;partial=00;start_type=ATG;rbs_motif=GGAG/GAGG;rbs_spacer=5-10bp;gc_cont=0.435
NODE_89_length_3084_cov_26.894826:139-2397|-     -            753 1827295at2           -             74   2.7e-06   24.2   0.3   2   3    0.0027      0.25    8.2   0.0    11    35   483   507   468   513 0.84 NODE_89_length_3084_cov_26.894826_1 # 139 # 2397 # -1 # ID=89_1;partial=00;start_type=ATG;rbs_motif=GGAG/GAGG;rbs_spacer=5-10bp;gc_cont=0.435
NODE_89_length_3084_cov_26.894826:139-2397|-     -            753 1827295at2           -             74   2.7e-06   24.2   0.3   3   3     0.033       3.1    4.8   0.1     4    38   589   623   583   625 0.84 NODE_89_length_3084_cov_26.894826_1 # 139 # 2397 # -1 # ID=89_1;partial=00;start_type=ATG;rbs_motif=GGAG/GAGG;rbs_spacer=5-10bp;gc_cont=0.435
NODE_2_length_84815_cov_60.132049:51430-53862|-  -            811 1827295at2           -             74   4.6e-05   20.2   0.4   1   3    0.0031      0.29    8.0   0.0    12    33   231   253   218   259 0.83 NODE_2_length_84815_cov_60.132049_44 # 51430 # 53862 # -1 # ID=2_44;partial=00;start_type=ATG;rbs_motif=GGA/GAG/AGG;rbs_spacer=5-10bp;gc_cont=0.457
NODE_2_length_84815_cov_60.132049:51430-53862|-  -            811 1827295at2           -             74   4.6e-05   20.2   0.4   2   3     0.006      0.56    7.1   0.0    11    32   545   566   531   571 0.86 NODE_2_length_84815_cov_60.132049_44 # 51430 # 53862 # -1 # ID=2_44;partial=00;start_type=ATG;rbs_motif=GGA/GAG/AGG;rbs_spacer=5-10bp;gc_cont=0.457
NODE_2_length_84815_cov_60.132049:51430-53862|-  -            811 1827295at2           -             74   4.6e-05   20.2   0.4   3   3      0.67        63    0.5   0.1    11    23   784   796   771   806 0.81 NODE_2_length_84815_cov_60.132049_44 # 51430 # 53862 # -1 # ID=2_44;partial=00;start_type=ATG;rbs_motif=GGA/GAG/AGG;rbs_spacer=5-10bp;gc_cont=0.457
NODE_11_length_43941_cov_46.991806:33060-34091|+ -            344 1827295at2           -             74   4.6e-05   20.2   0.0   1   2    0.0042       0.4    7.6   0.0     8    28    75    97    62   105 0.79 NODE_11_length_43941_cov_46.991806_33 # 33060 # 34091 # 1 # ID=11_33;partial=00;start_type=ATG;rbs_motif=GGA/GAG/AGG;rbs_spacer=5-10bp;gc_cont=0.437
NODE_11_length_43941_cov_46.991806:33060-34091|+ -            344 1827295at2           -             74   4.6e-05   20.2   0.0   2   2   0.00076     0.072   10.0   0.0     9    30   128   149   118   154 0.78 NODE_11_length_43941_cov_46.991806_33 # 33060 # 34091 # 1 # ID=11_33;partial=00;start_type=ATG;rbs_motif=GGA/GAG/AGG;rbs_spacer=5-10bp;gc_cont=0.437
NODE_32_length_21068_cov_42.846139:5066-7171|-   -            702 1827295at2           -             74     5e-05   20.1   0.1   1   2   0.00044     0.041   10.7   0.0    12    36   118   143   103   146 0.81 NODE_32_length_21068_cov_42.846139_7 # 5066 # 7171 # -1 # ID=32_7;partial=00;start_type=ATG;rbs_motif=GGAG/GAGG;rbs_spacer=5-10bp;gc_cont=0.427
NODE_32_length_21068_cov_42.846139:5066-7171|-   -            702 1827295at2           -             74     5e-05   20.1   0.1   2   2    0.0084      0.79    6.6   0.0    11    31   448   468   430   473 0.84 NODE_32_length_21068_cov_42.846139_7 # 5066 # 7171 # -1 # ID=32_7;partial=00;start_type=ATG;rbs_motif=GGAG/GAGG;rbs_spacer=5-10bp;gc_cont=0.427
NODE_17_length_39131_cov_34.862373:32796-34367|- -            524 1827295at2           -             74    0.0015   15.4   0.5   1   1   5.5e-05    0.0052   13.6   0.0     5    34    93   127    84   141 0.83 NODE_17_length_39131_cov_34.862373_34 # 32796 # 34367 # -1 # ID=17_34;partial=00;start_type=ATG;rbs_motif=GGAG/GAGG;rbs_spacer=5-10bp;gc_cont=0.432
NODE_59_length_10837_cov_34.631746:94-1995|+     -            634 1827295at2           -             74    0.0017   15.2   0.0   1   2    0.0097      0.91    6.4   0.0     9    28    30    49    18    56 0.81 NODE_59_length_10837_cov_34.631746_1 # 94 # 1995 # 1 # ID=59_1;partial=00;start_type=ATG;rbs_motif=None;rbs_spacer=None;gc_cont=0.416
NODE_59_length_10837_cov_34.631746:94-1995|+     -            634 1827295at2           -             74    0.0017   15.2   0.0   2   2     0.013       1.2    6.0   0.0     9    31   353   375   340   380 0.84 NODE_59_length_10837_cov_34.631746_1 # 94 # 1995 # 1 # ID=59_1;partial=00;start_type=ATG;rbs_motif=None;rbs_spacer=None;gc_cont=0.416
NODE_9_length_48093_cov_44.461139:15429-16370|+  -            314 1827295at2           -             74    0.0031   14.4   0.0   1   1   6.2e-05    0.0058   13.5   0.0     4    32   122   155   119   163 0.78 NODE_9_length_48093_cov_44.461139_15 # 15429 # 16370 # 1 # ID=9_15;partial=00;start_type=ATG;rbs_motif=AGGAGG;rbs_spacer=5-10bp;gc_cont=0.448
NODE_1_length_87477_cov_37.319256:75157-76389|-  -            411 1827295at2           -             74    0.0036   14.1   0.0   1   1   8.7e-05    0.0081   13.0   0.0     8    33   112   137    99   143 0.83 NODE_1_length_87477_cov_37.319256_78 # 75157 # 76389 # -1 # ID=1_78;partial=00;start_type=ATG;rbs_motif=GGA/GAG/AGG;rbs_spacer=5-10bp;gc_cont=0.428
NODE_12_length_43458_cov_33.654728:30924-31895|- -            324 1827295at2           -             74    0.0037   14.1   0.5   1   2   0.00034     0.032   11.1   0.0     8    34    40    69    29    74 0.82 NODE_12_length_43458_cov_33.654728_24 # 30924 # 31895 # -1 # ID=12_24;partial=00;start_type=ATG;rbs_motif=None;rbs_spacer=None;gc_cont=0.462
NODE_12_length_43458_cov_33.654728:30924-31895|- -            324 1827295at2           -             74    0.0037   14.1   0.5   2   2      0.76        71    0.4   0.2    44    66   169   191   167   194 0.83 NODE_12_length_43458_cov_33.654728_24 # 30924 # 31895 # -1 # ID=12_24;partial=00;start_type=ATG;rbs_motif=None;rbs_spacer=None;gc_cont=0.462
NODE_31_length_21827_cov_34.030922:9887-10630|+  -            248 1827295at2           -             74    0.0054   13.6   0.0   1   1   0.00012     0.011   12.5   0.0     8    28    25    47    14    50 0.83 NODE_31_length_21827_cov_34.030922_13 # 9887 # 10630 # 1 # ID=31_13;partial=00;start_type=ATG;rbs_motif=AGGAG;rbs_spacer=5-10bp;gc_cont=0.418
NODE_15_length_41336_cov_35.854134:27095-27835|+ -            247 1827295at2           -             74    0.0071   13.2   0.0   1   1   0.00017     0.016   12.1   0.0     4    38    26    59    19    83 0.75 NODE_15_length_41336_cov_35.854134_25 # 27095 # 27835 # 1 # ID=15_25;partial=00;start_type=ATG;rbs_motif=GGAG/GAGG;rbs_spacer=5-10bp;gc_cont=0.425
NODE_28_length_24325_cov_28.229936:10469-11854|- -            462 1827295at2           -             74    0.0074   13.1   0.0   1   2     0.052       4.9    4.1   0.0     9    30    25    46    15    51 0.85 NODE_28_length_24325_cov_28.229936_12 # 10469 # 11854 # -1 # ID=28_12;partial=00;start_type=ATG;rbs_motif=GGAGG;rbs_spacer=5-10bp;gc_cont=0.431
NODE_28_length_24325_cov_28.229936:10469-11854|- -            462 1827295at2           -             74    0.0074   13.1   0.0   2   2     0.011       1.1    6.2   0.0    11    30   263   282   249   291 0.84 NODE_28_length_24325_cov_28.229936_12 # 10469 # 11854 # -1 # ID=28_12;partial=00;start_type=ATG;rbs_motif=GGAGG;rbs_spacer=5-10bp;gc_cont=0.431
NODE_37_length_18830_cov_30.236647:14038-14517|+ -            160 1827295at2           -             74    0.0089   12.9   0.0   1   1   0.00016     0.015   12.2   0.0     8    28    25    49    15    56 0.81 NODE_37_length_18830_cov_30.236647_19 # 14038 # 14517 # 1 # ID=37_19;partial=00;start_type=ATG;rbs_motif=AGGAGG;rbs_spacer=5-10bp;gc_cont=0.421
NODE_37_length_18830_cov_30.236647:16932-17624|+ -            231 1827295at2           -             74    0.0092   12.8   0.0   1   1   0.00018     0.017   12.0   0.0     9    33    31    55    16    64 0.83 NODE_37_length_18830_cov_30.236647_23 # 16932 # 17624 # 1 # ID=37_23;partial=00;start_type=ATG;rbs_motif=AGGA;rbs_spacer=5-10bp;gc_cont=0.413
NODE_8_length_50138_cov_30.859471:40015-42381|+  -            789 1827295at2           -             74    0.0094   12.8   0.0   1   2   0.00049     0.046   10.6   0.0     8    30   343   368   332   372 0.82 NODE_8_length_50138_cov_30.859471_43 # 40015 # 42381 # 1 # ID=8_43;partial=00;start_type=ATG;rbs_motif=AGGA;rbs_spacer=5-10bp;gc_cont=0.446
NODE_8_length_50138_cov_30.859471:40015-42381|+  -            789 1827295at2           -             74    0.0094   12.8   0.0   2   2       5.9   5.5e+02   -2.5   0.0     9    19   613   623   604   629 0.79 NODE_8_length_50138_cov_30.859471_43 # 40015 # 42381 # 1 # ID=8_43;partial=00;start_type=ATG;rbs_motif=AGGA;rbs_spacer=5-10bp;gc_cont=0.446
NODE_57_length_11146_cov_50.988565:1095-1979|+   -            295 1827295at2           -             74     0.011   12.6   0.0   1   1   0.00022     0.021   11.7   0.0     8    29    27    50    14    61 0.80 NODE_57_length_11146_cov_50.988565_3 # 1095 # 1979 # 1 # ID=57_3;partial=00;start_type=ATG;rbs_motif=AGGAG;rbs_spacer=5-10bp;gc_cont=0.394
NODE_19_length_37374_cov_38.502591:15847-16575|- -            243 1827295at2           -             74     0.014   12.3   0.0   1   1   0.00028     0.026   11.4   0.0     8    33    25    52    13    70 0.85 NODE_19_length_37374_cov_38.502591_16 # 15847 # 16575 # -1 # ID=19_16;partial=00;start_type=ATG;rbs_motif=GGAG/GAGG;rbs_spacer=5-10bp;gc_cont=0.418
NODE_11_length_43941_cov_46.991806:9243-9875|-   -            211 1827295at2           -             74     0.015   12.1   0.0   1   1   0.00035     0.033   11.1   0.0     8    29    25    48     9    54 0.83 NODE_11_length_43941_cov_46.991806_6 # 9243 # 9875 # -1 # ID=11_6;partial=00;start_type=ATG;rbs_motif=GGAGG;rbs_spacer=5-10bp;gc_cont=0.411
NODE_2_length_84815_cov_60.132049:27133-27837|-  -            235 1827295at2           -             74     0.019   11.8   0.0   1   1   0.00046     0.043   10.7   0.0     9    29    30    50    17    58 0.82 NODE_2_length_84815_cov_60.132049_23 # 27133 # 27837 # -1 # ID=2_23;partial=00;start_type=ATG;rbs_motif=AGGAG;rbs_spacer=5-10bp;gc_cont=0.451
NODE_6_length_54752_cov_38.580741:37937-38833|+  -            299 1827295at2           -             74      0.02   11.7   0.0   1   1   0.00045     0.042   10.7   0.0     9    34   150   175   136   184 0.83 NODE_6_length_54752_cov_38.580741_40 # 37937 # 38833 # 1 # ID=6_40;partial=00;start_type=ATG;rbs_motif=AGGAGG;rbs_spacer=5-10bp;gc_cont=0.429
NODE_37_length_18830_cov_30.236647:13274-14038|+ -            255 1827295at2           -             74     0.022   11.6   0.1   1   1   0.00073     0.068   10.0   0.1     5    26    25    47    15    61 0.82 NODE_37_length_18830_cov_30.236647_18 # 13274 # 14038 # 1 # ID=37_18;partial=00;start_type=ATG;rbs_motif=AGGAGG;rbs_spacer=5-10bp;gc_cont=0.390
#
# Program:         hmmsearch
# Version:         3.4 (Aug 2023)
# Pipeline mode:   SEARCH
# Query file:      /workspaces/project_bioinformatic_01/project_s.pne/busco_downloads/lineages/bacteria_odb10/hmms/1827295at2.hmm
# Target file:     results/busco_results/prodigal_output/predicted_genes/predicted.faa
# Option settings: hmmsearch --domtblout results/busco_results/run_bacteria_odb10/hmmer_output/1827295at2.out --cpu 1 /workspaces/project_bioinformatic_01/project_s.pne/busco_downloads/lineages/bacteria_odb10/hmms/1827295at2.hmm results/busco_results/prodigal_output/predicted_genes/predicted.faa 
# Current dir:     /workspaces/project_bioinformatic_01/project_s.pne
# Date:            Mon Mar 30 07:39:46 2026
# [ok]
