#                                                                                                        --- full sequence --- -------------- this domain -------------   hmm coord   ali coord   env coord
# target name                                    accession   tlen query name           accession   qlen   E-value  score  bias   #  of  c-Evalue  i-Evalue  score  bias  from    to  from    to  from    to  acc description of target
#                            ------------------- ---------- ----- -------------------- ---------- ----- --------- ------ ----- --- --- --------- --------- ------ ----- ----- ----- ----- ----- ----- ----- ---- ---------------------
NODE_47_length_14503_cov_75.816708:12899-14260|- -            454 219876at2            -            282   4.1e-82  272.6   0.1   1   1   6.2e-84   1.8e-81  270.5   0.1    15   276   113   434   104   439 0.84 NODE_47_length_14503_cov_75.816708_13 # 12899 # 14260 # -1 # ID=47_13;partial=00;start_type=TTG;rbs_motif=AGGAGG;rbs_spacer=5-10bp;gc_cont=0.364
NODE_12_length_43458_cov_33.654728:30924-31895|- -            324 219876at2            -            282   0.00026   17.4   0.0   1   1   1.5e-06   0.00045   16.6   0.0    41   107    37   107    26   119 0.81 NODE_12_length_43458_cov_33.654728_24 # 30924 # 31895 # -1 # ID=12_24;partial=00;start_type=ATG;rbs_motif=None;rbs_spacer=None;gc_cont=0.462
NODE_39_length_17923_cov_37.882783:8121-9392|-   -            424 219876at2            -            282    0.0013   15.1   0.0   1   1     7e-06    0.0021   14.4   0.0    41   106    33   103    28   155 0.78 NODE_39_length_17923_cov_37.882783_7 # 8121 # 9392 # -1 # ID=39_7;partial=00;start_type=ATG;rbs_motif=AGGA;rbs_spacer=5-10bp;gc_cont=0.480
NODE_4_length_58780_cov_44.203042:45753-46289|+  -            179 219876at2            -            282     0.005   13.1   0.4   1   2   0.00034     0.099    8.9   0.1    48    70    18    40     4    49 0.81 NODE_4_length_58780_cov_44.203042_52 # 45753 # 46289 # 1 # ID=4_52;partial=00;start_type=ATG;rbs_motif=GGAG/GAGG;rbs_spacer=5-10bp;gc_cont=0.385
NODE_4_length_58780_cov_44.203042:45753-46289|+  -            179 219876at2            -            282     0.005   13.1   0.4   2   2     0.035        10    2.3   0.0    87   103    82    98    77   104 0.82 NODE_4_length_58780_cov_44.203042_52 # 45753 # 46289 # 1 # ID=4_52;partial=00;start_type=ATG;rbs_motif=GGAG/GAGG;rbs_spacer=5-10bp;gc_cont=0.385
NODE_2_length_84815_cov_60.132049:51430-53862|-  -            811 219876at2            -            282    0.0072   12.6   0.6   1   3     0.014       4.3    3.5   0.0    42    66   222   246   208   253 0.76 NODE_2_length_84815_cov_60.132049_44 # 51430 # 53862 # -1 # ID=2_44;partial=00;start_type=ATG;rbs_motif=GGA/GAG/AGG;rbs_spacer=5-10bp;gc_cont=0.457
NODE_2_length_84815_cov_60.132049:51430-53862|-  -            811 219876at2            -            282    0.0072   12.6   0.6   2   3      0.65   1.9e+02   -1.9   0.4   146   216   364   433   342   442 0.71 NODE_2_length_84815_cov_60.132049_44 # 51430 # 53862 # -1 # ID=2_44;partial=00;start_type=ATG;rbs_motif=GGA/GAG/AGG;rbs_spacer=5-10bp;gc_cont=0.457
NODE_2_length_84815_cov_60.132049:51430-53862|-  -            811 219876at2            -            282    0.0072   12.6   0.6   3   3    0.0037       1.1    5.5   0.0    50    69   545   564   535   588 0.85 NODE_2_length_84815_cov_60.132049_44 # 51430 # 53862 # -1 # ID=2_44;partial=00;start_type=ATG;rbs_motif=GGA/GAG/AGG;rbs_spacer=5-10bp;gc_cont=0.457
NODE_15_length_41336_cov_35.854134:39451-41229|- -            593 219876at2            -            282     0.016   11.5   0.0   1   1   0.00013     0.039   10.2   0.0    27    70   187   228   173   230 0.88 NODE_15_length_41336_cov_35.854134_34 # 39451 # 41229 # -1 # ID=15_34;partial=00;start_type=ATG;rbs_motif=AGGA;rbs_spacer=5-10bp;gc_cont=0.338
NODE_11_length_43941_cov_46.991806:9243-9875|-   -            211 219876at2            -            282     0.018   11.3   0.0   1   1   0.00011     0.033   10.4   0.0    49    69    29    49    18    53 0.86 NODE_11_length_43941_cov_46.991806_6 # 9243 # 9875 # -1 # ID=11_6;partial=00;start_type=ATG;rbs_motif=GGAGG;rbs_spacer=5-10bp;gc_cont=0.411
#
# Program:         hmmsearch
# Version:         3.4 (Aug 2023)
# Pipeline mode:   SEARCH
# Query file:      /workspaces/project_bioinformatic_01/project_s.pne/busco_downloads/lineages/bacteria_odb10/hmms/219876at2.hmm
# Target file:     results/busco_results/prodigal_output/predicted_genes/predicted.faa
# Option settings: hmmsearch --domtblout results/busco_results/run_bacteria_odb10/hmmer_output/219876at2.out --cpu 1 /workspaces/project_bioinformatic_01/project_s.pne/busco_downloads/lineages/bacteria_odb10/hmms/219876at2.hmm results/busco_results/prodigal_output/predicted_genes/predicted.faa 
# Current dir:     /workspaces/project_bioinformatic_01/project_s.pne
# Date:            Mon Mar 30 07:39:47 2026
# [ok]
