#                                                                                                        --- full sequence --- -------------- this domain -------------   hmm coord   ali coord   env coord
# target name                                    accession   tlen query name           accession   qlen   E-value  score  bias   #  of  c-Evalue  i-Evalue  score  bias  from    to  from    to  from    to  acc description of target
#                            ------------------- ---------- ----- -------------------- ---------- ----- --------- ------ ----- --- --- --------- --------- ------ ----- ----- ----- ----- ----- ----- ----- ---- ---------------------
NODE_49_length_13974_cov_25.803640:7959-9401|+   -            481 267682at2            -            304   5.9e-83  275.3   2.5   1   3   1.4e-07     4e-05   19.7   0.1     6    30    24    48    12    60 0.83 NODE_49_length_13974_cov_25.803640_5 # 7959 # 9401 # 1 # ID=49_5;partial=00;start_type=ATG;rbs_motif=GGA/GAG/AGG;rbs_spacer=5-10bp;gc_cont=0.463
NODE_49_length_13974_cov_25.803640:7959-9401|+   -            481 267682at2            -            304   5.9e-83  275.3   2.5   2   3   5.4e-09   1.6e-06   24.3   0.0    37    75    79   128    69   147 0.82 NODE_49_length_13974_cov_25.803640_5 # 7959 # 9401 # 1 # ID=49_5;partial=00;start_type=ATG;rbs_motif=GGA/GAG/AGG;rbs_spacer=5-10bp;gc_cont=0.463
NODE_49_length_13974_cov_25.803640:7959-9401|+   -            481 267682at2            -            304   5.9e-83  275.3   2.5   3   3   8.2e-70   2.4e-67  224.1   0.3    84   297   165   438   154   445 0.84 NODE_49_length_13974_cov_25.803640_5 # 7959 # 9401 # 1 # ID=49_5;partial=00;start_type=ATG;rbs_motif=GGA/GAG/AGG;rbs_spacer=5-10bp;gc_cont=0.463
NODE_40_length_17814_cov_35.105219:10718-11686|- -            323 267682at2            -            304   0.00035   16.6   0.1   1   1     2e-06    0.0006   15.9   0.1   183   270   178   262   154   290 0.70 NODE_40_length_17814_cov_35.105219_13 # 10718 # 11686 # -1 # ID=40_13;partial=00;start_type=ATG;rbs_motif=GGAGG;rbs_spacer=5-10bp;gc_cont=0.419
NODE_12_length_43458_cov_33.654728:21945-23753|- -            603 267682at2            -            304    0.0026   13.8   0.3   1   2   0.00044      0.13    8.2   0.0    32    72    61   110     2   131 0.80 NODE_12_length_43458_cov_33.654728_17 # 21945 # 23753 # -1 # ID=12_17;partial=00;start_type=ATG;rbs_motif=None;rbs_spacer=None;gc_cont=0.446
NODE_12_length_43458_cov_33.654728:21945-23753|- -            603 267682at2            -            304    0.0026   13.8   0.3   2   2       1.8   5.2e+02   -3.6   0.0   110   140   187   216   185   219 0.78 NODE_12_length_43458_cov_33.654728_17 # 21945 # 23753 # -1 # ID=12_17;partial=00;start_type=ATG;rbs_motif=None;rbs_spacer=None;gc_cont=0.446
NODE_1_length_87477_cov_37.319256:82453-82965|-  -            171 267682at2            -            304    0.0058   12.6   0.0   1   1   2.6e-05    0.0076   12.3   0.0   224   252   110   138    75   142 0.80 NODE_1_length_87477_cov_37.319256_86 # 82453 # 82965 # -1 # ID=1_86;partial=00;start_type=ATG;rbs_motif=None;rbs_spacer=None;gc_cont=0.419
NODE_14_length_41524_cov_31.922120:11419-12378|+ -            320 267682at2            -            304    0.0059   12.6   0.0   1   1   3.5e-05      0.01   11.8   0.0   222   261   212   251   198   258 0.92 NODE_14_length_41524_cov_31.922120_15 # 11419 # 12378 # 1 # ID=14_15;partial=00;start_type=ATG;rbs_motif=GGAG/GAGG;rbs_spacer=5-10bp;gc_cont=0.405
NODE_47_length_14503_cov_75.816708:2103-2645|-   -            181 267682at2            -            304    0.0062   12.5   0.2   1   1   3.9e-05     0.012   11.7   0.2   218   259    85   126    70   132 0.87 NODE_47_length_14503_cov_75.816708_2 # 2103 # 2645 # -1 # ID=47_2;partial=00;start_type=ATG;rbs_motif=GGA/GAG/AGG;rbs_spacer=5-10bp;gc_cont=0.335
NODE_2_length_84815_cov_60.132049:63766-64428|-  -            221 267682at2            -            304    0.0067   12.4   0.0   1   1   3.4e-05      0.01   11.8   0.0   225   258   182   215   174   218 0.91 NODE_2_length_84815_cov_60.132049_56 # 63766 # 64428 # -1 # ID=2_56;partial=00;start_type=ATG;rbs_motif=AGGAGG;rbs_spacer=5-10bp;gc_cont=0.363
#
# Program:         hmmsearch
# Version:         3.4 (Aug 2023)
# Pipeline mode:   SEARCH
# Query file:      /workspaces/project_bioinformatic_01/project_s.pne/busco_downloads/lineages/bacteria_odb10/hmms/267682at2.hmm
# Target file:     results/busco_results/prodigal_output/predicted_genes/predicted.faa
# Option settings: hmmsearch --domtblout results/busco_results/run_bacteria_odb10/hmmer_output/267682at2.out --cpu 1 /workspaces/project_bioinformatic_01/project_s.pne/busco_downloads/lineages/bacteria_odb10/hmms/267682at2.hmm results/busco_results/prodigal_output/predicted_genes/predicted.faa 
# Current dir:     /workspaces/project_bioinformatic_01/project_s.pne
# Date:            Mon Mar 30 07:39:47 2026
# [ok]
