#                                                                                                        --- full sequence --- -------------- this domain -------------   hmm coord   ali coord   env coord
# target name                                    accession   tlen query name           accession   qlen   E-value  score  bias   #  of  c-Evalue  i-Evalue  score  bias  from    to  from    to  from    to  acc description of target
#                            ------------------- ---------- ----- -------------------- ---------- ----- --------- ------ ----- --- --- --------- --------- ------ ----- ----- ----- ----- ----- ----- ----- ---- ---------------------
NODE_12_length_43458_cov_33.654728:25424-27277|- -            618 665824at2            -            547    5e-228  755.2   0.3   1   1  1.1e-230  5.6e-228  755.1   0.3     1   540     1   612     1   617 0.97 NODE_12_length_43458_cov_33.654728_19 # 25424 # 27277 # -1 # ID=12_19;partial=00;start_type=ATG;rbs_motif=GGAG/GAGG;rbs_spacer=5-10bp;gc_cont=0.433
NODE_21_length_30540_cov_38.765824:13759-15702|- -            648 665824at2            -            547   1.9e-36  122.9   2.7   1   2   6.6e-22   3.4e-19   65.9   0.5    33   190   257   415   230   421 0.88 NODE_21_length_30540_cov_38.765824_15 # 13759 # 15702 # -1 # ID=21_15;partial=00;start_type=ATG;rbs_motif=AGGAG;rbs_spacer=5-10bp;gc_cont=0.453
NODE_21_length_30540_cov_38.765824:13759-15702|- -            648 665824at2            -            547   1.9e-36  122.9   2.7   2   2   3.7e-19   1.9e-16   56.9   0.1   400   543   497   636   489   643 0.88 NODE_21_length_30540_cov_38.765824_15 # 13759 # 15702 # -1 # ID=21_15;partial=00;start_type=ATG;rbs_motif=AGGAG;rbs_spacer=5-10bp;gc_cont=0.453
NODE_8_length_50138_cov_30.859471:30124-31398|+  -            425 665824at2            -            547   4.9e-20   68.7   0.0   1   2   9.4e-21   4.8e-18   62.1   0.0    41   210   165   334   154   361 0.94 NODE_8_length_50138_cov_30.859471_34 # 30124 # 31398 # 1 # ID=8_34;partial=00;start_type=ATG;rbs_motif=AGGAG;rbs_spacer=5-10bp;gc_cont=0.441
NODE_8_length_50138_cov_30.859471:30124-31398|+  -            425 665824at2            -            547   4.9e-20   68.7   0.0   2   2    0.0032       1.6    4.3   0.0   401   451   362   415   348   416 0.72 NODE_8_length_50138_cov_30.859471_34 # 30124 # 31398 # 1 # ID=8_34;partial=00;start_type=ATG;rbs_motif=AGGAG;rbs_spacer=5-10bp;gc_cont=0.441
NODE_4_length_58780_cov_44.203042:27796-29085|+  -            430 665824at2            -            547   2.7e-09   33.2   2.3   1   3   2.2e-06    0.0011   14.7   0.2    36   151     6   124     1   128 0.80 NODE_4_length_58780_cov_44.203042_25 # 27796 # 29085 # 1 # ID=4_25;partial=00;start_type=ATG;rbs_motif=GGAG/GAGG;rbs_spacer=5-10bp;gc_cont=0.466
NODE_4_length_58780_cov_44.203042:27796-29085|+  -            430 665824at2            -            547   2.7e-09   33.2   2.3   2   3      0.13        69   -1.1   0.0   170   194   229   253   197   288 0.78 NODE_4_length_58780_cov_44.203042_25 # 27796 # 29085 # 1 # ID=4_25;partial=00;start_type=ATG;rbs_motif=GGAG/GAGG;rbs_spacer=5-10bp;gc_cont=0.466
NODE_4_length_58780_cov_44.203042:27796-29085|+  -            430 665824at2            -            547   2.7e-09   33.2   2.3   3   3   3.6e-07   0.00018   17.3   0.1   440   541   319   415   304   423 0.81 NODE_4_length_58780_cov_44.203042_25 # 27796 # 29085 # 1 # ID=4_25;partial=00;start_type=ATG;rbs_motif=GGAG/GAGG;rbs_spacer=5-10bp;gc_cont=0.466
#
# Program:         hmmsearch
# Version:         3.4 (Aug 2023)
# Pipeline mode:   SEARCH
# Query file:      /workspaces/project_bioinformatic_01/project_s.pne/busco_downloads/lineages/bacteria_odb10/hmms/665824at2.hmm
# Target file:     results/busco_results/prodigal_output/predicted_genes/predicted.faa
# Option settings: hmmsearch --domtblout results/busco_results/run_bacteria_odb10/hmmer_output/665824at2.out --cpu 1 /workspaces/project_bioinformatic_01/project_s.pne/busco_downloads/lineages/bacteria_odb10/hmms/665824at2.hmm results/busco_results/prodigal_output/predicted_genes/predicted.faa 
# Current dir:     /workspaces/project_bioinformatic_01/project_s.pne
# Date:            Mon Mar 30 07:39:48 2026
# [ok]
