#                                                                                                        --- full sequence --- -------------- this domain -------------   hmm coord   ali coord   env coord
# target name                                    accession   tlen query name           accession   qlen   E-value  score  bias   #  of  c-Evalue  i-Evalue  score  bias  from    to  from    to  from    to  acc description of target
#                            ------------------- ---------- ----- -------------------- ---------- ----- --------- ------ ----- --- --- --------- --------- ------ ----- ----- ----- ----- ----- ----- ----- ---- ---------------------
NODE_16_length_39429_cov_33.440054:25181-27178|+ -            666 761140at2            -            323   3.3e-58  194.5  13.0   1   3   2.7e-27   1.4e-24   84.0   1.1     1    99     4   123     4   150 0.74 NODE_16_length_39429_cov_33.440054_28 # 25181 # 27178 # 1 # ID=16_28;partial=00;start_type=ATG;rbs_motif=AGGA;rbs_spacer=5-10bp;gc_cont=0.422
NODE_16_length_39429_cov_33.440054:25181-27178|+ -            666 761140at2            -            323   3.3e-58  194.5  13.0   2   3   3.3e-27   1.7e-24   83.7   0.3   128   257   202   384   188   394 0.79 NODE_16_length_39429_cov_33.440054_28 # 25181 # 27178 # 1 # ID=16_28;partial=00;start_type=ATG;rbs_motif=AGGA;rbs_spacer=5-10bp;gc_cont=0.422
NODE_16_length_39429_cov_33.440054:25181-27178|+ -            666 761140at2            -            323   3.3e-58  194.5  13.0   3   3   1.6e-10   8.4e-08   28.9   0.5   247   309   412   483   403   493 0.76 NODE_16_length_39429_cov_33.440054_28 # 25181 # 27178 # 1 # ID=16_28;partial=00;start_type=ATG;rbs_motif=AGGA;rbs_spacer=5-10bp;gc_cont=0.422
NODE_10_length_45740_cov_50.988381:11572-14364|- -            931 761140at2            -            323   3.5e-10   36.7   1.2   1   4   4.6e-09   2.3e-06   24.1   0.0     3    58    50   111    48   118 0.78 NODE_10_length_45740_cov_50.988381_11 # 11572 # 14364 # -1 # ID=10_11;partial=00;start_type=ATG;rbs_motif=AGGAG;rbs_spacer=5-10bp;gc_cont=0.429
NODE_10_length_45740_cov_50.988381:11572-14364|- -            931 761140at2            -            323   3.5e-10   36.7   1.2   2   4       0.2     1e+02   -1.0   0.0   124   151   435   464   425   472 0.77 NODE_10_length_45740_cov_50.988381_11 # 11572 # 14364 # -1 # ID=10_11;partial=00;start_type=ATG;rbs_motif=AGGAG;rbs_spacer=5-10bp;gc_cont=0.429
NODE_10_length_45740_cov_50.988381:11572-14364|- -            931 761140at2            -            323   3.5e-10   36.7   1.2   3   4       0.7   3.6e+02   -2.8   0.1   205   215   593   603   590   605 0.88 NODE_10_length_45740_cov_50.988381_11 # 11572 # 14364 # -1 # ID=10_11;partial=00;start_type=ATG;rbs_motif=AGGAG;rbs_spacer=5-10bp;gc_cont=0.429
NODE_10_length_45740_cov_50.988381:11572-14364|- -            931 761140at2            -            323   3.5e-10   36.7   1.2   4   4   0.00016     0.084    9.2   0.0   275   314   736   772   669   780 0.83 NODE_10_length_45740_cov_50.988381_11 # 11572 # 14364 # -1 # ID=10_11;partial=00;start_type=ATG;rbs_motif=AGGAG;rbs_spacer=5-10bp;gc_cont=0.429
NODE_58_length_11019_cov_29.238248:2497-5148|-   -            884 761140at2            -            323   1.2e-06   25.1   0.1   1   5   3.8e-06     0.002   14.5   0.0     2    56    38    97    37   137 0.78 NODE_58_length_11019_cov_29.238248_4 # 2497 # 5148 # -1 # ID=58_4;partial=00;start_type=ATG;rbs_motif=AGGA;rbs_spacer=5-10bp;gc_cont=0.465
NODE_58_length_11019_cov_29.238248:2497-5148|-   -            884 761140at2            -            323   1.2e-06   25.1   0.1   2   5       0.4   2.1e+02   -2.0   0.1   134   151   398   416   388   421 0.82 NODE_58_length_11019_cov_29.238248_4 # 2497 # 5148 # -1 # ID=58_4;partial=00;start_type=ATG;rbs_motif=AGGA;rbs_spacer=5-10bp;gc_cont=0.465
NODE_58_length_11019_cov_29.238248:2497-5148|-   -            884 761140at2            -            323   1.2e-06   25.1   0.1   3   5     0.084        43    0.3   0.0   170   191   468   489   465   502 0.81 NODE_58_length_11019_cov_29.238248_4 # 2497 # 5148 # -1 # ID=58_4;partial=00;start_type=ATG;rbs_motif=AGGA;rbs_spacer=5-10bp;gc_cont=0.465
NODE_58_length_11019_cov_29.238248:2497-5148|-   -            884 761140at2            -            323   1.2e-06   25.1   0.1   4   5       0.3   1.6e+02   -1.6   0.0    42    67   514   539   504   545 0.74 NODE_58_length_11019_cov_29.238248_4 # 2497 # 5148 # -1 # ID=58_4;partial=00;start_type=ATG;rbs_motif=AGGA;rbs_spacer=5-10bp;gc_cont=0.465
NODE_58_length_11019_cov_29.238248:2497-5148|-   -            884 761140at2            -            323   1.2e-06   25.1   0.1   5   5    0.0068       3.5    3.8   0.0   260   312   644   698   635   706 0.83 NODE_58_length_11019_cov_29.238248_4 # 2497 # 5148 # -1 # ID=58_4;partial=00;start_type=ATG;rbs_motif=AGGA;rbs_spacer=5-10bp;gc_cont=0.465
NODE_22_length_29277_cov_27.291355:18159-19502|+ -            448 761140at2            -            323    0.0012   15.2   0.7   1   4   1.3e-05    0.0065   12.8   0.1    11    66    31    92    24   101 0.78 NODE_22_length_29277_cov_27.291355_15 # 18159 # 19502 # 1 # ID=22_15;partial=00;start_type=ATG;rbs_motif=None;rbs_spacer=None;gc_cont=0.446
NODE_22_length_29277_cov_27.291355:18159-19502|+ -            448 761140at2            -            323    0.0012   15.2   0.7   2   4       1.6   8.2e+02   -4.0   0.0    19    36   132   149   131   165 0.70 NODE_22_length_29277_cov_27.291355_15 # 18159 # 19502 # 1 # ID=22_15;partial=00;start_type=ATG;rbs_motif=None;rbs_spacer=None;gc_cont=0.446
NODE_22_length_29277_cov_27.291355:18159-19502|+ -            448 761140at2            -            323    0.0012   15.2   0.7   3   4      0.97     5e+02   -3.2   0.0   206   216   267   277   253   296 0.75 NODE_22_length_29277_cov_27.291355_15 # 18159 # 19502 # 1 # ID=22_15;partial=00;start_type=ATG;rbs_motif=None;rbs_spacer=None;gc_cont=0.446
NODE_22_length_29277_cov_27.291355:18159-19502|+ -            448 761140at2            -            323    0.0012   15.2   0.7   4   4       0.2     1e+02   -1.0   0.1   224   291   325   386   316   395 0.68 NODE_22_length_29277_cov_27.291355_15 # 18159 # 19502 # 1 # ID=22_15;partial=00;start_type=ATG;rbs_motif=None;rbs_spacer=None;gc_cont=0.446
#
# Program:         hmmsearch
# Version:         3.4 (Aug 2023)
# Pipeline mode:   SEARCH
# Query file:      /workspaces/project_bioinformatic_01/project_s.pne/busco_downloads/lineages/bacteria_odb10/hmms/761140at2.hmm
# Target file:     results/busco_results/prodigal_output/predicted_genes/predicted.faa
# Option settings: hmmsearch --domtblout results/busco_results/run_bacteria_odb10/hmmer_output/761140at2.out --cpu 1 /workspaces/project_bioinformatic_01/project_s.pne/busco_downloads/lineages/bacteria_odb10/hmms/761140at2.hmm results/busco_results/prodigal_output/predicted_genes/predicted.faa 
# Current dir:     /workspaces/project_bioinformatic_01/project_s.pne
# Date:            Mon Mar 30 07:39:48 2026
# [ok]
