#                                                                                                        --- full sequence --- -------------- this domain -------------   hmm coord   ali coord   env coord
# target name                                    accession   tlen query name           accession   qlen   E-value  score  bias   #  of  c-Evalue  i-Evalue  score  bias  from    to  from    to  from    to  acc description of target
#                            ------------------- ---------- ----- -------------------- ---------- ----- --------- ------ ----- --- --- --------- --------- ------ ----- ----- ----- ----- ----- ----- ----- ---- ---------------------
NODE_53_length_11572_cov_31.621319:5099-5770|-   -            224 776861at2            -            618   1.7e-81  271.1   1.5   1   1   7.2e-84   1.8e-81  271.0   1.5   407   611     2   222     1   223 0.96 NODE_53_length_11572_cov_31.621319_8 # 5099 # 5770 # -1 # ID=53_8;partial=00;start_type=ATG;rbs_motif=AGGAG;rbs_spacer=5-10bp;gc_cont=0.420
NODE_3_length_67049_cov_34.215385:17921-19204|-  -            428 776861at2            -            618   5.2e-46  153.9   0.5   1   1   2.5e-48   6.3e-46  153.6   0.5     9   401     7   425     2   427 0.79 NODE_3_length_67049_cov_34.215385_17 # 17921 # 19204 # -1 # ID=3_17;partial=00;start_type=ATG;rbs_motif=GGAG/GAGG;rbs_spacer=5-10bp;gc_cont=0.450
NODE_7_length_53653_cov_41.456862:12662-13300|-  -            213 776861at2            -            618   3.5e-05   19.0   0.0   1   1   1.7e-07   4.3e-05   18.7   0.0   413   454     5    46     1    79 0.81 NODE_7_length_53653_cov_41.456862_19 # 12662 # 13300 # -1 # ID=7_19;partial=00;start_type=ATG;rbs_motif=AGGAG;rbs_spacer=5-10bp;gc_cont=0.394
NODE_20_length_34569_cov_27.645636:23435-23788|+ -            118 776861at2            -            618   0.00046   15.3   0.0   1   1   2.2e-06   0.00055   15.0   0.0   410   435     2    27     1    33 0.86 NODE_20_length_34569_cov_27.645636_27 # 23435 # 23788 # 1 # ID=20_27;partial=00;start_type=ATG;rbs_motif=GGA/GAG/AGG;rbs_spacer=5-10bp;gc_cont=0.398
NODE_35_length_19242_cov_24.816636:8932-9816|-   -            295 776861at2            -            618   0.00062   14.9   0.0   1   1     3e-06   0.00078   14.5   0.0   407   454     2    51     1    91 0.76 NODE_35_length_19242_cov_24.816636_13 # 8932 # 9816 # -1 # ID=35_13;partial=00;start_type=ATG;rbs_motif=AGGA;rbs_spacer=5-10bp;gc_cont=0.455
NODE_25_length_27231_cov_35.047078:18473-20155|+ -            561 776861at2            -            618    0.0013   13.8   0.3   1   2    0.0075       1.9    3.3   0.1   411   426    36    51    26    56 0.84 NODE_25_length_27231_cov_35.047078_20 # 18473 # 20155 # 1 # ID=25_20;partial=00;start_type=ATG;rbs_motif=GGA/GAG/AGG;rbs_spacer=5-10bp;gc_cont=0.418
NODE_25_length_27231_cov_35.047078:18473-20155|+ -            561 776861at2            -            618    0.0013   13.8   0.3   2   2   0.00025     0.064    8.2   0.0   406   430   320   344   304   349 0.84 NODE_25_length_27231_cov_35.047078_20 # 18473 # 20155 # 1 # ID=25_20;partial=00;start_type=ATG;rbs_motif=GGA/GAG/AGG;rbs_spacer=5-10bp;gc_cont=0.418
NODE_26_length_27121_cov_29.388049:4073-4831|-   -            253 776861at2            -            618    0.0095   11.0   0.0   1   1   4.4e-05     0.011   10.7   0.0   384   428     7    49     1    97 0.81 NODE_26_length_27121_cov_29.388049_6 # 4073 # 4831 # -1 # ID=26_6;partial=00;start_type=ATG;rbs_motif=AGGAG;rbs_spacer=5-10bp;gc_cont=0.436
NODE_1_length_87477_cov_37.319256:10414-11043|-  -            210 776861at2            -            618      0.01   10.9   0.0   1   1   5.1e-05     0.013   10.5   0.0   406   443    25    59     4    74 0.86 NODE_1_length_87477_cov_37.319256_12 # 10414 # 11043 # -1 # ID=1_12;partial=00;start_type=ATG;rbs_motif=AGxAGG/AGGxGG;rbs_spacer=5-10bp;gc_cont=0.424
#
# Program:         hmmsearch
# Version:         3.4 (Aug 2023)
# Pipeline mode:   SEARCH
# Query file:      /workspaces/project_bioinformatic_01/project_s.pne/busco_downloads/lineages/bacteria_odb10/hmms/776861at2.hmm
# Target file:     results/busco_results/prodigal_output/predicted_genes/predicted.faa
# Option settings: hmmsearch --domtblout results/busco_results/run_bacteria_odb10/hmmer_output/776861at2.out --cpu 1 /workspaces/project_bioinformatic_01/project_s.pne/busco_downloads/lineages/bacteria_odb10/hmms/776861at2.hmm results/busco_results/prodigal_output/predicted_genes/predicted.faa 
# Current dir:     /workspaces/project_bioinformatic_01/project_s.pne
# Date:            Mon Mar 30 07:39:48 2026
# [ok]
