#                                                                                                        --- full sequence --- -------------- this domain -------------   hmm coord   ali coord   env coord
# target name                                    accession   tlen query name           accession   qlen   E-value  score  bias   #  of  c-Evalue  i-Evalue  score  bias  from    to  from    to  from    to  acc description of target
#                            ------------------- ---------- ----- -------------------- ---------- ----- --------- ------ ----- --- --- --------- --------- ------ ----- ----- ----- ----- ----- ----- ----- ---- ---------------------
NODE_12_length_43458_cov_33.654728:30924-31895|- -            324 874197at2            -            274    4e-122  403.6   0.9   1   1  3.1e-124  5.3e-122  403.2   0.9     1   273     8   309     8   310 0.92 NODE_12_length_43458_cov_33.654728_24 # 30924 # 31895 # -1 # ID=12_24;partial=00;start_type=ATG;rbs_motif=None;rbs_spacer=None;gc_cont=0.462
NODE_39_length_17923_cov_37.882783:8121-9392|-   -            424 874197at2            -            274   1.8e-10   37.4   0.0   1   1   1.5e-12   2.7e-10   36.8   0.0     4   108     9   116     6   138 0.76 NODE_39_length_17923_cov_37.882783_7 # 8121 # 9392 # -1 # ID=39_7;partial=00;start_type=ATG;rbs_motif=AGGA;rbs_spacer=5-10bp;gc_cont=0.480
NODE_1_length_87477_cov_37.319256:75157-76389|-  -            411 874197at2            -            274   1.4e-06   24.6   0.2   1   2   2.6e-08   4.5e-06   22.9   0.0    34    98   111   189    69   199 0.66 NODE_1_length_87477_cov_37.319256_78 # 75157 # 76389 # -1 # ID=1_78;partial=00;start_type=ATG;rbs_motif=GGA/GAG/AGG;rbs_spacer=5-10bp;gc_cont=0.428
NODE_1_length_87477_cov_37.319256:75157-76389|-  -            411 874197at2            -            274   1.4e-06   24.6   0.2   2   2       1.3   2.3e+02   -2.4   0.0   198   238   330   371   326   379 0.75 NODE_1_length_87477_cov_37.319256_78 # 75157 # 76389 # -1 # ID=1_78;partial=00;start_type=ATG;rbs_motif=GGA/GAG/AGG;rbs_spacer=5-10bp;gc_cont=0.428
NODE_47_length_14503_cov_75.816708:129-2087|-    -            653 874197at2            -            274   1.5e-06   24.5   0.1   1   2   2.4e-08   4.1e-06   23.1   0.0    33    95   218   288   179   294 0.65 NODE_47_length_14503_cov_75.816708_1 # 129 # 2087 # -1 # ID=47_1;partial=00;start_type=ATG;rbs_motif=None;rbs_spacer=None;gc_cont=0.392
NODE_47_length_14503_cov_75.816708:129-2087|-    -            653 874197at2            -            274   1.5e-06   24.5   0.1   2   2       3.1   5.4e+02   -3.6   0.0   177   196   590   610   571   627 0.52 NODE_47_length_14503_cov_75.816708_1 # 129 # 2087 # -1 # ID=47_1;partial=00;start_type=ATG;rbs_motif=None;rbs_spacer=None;gc_cont=0.392
NODE_61_length_10742_cov_28.204805:8461-10116|-  -            552 874197at2            -            274   3.2e-06   23.4   0.1   1   1     6e-08     1e-05   21.8   0.1     7   113    13   122     7   222 0.64 NODE_61_length_10742_cov_28.204805_9 # 8461 # 10116 # -1 # ID=61_9;partial=00;start_type=ATG;rbs_motif=GGAG/GAGG;rbs_spacer=5-10bp;gc_cont=0.420
NODE_89_length_3084_cov_26.894826:139-2397|-     -            753 874197at2            -            274   4.6e-05   19.6   2.2   1   2    0.0069       1.2    5.1   1.9    39    99   155   235   138   240 0.51 NODE_89_length_3084_cov_26.894826_1 # 139 # 2397 # -1 # ID=89_1;partial=00;start_type=ATG;rbs_motif=GGAG/GAGG;rbs_spacer=5-10bp;gc_cont=0.435
NODE_89_length_3084_cov_26.894826:139-2397|-     -            753 874197at2            -            274   4.6e-05   19.6   2.2   2   2   0.00041      0.07    9.2   0.0    13    59   454   504   446   522 0.74 NODE_89_length_3084_cov_26.894826_1 # 139 # 2397 # -1 # ID=89_1;partial=00;start_type=ATG;rbs_motif=GGAG/GAGG;rbs_spacer=5-10bp;gc_cont=0.435
NODE_2_length_84815_cov_60.132049:51430-53862|-  -            811 874197at2            -            274   0.00014   18.0   1.9   1   2      0.02       3.5    3.6   1.4    36    60   228   252   203   314 0.58 NODE_2_length_84815_cov_60.132049_44 # 51430 # 53862 # -1 # ID=2_44;partial=00;start_type=ATG;rbs_motif=GGA/GAG/AGG;rbs_spacer=5-10bp;gc_cont=0.457
NODE_2_length_84815_cov_60.132049:51430-53862|-  -            811 874197at2            -            274   0.00014   18.0   1.9   2   2   0.00018     0.032   10.3   0.0    12    57   515   564   506   572 0.75 NODE_2_length_84815_cov_60.132049_44 # 51430 # 53862 # -1 # ID=2_44;partial=00;start_type=ATG;rbs_motif=GGA/GAG/AGG;rbs_spacer=5-10bp;gc_cont=0.457
NODE_47_length_14503_cov_75.816708:12899-14260|- -            454 874197at2            -            274   0.00036   16.7   0.0   1   1   4.2e-06   0.00072   15.7   0.0    35    85   148   198   120   254 0.78 NODE_47_length_14503_cov_75.816708_13 # 12899 # 14260 # -1 # ID=47_13;partial=00;start_type=TTG;rbs_motif=AGGAGG;rbs_spacer=5-10bp;gc_cont=0.364
NODE_4_length_58780_cov_44.203042:45753-46289|+  -            179 874197at2            -            274   0.00078   15.6   0.0   1   1   7.2e-06    0.0012   14.9   0.0    27    86     9    68     2    71 0.84 NODE_4_length_58780_cov_44.203042_52 # 45753 # 46289 # 1 # ID=4_52;partial=00;start_type=ATG;rbs_motif=GGAG/GAGG;rbs_spacer=5-10bp;gc_cont=0.385
NODE_11_length_43941_cov_46.991806:33060-34091|+ -            344 874197at2            -            274    0.0028   13.8   0.2   1   2    0.0057      0.97    5.4   0.0    18    57    60    99    44   110 0.87 NODE_11_length_43941_cov_46.991806_33 # 33060 # 34091 # 1 # ID=11_33;partial=00;start_type=ATG;rbs_motif=GGA/GAG/AGG;rbs_spacer=5-10bp;gc_cont=0.437
NODE_11_length_43941_cov_46.991806:33060-34091|+ -            344 874197at2            -            274    0.0028   13.8   0.2   2   2    0.0022      0.38    6.8   0.1     6    56    98   148    95   155 0.73 NODE_11_length_43941_cov_46.991806_33 # 33060 # 34091 # 1 # ID=11_33;partial=00;start_type=ATG;rbs_motif=GGA/GAG/AGG;rbs_spacer=5-10bp;gc_cont=0.437
NODE_15_length_41336_cov_35.854134:39451-41229|- -            593 874197at2            -            274     0.003   13.7   0.0   1   1   3.5e-05    0.0059   12.7   0.0    37    60   207   230   194   244 0.89 NODE_15_length_41336_cov_35.854134_34 # 39451 # 41229 # -1 # ID=15_34;partial=00;start_type=ATG;rbs_motif=AGGA;rbs_spacer=5-10bp;gc_cont=0.338
NODE_32_length_21068_cov_42.846139:5066-7171|-   -            702 874197at2            -            274    0.0053   12.9   2.4   1   3     0.081        14    1.6   0.5    76    97   173   196    95   200 0.51 NODE_32_length_21068_cov_42.846139_7 # 5066 # 7171 # -1 # ID=32_7;partial=00;start_type=ATG;rbs_motif=GGAG/GAGG;rbs_spacer=5-10bp;gc_cont=0.427
NODE_32_length_21068_cov_42.846139:5066-7171|-   -            702 874197at2            -            274    0.0053   12.9   2.4   2   3         2   3.4e+02   -2.9   0.0   130   142   224   236   209   249 0.74 NODE_32_length_21068_cov_42.846139_7 # 5066 # 7171 # -1 # ID=32_7;partial=00;start_type=ATG;rbs_motif=GGAG/GAGG;rbs_spacer=5-10bp;gc_cont=0.427
NODE_32_length_21068_cov_42.846139:5066-7171|-   -            702 874197at2            -            274    0.0053   12.9   2.4   3   3   0.00066      0.11    8.5   0.0    11    59   417   469   408   478 0.75 NODE_32_length_21068_cov_42.846139_7 # 5066 # 7171 # -1 # ID=32_7;partial=00;start_type=ATG;rbs_motif=GGAG/GAGG;rbs_spacer=5-10bp;gc_cont=0.427
#
# Program:         hmmsearch
# Version:         3.4 (Aug 2023)
# Pipeline mode:   SEARCH
# Query file:      /workspaces/project_bioinformatic_01/project_s.pne/busco_downloads/lineages/bacteria_odb10/hmms/874197at2.hmm
# Target file:     results/busco_results/prodigal_output/predicted_genes/predicted.faa
# Option settings: hmmsearch --domtblout results/busco_results/run_bacteria_odb10/hmmer_output/874197at2.out --cpu 1 /workspaces/project_bioinformatic_01/project_s.pne/busco_downloads/lineages/bacteria_odb10/hmms/874197at2.hmm results/busco_results/prodigal_output/predicted_genes/predicted.faa 
# Current dir:     /workspaces/project_bioinformatic_01/project_s.pne
# Date:            Mon Mar 30 07:39:47 2026
# [ok]
