#                                                                                                        --- full sequence --- -------------- this domain -------------   hmm coord   ali coord   env coord
# target name                                    accession   tlen query name           accession   qlen   E-value  score  bias   #  of  c-Evalue  i-Evalue  score  bias  from    to  from    to  from    to  acc description of target
#                            ------------------- ---------- ----- -------------------- ---------- ----- --------- ------ ----- --- --- --------- --------- ------ ----- ----- ----- ----- ----- ----- ----- ---- ---------------------
NODE_15_length_41336_cov_35.854134:21739-23727|- -            663 95696at2             -            490  4.9e-228  754.6  16.6   1   1  5.1e-229  1.3e-226  749.9  14.4     1   478    40   595    40   607 0.89 NODE_15_length_41336_cov_35.854134_22 # 21739 # 23727 # -1 # ID=15_22;partial=00;start_type=ATG;rbs_motif=GGAG/GAGG;rbs_spacer=5-10bp;gc_cont=0.452
NODE_47_length_14503_cov_75.816708:5996-9505|-   -           1170 95696at2             -            490   1.1e-13   47.6   3.7   1   3   1.1e-06   0.00029   16.5   0.0   100   166   135   205    28   249 0.88 NODE_47_length_14503_cov_75.816708_8 # 5996 # 9505 # -1 # ID=47_8;partial=00;start_type=ATG;rbs_motif=AGGA/GGAG/GAGG;rbs_spacer=11-12bp;gc_cont=0.348
NODE_47_length_14503_cov_75.816708:5996-9505|-   -           1170 95696at2             -            490   1.1e-13   47.6   3.7   2   3   0.00071      0.18    7.3   0.2     2    54   637   692   636   699 0.81 NODE_47_length_14503_cov_75.816708_8 # 5996 # 9505 # -1 # ID=47_8;partial=00;start_type=ATG;rbs_motif=AGGA/GGAG/GAGG;rbs_spacer=11-12bp;gc_cont=0.348
NODE_47_length_14503_cov_75.816708:5996-9505|-   -           1170 95696at2             -            490   1.1e-13   47.6   3.7   3   3   1.5e-08     4e-06   22.6   0.1   346   459   836   940   825   947 0.77 NODE_47_length_14503_cov_75.816708_8 # 5996 # 9505 # -1 # ID=47_8;partial=00;start_type=ATG;rbs_motif=AGGA/GGAG/GAGG;rbs_spacer=11-12bp;gc_cont=0.348
NODE_16_length_39429_cov_33.440054:3250-4593|+   -            448 95696at2             -            490   4.6e-12   42.2   0.0   1   2   0.00082      0.21    7.1   0.0     6    59    46   105    41   107 0.78 NODE_16_length_39429_cov_33.440054_3 # 3250 # 4593 # 1 # ID=16_3;partial=00;start_type=ATG;rbs_motif=GGAG/GAGG;rbs_spacer=5-10bp;gc_cont=0.406
NODE_16_length_39429_cov_33.440054:3250-4593|+   -            448 95696at2             -            490   4.6e-12   42.2   0.0   2   2   1.4e-11   3.6e-09   32.7   0.0   339   410   245   315   228   352 0.85 NODE_16_length_39429_cov_33.440054_3 # 3250 # 4593 # 1 # ID=16_3;partial=00;start_type=ATG;rbs_motif=GGAG/GAGG;rbs_spacer=5-10bp;gc_cont=0.406
NODE_6_length_54752_cov_38.580741:11542-13938|+  -            799 95696at2             -            490   2.2e-11   40.0   0.0   1   2   0.00084      0.22    7.0   0.0     3    48   286   334   284   367 0.87 NODE_6_length_54752_cov_38.580741_17 # 11542 # 13938 # 1 # ID=6_17;partial=00;start_type=ATG;rbs_motif=AGGAGG;rbs_spacer=5-10bp;gc_cont=0.466
NODE_6_length_54752_cov_38.580741:11542-13938|+  -            799 95696at2             -            490   2.2e-11   40.0   0.0   2   2   5.8e-11   1.5e-08   30.6   0.0   356   440   566   663   556   693 0.75 NODE_6_length_54752_cov_38.580741_17 # 11542 # 13938 # 1 # ID=6_17;partial=00;start_type=ATG;rbs_motif=AGGAGG;rbs_spacer=5-10bp;gc_cont=0.466
NODE_67_length_8675_cov_33.924193:6799-8373|+    -            525 95696at2             -            490   9.2e-11   37.9   0.5   1   2     0.032       8.2    1.8   0.0     6    46    46    92    41   104 0.71 NODE_67_length_8675_cov_33.924193_7 # 6799 # 8373 # 1 # ID=67_7;partial=00;start_type=GTG;rbs_motif=AGxAG;rbs_spacer=5-10bp;gc_cont=0.435
NODE_67_length_8675_cov_33.924193:6799-8373|+    -            525 95696at2             -            490   9.2e-11   37.9   0.5   2   2   4.6e-12   1.2e-09   34.3   0.1   339   434   242   332   207   376 0.80 NODE_67_length_8675_cov_33.924193_7 # 6799 # 8373 # 1 # ID=67_7;partial=00;start_type=GTG;rbs_motif=AGxAG;rbs_spacer=5-10bp;gc_cont=0.435
NODE_6_length_54752_cov_38.580741:50653-52668|+  -            672 95696at2             -            490   1.6e-10   37.1   4.4   1   3    0.0073       1.9    3.9   0.0     2    49   277   327   276   332 0.74 NODE_6_length_54752_cov_38.580741_54 # 50653 # 52668 # 1 # ID=6_54;partial=00;start_type=ATG;rbs_motif=AGGAG;rbs_spacer=5-10bp;gc_cont=0.467
NODE_6_length_54752_cov_38.580741:50653-52668|+  -            672 95696at2             -            490   1.6e-10   37.1   4.4   2   3    0.0085       2.2    3.7   0.1   362   412   329   380   327   392 0.84 NODE_6_length_54752_cov_38.580741_54 # 50653 # 52668 # 1 # ID=6_54;partial=00;start_type=ATG;rbs_motif=AGGAG;rbs_spacer=5-10bp;gc_cont=0.467
NODE_6_length_54752_cov_38.580741:50653-52668|+  -            672 95696at2             -            490   1.6e-10   37.1   4.4   3   3   7.8e-11     2e-08   30.2   0.2   348   449   484   583   471   595 0.83 NODE_6_length_54752_cov_38.580741_54 # 50653 # 52668 # 1 # ID=6_54;partial=00;start_type=ATG;rbs_motif=AGGAG;rbs_spacer=5-10bp;gc_cont=0.467
NODE_2_length_84815_cov_60.132049:64425-65723|-  -            433 95696at2             -            490   1.2e-07   27.7   0.1   1   2     0.093        24    0.3   0.0     4    24   119   139   116   166 0.75 NODE_2_length_84815_cov_60.132049_57 # 64425 # 65723 # -1 # ID=2_57;partial=00;start_type=ATG;rbs_motif=None;rbs_spacer=None;gc_cont=0.401
NODE_2_length_84815_cov_60.132049:64425-65723|-  -            433 95696at2             -            490   1.2e-07   27.7   0.1   2   2   3.1e-09     8e-07   24.9   0.0   340   458   305   425   286   430 0.77 NODE_2_length_84815_cov_60.132049_57 # 64425 # 65723 # -1 # ID=2_57;partial=00;start_type=ATG;rbs_motif=None;rbs_spacer=None;gc_cont=0.401
NODE_92_length_2948_cov_50.896136:293-1978|+     -            562 95696at2             -            490   0.00043   15.9   0.0   1   1   2.6e-06   0.00066   15.3   0.0     3    55   411   466   409   535 0.83 NODE_92_length_2948_cov_50.896136_2 # 293 # 1978 # 1 # ID=92_2;partial=00;start_type=ATG;rbs_motif=AGGAGG;rbs_spacer=5-10bp;gc_cont=0.401
#
# Program:         hmmsearch
# Version:         3.4 (Aug 2023)
# Pipeline mode:   SEARCH
# Query file:      /workspaces/project_bioinformatic_01/project_s.pne/busco_downloads/lineages/bacteria_odb10/hmms/95696at2.hmm
# Target file:     results/busco_results/prodigal_output/predicted_genes/predicted.faa
# Option settings: hmmsearch --domtblout results/busco_results/run_bacteria_odb10/hmmer_output/95696at2.out --cpu 1 /workspaces/project_bioinformatic_01/project_s.pne/busco_downloads/lineages/bacteria_odb10/hmms/95696at2.hmm results/busco_results/prodigal_output/predicted_genes/predicted.faa 
# Current dir:     /workspaces/project_bioinformatic_01/project_s.pne
# Date:            Mon Mar 30 07:39:48 2026
# [ok]
