#                                                                                                        --- full sequence --- -------------- this domain -------------   hmm coord   ali coord   env coord
# target name                                    accession   tlen query name           accession   qlen   E-value  score  bias   #  of  c-Evalue  i-Evalue  score  bias  from    to  from    to  from    to  acc description of target
#                            ------------------- ---------- ----- -------------------- ---------- ----- --------- ------ ----- --- --- --------- --------- ------ ----- ----- ----- ----- ----- ----- ----- ---- ---------------------
NODE_5_length_58022_cov_31.473806:23498-24397|-  -            300 984717at2            -            224   1.9e-69  230.5  13.7   1   1   7.5e-68   9.1e-66  218.5  13.7     1   218     7   285     7   294 0.77 NODE_5_length_58022_cov_31.473806_27 # 23498 # 24397 # -1 # ID=5_27;partial=00;start_type=ATG;rbs_motif=GGAG/GAGG;rbs_spacer=5-10bp;gc_cont=0.438
NODE_6_length_54752_cov_38.580741:39557-40867|+  -            437 984717at2            -            224   1.5e-32  109.8   0.7   1   2   3.5e-19   4.2e-17   59.3   0.0     2   107     6   127     5   136 0.74 NODE_6_length_54752_cov_38.580741_42 # 39557 # 40867 # 1 # ID=6_42;partial=00;start_type=ATG;rbs_motif=GGA/GAG/AGG;rbs_spacer=5-10bp;gc_cont=0.430
NODE_6_length_54752_cov_38.580741:39557-40867|+  -            437 984717at2            -            224   1.5e-32  109.8   0.7   2   2   7.6e-16   9.3e-14   48.4   0.1     3   106   178   301   176   323 0.72 NODE_6_length_54752_cov_38.580741_42 # 39557 # 40867 # 1 # ID=6_42;partial=00;start_type=ATG;rbs_motif=GGA/GAG/AGG;rbs_spacer=5-10bp;gc_cont=0.430
NODE_74_length_6351_cov_34.772976:2575-3426|-    -            284 984717at2            -            224   4.6e-15   52.6   1.1   1   2     0.006      0.73    6.2   0.1    66   147    18   113     8   120 0.66 NODE_74_length_6351_cov_34.772976_3 # 2575 # 3426 # -1 # ID=74_3;partial=00;start_type=ATG;rbs_motif=AGGA;rbs_spacer=5-10bp;gc_cont=0.419
NODE_74_length_6351_cov_34.772976:2575-3426|-    -            284 984717at2            -            224   4.6e-15   52.6   1.1   2   2   7.2e-15   8.7e-13   45.2   0.1     3    66   125   186   123   199 0.87 NODE_74_length_6351_cov_34.772976_3 # 2575 # 3426 # -1 # ID=74_3;partial=00;start_type=ATG;rbs_motif=AGGA;rbs_spacer=5-10bp;gc_cont=0.419
NODE_27_length_25413_cov_34.255240:10854-12227|+ -            458 984717at2            -            224   5.1e-15   52.5   1.0   1   2       2.2   2.7e+02   -2.2   0.2   135   151   187   203   129   211 0.50 NODE_27_length_25413_cov_34.255240_13 # 10854 # 12227 # 1 # ID=27_13;partial=00;start_type=ATG;rbs_motif=AGGA;rbs_spacer=5-10bp;gc_cont=0.445
NODE_27_length_25413_cov_34.255240:10854-12227|+ -            458 984717at2            -            224   5.1e-15   52.5   1.0   2   2   4.2e-17   5.1e-15   52.5   1.0     3   107   227   345   225   372 0.79 NODE_27_length_25413_cov_34.255240_13 # 10854 # 12227 # 1 # ID=27_13;partial=00;start_type=ATG;rbs_motif=AGGA;rbs_spacer=5-10bp;gc_cont=0.445
NODE_6_length_54752_cov_38.580741:2098-3204|+    -            369 984717at2            -            224   3.2e-09   33.5   0.3   1   2       2.1   2.5e+02   -2.1   0.0    61    88   125   152    97   159 0.58 NODE_6_length_54752_cov_38.580741_4 # 2098 # 3204 # 1 # ID=6_4;partial=00;start_type=ATG;rbs_motif=AGGA;rbs_spacer=5-10bp;gc_cont=0.447
NODE_6_length_54752_cov_38.580741:2098-3204|+    -            369 984717at2            -            224   3.2e-09   33.5   0.3   2   2   6.4e-11   7.7e-09   32.3   0.1     2    72   166   240   165   246 0.80 NODE_6_length_54752_cov_38.580741_4 # 2098 # 3204 # 1 # ID=6_4;partial=00;start_type=ATG;rbs_motif=AGGA;rbs_spacer=5-10bp;gc_cont=0.447
NODE_35_length_19242_cov_24.816636:7701-8939|-   -            413 984717at2            -            224   2.9e-07   27.1   1.9   1   3       1.1   1.3e+02   -1.2   0.2    74   116    74   117    63   120 0.63 NODE_35_length_19242_cov_24.816636_12 # 7701 # 8939 # -1 # ID=35_12;partial=00;start_type=ATG;rbs_motif=AGGAG;rbs_spacer=5-10bp;gc_cont=0.452
NODE_35_length_19242_cov_24.816636:7701-8939|-   -            413 984717at2            -            224   2.9e-07   27.1   1.9   2   3      0.62        76   -0.4   0.0    53    85   155   187   140   196 0.81 NODE_35_length_19242_cov_24.816636_12 # 7701 # 8939 # -1 # ID=35_12;partial=00;start_type=ATG;rbs_motif=AGGAG;rbs_spacer=5-10bp;gc_cont=0.452
NODE_35_length_19242_cov_24.816636:7701-8939|-   -            413 984717at2            -            224   2.9e-07   27.1   1.9   3   3   1.1e-08   1.3e-06   25.0   0.2     2   105   201   310   200   391 0.71 NODE_35_length_19242_cov_24.816636_12 # 7701 # 8939 # -1 # ID=35_12;partial=00;start_type=ATG;rbs_motif=AGGAG;rbs_spacer=5-10bp;gc_cont=0.452
NODE_1_length_87477_cov_37.319256:74561-75148|-  -            196 984717at2            -            224     4e-07   26.6   0.0   1   1   8.9e-09   1.1e-06   25.2   0.0     2    61    28    86    27   155 0.87 NODE_1_length_87477_cov_37.319256_77 # 74561 # 75148 # -1 # ID=1_77;partial=00;start_type=ATG;rbs_motif=GGAG/GAGG;rbs_spacer=5-10bp;gc_cont=0.440
NODE_65_length_9375_cov_31.375973:688-3480|-     -            931 984717at2            -            224   7.2e-06   22.6   0.7   1   1   1.4e-07   1.7e-05   21.3   0.7     2   103   437   545   436   558 0.73 NODE_65_length_9375_cov_31.375973_2 # 688 # 3480 # -1 # ID=65_2;partial=00;start_type=TTG;rbs_motif=AGGAGG;rbs_spacer=5-10bp;gc_cont=0.449
NODE_17_length_39131_cov_34.862373:27039-28598|+ -            520 984717at2            -            224   0.00053   16.4   0.7   1   2   0.00045     0.054    9.9   0.1     2    28    43    69    42    76 0.88 NODE_17_length_39131_cov_34.862373_29 # 27039 # 28598 # 1 # ID=17_29;partial=00;start_type=ATG;rbs_motif=GGA/GAG/AGG;rbs_spacer=5-10bp;gc_cont=0.399
NODE_17_length_39131_cov_34.862373:27039-28598|+ -            520 984717at2            -            224   0.00053   16.4   0.7   2   2      0.02       2.4    4.5   0.1     2    19   354   371   353   381 0.87 NODE_17_length_39131_cov_34.862373_29 # 27039 # 28598 # 1 # ID=17_29;partial=00;start_type=ATG;rbs_motif=GGA/GAG/AGG;rbs_spacer=5-10bp;gc_cont=0.399
NODE_14_length_41524_cov_31.922120:25270-26580|- -            437 984717at2            -            224    0.0007   16.0   0.0   1   3   2.5e-05     0.003   14.0   0.0     2   100   163   265   162   291 0.71 NODE_14_length_41524_cov_31.922120_32 # 25270 # 26580 # -1 # ID=14_32;partial=00;start_type=ATG;rbs_motif=GGA/GAG/AGG;rbs_spacer=5-10bp;gc_cont=0.435
NODE_14_length_41524_cov_31.922120:25270-26580|- -            437 984717at2            -            224    0.0007   16.0   0.0   2   3         1   1.3e+02   -1.1   0.0    86   105   271   290   253   305 0.77 NODE_14_length_41524_cov_31.922120_32 # 25270 # 26580 # -1 # ID=14_32;partial=00;start_type=ATG;rbs_motif=GGA/GAG/AGG;rbs_spacer=5-10bp;gc_cont=0.435
NODE_14_length_41524_cov_31.922120:25270-26580|- -            437 984717at2            -            224    0.0007   16.0   0.0   3   3       1.2   1.5e+02   -1.4   0.0    85   116   291   321   275   344 0.63 NODE_14_length_41524_cov_31.922120_32 # 25270 # 26580 # -1 # ID=14_32;partial=00;start_type=ATG;rbs_motif=GGA/GAG/AGG;rbs_spacer=5-10bp;gc_cont=0.435
NODE_59_length_10837_cov_34.631746:94-1995|+     -            634 984717at2            -            224   0.00098   15.6   4.2   1   3   0.00048     0.058    9.8   0.0     2    22    32    52    31    56 0.94 NODE_59_length_10837_cov_34.631746_1 # 94 # 1995 # 1 # ID=59_1;partial=00;start_type=ATG;rbs_motif=None;rbs_spacer=None;gc_cont=0.416
NODE_59_length_10837_cov_34.631746:94-1995|+     -            634 984717at2            -            224   0.00098   15.6   4.2   2   3    0.0042      0.51    6.7   0.0     2    22   355   375   354   384 0.90 NODE_59_length_10837_cov_34.631746_1 # 94 # 1995 # 1 # ID=59_1;partial=00;start_type=ATG;rbs_motif=None;rbs_spacer=None;gc_cont=0.416
NODE_59_length_10837_cov_34.631746:94-1995|+     -            634 984717at2            -            224   0.00098   15.6   4.2   3   3       4.6   5.6e+02   -3.3   0.4   128   143   560   575   531   629 0.54 NODE_59_length_10837_cov_34.631746_1 # 94 # 1995 # 1 # ID=59_1;partial=00;start_type=ATG;rbs_motif=None;rbs_spacer=None;gc_cont=0.416
NODE_47_length_14503_cov_75.816708:10146-11261|- -            372 984717at2            -            224    0.0011   15.4   0.1   1   2   9.1e-06    0.0011   15.4   0.1     3    20     6    23     4    29 0.89 NODE_47_length_14503_cov_75.816708_10 # 10146 # 11261 # -1 # ID=47_10;partial=00;start_type=ATG;rbs_motif=GGAG/GAGG;rbs_spacer=5-10bp;gc_cont=0.401
NODE_47_length_14503_cov_75.816708:10146-11261|- -            372 984717at2            -            224    0.0011   15.4   0.1   2   2       1.8   2.2e+02   -1.9   0.1    69    83    93   107    70   174 0.72 NODE_47_length_14503_cov_75.816708_10 # 10146 # 11261 # -1 # ID=47_10;partial=00;start_type=ATG;rbs_motif=GGAG/GAGG;rbs_spacer=5-10bp;gc_cont=0.401
NODE_24_length_27353_cov_40.659002:8843-9721|+   -            293 984717at2            -            224    0.0011   15.4   0.0   1   2      0.35        43    0.4   0.0    35    83    67   114    54   122 0.59 NODE_24_length_27353_cov_40.659002_12 # 8843 # 9721 # 1 # ID=24_12;partial=00;start_type=ATG;rbs_motif=AGGA;rbs_spacer=5-10bp;gc_cont=0.436
NODE_24_length_27353_cov_40.659002:8843-9721|+   -            293 984717at2            -            224    0.0011   15.4   0.0   2   2   6.5e-05    0.0079   12.6   0.0     4    57   154   211   151   233 0.71 NODE_24_length_27353_cov_40.659002_12 # 8843 # 9721 # 1 # ID=24_12;partial=00;start_type=ATG;rbs_motif=AGGA;rbs_spacer=5-10bp;gc_cont=0.436
NODE_11_length_43941_cov_46.991806:33060-34091|+ -            344 984717at2            -            224    0.0014   15.1   1.0   1   3     0.011       1.3    5.3   0.1     2    18    80    96    79    99 0.91 NODE_11_length_43941_cov_46.991806_33 # 33060 # 34091 # 1 # ID=11_33;partial=00;start_type=ATG;rbs_motif=GGA/GAG/AGG;rbs_spacer=5-10bp;gc_cont=0.437
NODE_11_length_43941_cov_46.991806:33060-34091|+ -            344 984717at2            -            224    0.0014   15.1   1.0   2   3     0.002      0.24    7.8   0.0     2    21   130   149   129   221 0.74 NODE_11_length_43941_cov_46.991806_33 # 33060 # 34091 # 1 # ID=11_33;partial=00;start_type=ATG;rbs_motif=GGA/GAG/AGG;rbs_spacer=5-10bp;gc_cont=0.437
NODE_11_length_43941_cov_46.991806:33060-34091|+ -            344 984717at2            -            224    0.0014   15.1   1.0   3   3       2.9   3.6e+02   -2.6   0.0    68    88   296   315   290   325 0.70 NODE_11_length_43941_cov_46.991806_33 # 33060 # 34091 # 1 # ID=11_33;partial=00;start_type=ATG;rbs_motif=GGA/GAG/AGG;rbs_spacer=5-10bp;gc_cont=0.437
NODE_57_length_11146_cov_50.988565:1095-1979|+   -            295 984717at2            -            224     0.002   14.5   0.1   1   2   0.00036     0.044   10.2   0.1     2    25    32    55    31    72 0.90 NODE_57_length_11146_cov_50.988565_3 # 1095 # 1979 # 1 # ID=57_3;partial=00;start_type=ATG;rbs_motif=AGGAG;rbs_spacer=5-10bp;gc_cont=0.394
NODE_57_length_11146_cov_50.988565:1095-1979|+   -            295 984717at2            -            224     0.002   14.5   0.1   2   2      0.14        16    1.8   0.0    46   118   147   221   138   237 0.74 NODE_57_length_11146_cov_50.988565_3 # 1095 # 1979 # 1 # ID=57_3;partial=00;start_type=ATG;rbs_motif=AGGAG;rbs_spacer=5-10bp;gc_cont=0.394
NODE_36_length_18939_cov_43.038592:9850-10491|-  -            214 984717at2            -            224    0.0024   14.3   1.0   1   4   0.00021     0.026   10.9   0.1     2    19    30    47    29    53 0.92 NODE_36_length_18939_cov_43.038592_9 # 9850 # 10491 # -1 # ID=36_9;partial=00;start_type=ATG;rbs_motif=AGxAGG/AGGxGG;rbs_spacer=5-10bp;gc_cont=0.408
NODE_36_length_18939_cov_43.038592:9850-10491|-  -            214 984717at2            -            224    0.0024   14.3   1.0   2   4         3   3.6e+02   -2.6   0.0    23    39    65    82    59   101 0.69 NODE_36_length_18939_cov_43.038592_9 # 9850 # 10491 # -1 # ID=36_9;partial=00;start_type=ATG;rbs_motif=AGxAGG/AGGxGG;rbs_spacer=5-10bp;gc_cont=0.408
NODE_36_length_18939_cov_43.038592:9850-10491|-  -            214 984717at2            -            224    0.0024   14.3   1.0   3   4      0.79        96   -0.8   0.0    94   119   105   133    73   153 0.66 NODE_36_length_18939_cov_43.038592_9 # 9850 # 10491 # -1 # ID=36_9;partial=00;start_type=ATG;rbs_motif=AGxAGG/AGGxGG;rbs_spacer=5-10bp;gc_cont=0.408
NODE_36_length_18939_cov_43.038592:9850-10491|-  -            214 984717at2            -            224    0.0024   14.3   1.0   4   4      0.26        31    0.8   0.0    20    68   131   178   126   209 0.62 NODE_36_length_18939_cov_43.038592_9 # 9850 # 10491 # -1 # ID=36_9;partial=00;start_type=ATG;rbs_motif=AGxAGG/AGGxGG;rbs_spacer=5-10bp;gc_cont=0.408
NODE_16_length_39429_cov_33.440054:11611-13152|+ -            514 984717at2            -            224     0.049   10.0   4.1   1   3      0.22        26    1.1   0.1     2    22    32    52    31    55 0.85 NODE_16_length_39429_cov_33.440054_11 # 11611 # 13152 # 1 # ID=16_11;partial=00;start_type=ATG;rbs_motif=AGGA;rbs_spacer=5-10bp;gc_cont=0.441
NODE_16_length_39429_cov_33.440054:11611-13152|+ -            514 984717at2            -            224     0.049   10.0   4.1   2   3     0.096        12    2.2   0.0    60   112   100   152    94   162 0.84 NODE_16_length_39429_cov_33.440054_11 # 11611 # 13152 # 1 # ID=16_11;partial=00;start_type=ATG;rbs_motif=AGGA;rbs_spacer=5-10bp;gc_cont=0.441
NODE_16_length_39429_cov_33.440054:11611-13152|+ -            514 984717at2            -            224     0.049   10.0   4.1   3   3    0.0061      0.74    6.2   0.2     2    21   352   371   351   379 0.91 NODE_16_length_39429_cov_33.440054_11 # 11611 # 13152 # 1 # ID=16_11;partial=00;start_type=ATG;rbs_motif=AGGA;rbs_spacer=5-10bp;gc_cont=0.441
#
# Program:         hmmsearch
# Version:         3.4 (Aug 2023)
# Pipeline mode:   SEARCH
# Query file:      /workspaces/project_bioinformatic_01/project_s.pne/busco_downloads/lineages/bacteria_odb10/hmms/984717at2.hmm
# Target file:     results/busco_results/prodigal_output/predicted_genes/predicted.faa
# Option settings: hmmsearch --domtblout results/busco_results/run_bacteria_odb10/hmmer_output/984717at2.out --cpu 1 /workspaces/project_bioinformatic_01/project_s.pne/busco_downloads/lineages/bacteria_odb10/hmms/984717at2.hmm results/busco_results/prodigal_output/predicted_genes/predicted.faa 
# Current dir:     /workspaces/project_bioinformatic_01/project_s.pne
# Date:            Mon Mar 30 07:39:48 2026
# [ok]
