#                                                                                                          --- full sequence --- -------------- this domain -------------   hmm coord   ali coord   env coord
# target name                                      accession   tlen query name           accession   qlen   E-value  score  bias   #  of  c-Evalue  i-Evalue  score  bias  from    to  from    to  from    to  acc description of target
#                              ------------------- ---------- ----- -------------------- ---------- ----- --------- ------ ----- --- --- --------- --------- ------ ----- ----- ----- ----- ----- ----- ----- ---- ---------------------
NODE_5_length_256676_cov_32.527157:126784-127719|+ -            312 1069591at2           -            187   5.2e-49  163.7   9.3   1   3   2.3e-37     9e-35  117.3   0.0     1    94     8   113     8   136 0.88 NODE_5_length_256676_cov_32.527157_107 # 126784 # 127719 # 1 # ID=5_107;partial=00;start_type=ATG;rbs_motif=GGA/GAG/AGG;rbs_spacer=5-10bp;gc_cont=0.318
NODE_5_length_256676_cov_32.527157:126784-127719|+ -            312 1069591at2           -            187   5.2e-49  163.7   9.3   2   3   4.2e-07   0.00016   18.6   0.2    97   133   143   179   134   206 0.70 NODE_5_length_256676_cov_32.527157_107 # 126784 # 127719 # 1 # ID=5_107;partial=00;start_type=ATG;rbs_motif=GGA/GAG/AGG;rbs_spacer=5-10bp;gc_cont=0.318
NODE_5_length_256676_cov_32.527157:126784-127719|+ -            312 1069591at2           -            187   5.2e-49  163.7   9.3   3   3   3.5e-08   1.3e-05   22.2   4.1   132   187   203   285   181   285 0.69 NODE_5_length_256676_cov_32.527157_107 # 126784 # 127719 # 1 # ID=5_107;partial=00;start_type=ATG;rbs_motif=GGA/GAG/AGG;rbs_spacer=5-10bp;gc_cont=0.318
NODE_3_length_300823_cov_37.209812:291375-293831|- -            819 1069591at2           -            187   0.00072   16.5   0.0   1   2     0.045        17    2.2   0.0     3    26   205   227   204   240 0.88 NODE_3_length_300823_cov_37.209812_271 # 291375 # 293831 # -1 # ID=3_271;partial=00;start_type=ATG;rbs_motif=AGGAGG;rbs_spacer=5-10bp;gc_cont=0.340
NODE_3_length_300823_cov_37.209812:291375-293831|- -            819 1069591at2           -            187   0.00072   16.5   0.0   2   2   9.6e-05     0.037   10.9   0.0     3    27   542   566   540   575 0.80 NODE_3_length_300823_cov_37.209812_271 # 291375 # 293831 # -1 # ID=3_271;partial=00;start_type=ATG;rbs_motif=AGGAGG;rbs_spacer=5-10bp;gc_cont=0.340
NODE_6_length_236478_cov_33.405658:208621-209883|- -            421 1069591at2           -            187    0.0017   15.3   0.2   1   2      0.15        59    0.5   0.0    75   114    20    58    17    68 0.74 NODE_6_length_236478_cov_33.405658_211 # 208621 # 209883 # -1 # ID=6_211;partial=00;start_type=ATG;rbs_motif=GGA/GAG/AGG;rbs_spacer=11-12bp;gc_cont=0.340
NODE_6_length_236478_cov_33.405658:208621-209883|- -            421 1069591at2           -            187    0.0017   15.3   0.2   2   2   6.3e-05     0.024   11.5   0.1     2    22   113   133   112   138 0.91 NODE_6_length_236478_cov_33.405658_211 # 208621 # 209883 # -1 # ID=6_211;partial=00;start_type=ATG;rbs_motif=GGA/GAG/AGG;rbs_spacer=11-12bp;gc_cont=0.340
NODE_6_length_236478_cov_33.405658:26590-27249|-   -            220 1069591at2           -            187    0.0045   13.9   0.1   1   1   2.3e-05    0.0088   13.0   0.1     2    45     6    50     5    73 0.77 NODE_6_length_236478_cov_33.405658_26 # 26590 # 27249 # -1 # ID=6_26;partial=00;start_type=ATG;rbs_motif=GGA/GAG/AGG;rbs_spacer=5-10bp;gc_cont=0.347
NODE_1_length_477897_cov_41.704631:250638-252743|+ -            702 1069591at2           -            187     0.011   12.6   2.0   1   3      0.25        98   -0.2   0.1     3    25   123   144   122   164 0.80 NODE_1_length_477897_cov_41.704631_231 # 250638 # 252743 # 1 # ID=1_231;partial=00;start_type=ATG;rbs_motif=GGAG/GAGG;rbs_spacer=5-10bp;gc_cont=0.347
NODE_1_length_477897_cov_41.704631:250638-252743|+ -            702 1069591at2           -            187     0.011   12.6   2.0   2   3      0.59   2.3e+02   -1.4   0.1   120   154   390   427   345   436 0.47 NODE_1_length_477897_cov_41.704631_231 # 250638 # 252743 # 1 # ID=1_231;partial=00;start_type=ATG;rbs_motif=GGAG/GAGG;rbs_spacer=5-10bp;gc_cont=0.347
NODE_1_length_477897_cov_41.704631:250638-252743|+ -            702 1069591at2           -            187     0.011   12.6   2.0   3   3   0.00018     0.069   10.1   0.0     3    23   454   474   452   487 0.82 NODE_1_length_477897_cov_41.704631_231 # 250638 # 252743 # 1 # ID=1_231;partial=00;start_type=ATG;rbs_motif=GGAG/GAGG;rbs_spacer=5-10bp;gc_cont=0.347
NODE_12_length_78488_cov_33.302509:74144-74935|+   -            264 1069591at2           -            187     0.013   12.4   0.0   1   1   6.2e-05     0.024   11.6   0.0     2    27    27    50    26    66 0.79 NODE_12_length_78488_cov_33.302509_43 # 74144 # 74935 # 1 # ID=12_43;partial=00;start_type=ATG;rbs_motif=AGGAG/GGAGG;rbs_spacer=11-12bp;gc_cont=0.318
NODE_4_length_276630_cov_35.000752:191522-194131|- -            870 1069591at2           -            187      0.22    8.4   0.0   1   4       1.7   6.4e+02   -2.9   0.1   106   162    18    74     7    92 0.64 NODE_4_length_276630_cov_35.000752_180 # 191522 # 194131 # -1 # ID=4_180;partial=00;start_type=ATG;rbs_motif=GGAG/GAGG;rbs_spacer=5-10bp;gc_cont=0.338
NODE_4_length_276630_cov_35.000752:191522-194131|- -            870 1069591at2           -            187      0.22    8.4   0.0   2   4      0.42   1.6e+02   -0.9   0.0     3    28   202   226   201   228 0.85 NODE_4_length_276630_cov_35.000752_180 # 191522 # 194131 # -1 # ID=4_180;partial=00;start_type=ATG;rbs_motif=GGAG/GAGG;rbs_spacer=5-10bp;gc_cont=0.338
NODE_4_length_276630_cov_35.000752:191522-194131|- -            870 1069591at2           -            187      0.22    8.4   0.0   3   4      0.33   1.3e+02   -0.6   1.3   115   162   410   457   394   490 0.82 NODE_4_length_276630_cov_35.000752_180 # 191522 # 194131 # -1 # ID=4_180;partial=00;start_type=ATG;rbs_motif=GGAG/GAGG;rbs_spacer=5-10bp;gc_cont=0.338
NODE_4_length_276630_cov_35.000752:191522-194131|- -            870 1069591at2           -            187      0.22    8.4   0.0   4   4   0.00058      0.22    8.4   0.0     3    21   606   624   604   637 0.88 NODE_4_length_276630_cov_35.000752_180 # 191522 # 194131 # -1 # ID=4_180;partial=00;start_type=ATG;rbs_motif=GGAG/GAGG;rbs_spacer=5-10bp;gc_cont=0.338
#
# Program:         hmmsearch
# Version:         3.4 (Aug 2023)
# Pipeline mode:   SEARCH
# Query file:      /workspaces/project_bioinformatic_01/busco_downloads/lineages/bacteria_odb10/hmms/1069591at2.hmm
# Target file:     /workspaces/project_bioinformatic_01/busco_output/prodigal_output/predicted_genes/predicted.faa
# Option settings: hmmsearch --domtblout /workspaces/project_bioinformatic_01/busco_output/run_bacteria_odb10/hmmer_output/1069591at2.out --cpu 1 /workspaces/project_bioinformatic_01/busco_downloads/lineages/bacteria_odb10/hmms/1069591at2.hmm /workspaces/project_bioinformatic_01/busco_output/prodigal_output/predicted_genes/predicted.faa 
# Current dir:     /workspaces/project_bioinformatic_01
# Date:            Tue Mar 31 14:58:30 2026
# [ok]
