#                                                                                                          --- full sequence --- -------------- this domain -------------   hmm coord   ali coord   env coord
# target name                                      accession   tlen query name           accession   qlen   E-value  score  bias   #  of  c-Evalue  i-Evalue  score  bias  from    to  from    to  from    to  acc description of target
#                              ------------------- ---------- ----- -------------------- ---------- ----- --------- ------ ----- --- --- --------- --------- ------ ----- ----- ----- ----- ----- ----- ----- ---- ---------------------
NODE_15_length_23674_cov_33.971734:9875-11224|+    -            450 1093223at2           -            361   1.1e-90  301.9   0.1   1   1   5.1e-93   2.3e-90  300.9   0.1     2   357     9   444     8   447 0.82 NODE_15_length_23674_cov_33.971734_11 # 9875 # 11224 # 1 # ID=15_11;partial=00;start_type=ATG;rbs_motif=GGAG/GAGG;rbs_spacer=5-10bp;gc_cont=0.327
NODE_8_length_107841_cov_37.582922:22232-23590|-   -            453 1093223at2           -            361   8.4e-18   62.1   2.0   1   1   3.3e-20   1.5e-17   61.3   2.0    72   316   105   407    89   423 0.73 NODE_8_length_107841_cov_37.582922_20 # 22232 # 23590 # -1 # ID=8_20;partial=00;start_type=ATG;rbs_motif=GGAG/GAGG;rbs_spacer=5-10bp;gc_cont=0.330
NODE_4_length_276630_cov_35.000752:144289-145773|- -            495 1093223at2           -            361   1.4e-12   44.9   0.3   1   2   5.7e-06    0.0026   14.5   0.3    75    98   105   128    84   147 0.83 NODE_4_length_276630_cov_35.000752_136 # 144289 # 145773 # -1 # ID=4_136;partial=00;start_type=TTG;rbs_motif=AGGAG;rbs_spacer=5-10bp;gc_cont=0.369
NODE_4_length_276630_cov_35.000752:144289-145773|- -            495 1093223at2           -            361   1.4e-12   44.9   0.3   2   2   7.2e-10   3.2e-07   27.3   0.0   117   245   171   339   161   350 0.74 NODE_4_length_276630_cov_35.000752_136 # 144289 # 145773 # -1 # ID=4_136;partial=00;start_type=TTG;rbs_motif=AGGAG;rbs_spacer=5-10bp;gc_cont=0.369
NODE_10_length_87502_cov_34.306777:54100-55413|-   -            438 1093223at2           -            361   1.5e-11   41.5   0.0   1   1     1e-13   4.5e-11   40.0   0.0    54   255    79   312    71   315 0.75 NODE_10_length_87502_cov_34.306777_42 # 54100 # 55413 # -1 # ID=10_42;partial=00;start_type=ATG;rbs_motif=AGGAG;rbs_spacer=5-10bp;gc_cont=0.314
NODE_11_length_82993_cov_35.341116:51796-53109|+   -            438 1093223at2           -            361   4.8e-11   39.9   6.7   1   2   4.6e-09   2.1e-06   24.7   1.8    68   105    43    80    30   204 0.77 NODE_11_length_82993_cov_35.341116_48 # 51796 # 53109 # 1 # ID=11_48;partial=00;start_type=ATG;rbs_motif=AGGAGG;rbs_spacer=5-10bp;gc_cont=0.344
NODE_11_length_82993_cov_35.341116:51796-53109|+   -            438 1093223at2           -            361   4.8e-11   39.9   6.7   2   2   1.6e-06   0.00073   16.3   0.2   199   257   252   315   198   399 0.70 NODE_11_length_82993_cov_35.341116_48 # 51796 # 53109 # 1 # ID=11_48;partial=00;start_type=ATG;rbs_motif=AGGAGG;rbs_spacer=5-10bp;gc_cont=0.344
NODE_6_length_236478_cov_33.405658:195139-196410|- -            424 1093223at2           -            361    0.0062   13.2   0.2   1   2    0.0045         2    4.9   0.1    74   108    40    74    29    91 0.77 NODE_6_length_236478_cov_33.405658_200 # 195139 # 196410 # -1 # ID=6_200;partial=00;start_type=ATG;rbs_motif=AGGAG;rbs_spacer=5-10bp;gc_cont=0.329
NODE_6_length_236478_cov_33.405658:195139-196410|- -            424 1093223at2           -            361    0.0062   13.2   0.2   2   2    0.0019      0.86    6.2   0.0   131   222   159   268   123   304 0.71 NODE_6_length_236478_cov_33.405658_200 # 195139 # 196410 # -1 # ID=6_200;partial=00;start_type=ATG;rbs_motif=AGGAG;rbs_spacer=5-10bp;gc_cont=0.329
#
# Program:         hmmsearch
# Version:         3.4 (Aug 2023)
# Pipeline mode:   SEARCH
# Query file:      /workspaces/project_bioinformatic_01/busco_downloads/lineages/bacteria_odb10/hmms/1093223at2.hmm
# Target file:     /workspaces/project_bioinformatic_01/busco_output/prodigal_output/predicted_genes/predicted.faa
# Option settings: hmmsearch --domtblout /workspaces/project_bioinformatic_01/busco_output/run_bacteria_odb10/hmmer_output/1093223at2.out --cpu 1 /workspaces/project_bioinformatic_01/busco_downloads/lineages/bacteria_odb10/hmms/1093223at2.hmm /workspaces/project_bioinformatic_01/busco_output/prodigal_output/predicted_genes/predicted.faa 
# Current dir:     /workspaces/project_bioinformatic_01
# Date:            Tue Mar 31 14:58:30 2026
# [ok]
