#                                                                                                          --- full sequence --- -------------- this domain -------------   hmm coord   ali coord   env coord
# target name                                      accession   tlen query name           accession   qlen   E-value  score  bias   #  of  c-Evalue  i-Evalue  score  bias  from    to  from    to  from    to  acc description of target
#                              ------------------- ---------- ----- -------------------- ---------- ----- --------- ------ ----- --- --- --------- --------- ------ ----- ----- ----- ----- ----- ----- ----- ---- ---------------------
NODE_4_length_276630_cov_35.000752:48747-50594|-   -            616 143460at2            -            439  2.9e-161  534.3   7.6   1   2   9.1e-84   4.1e-81  270.2   0.5     1   195     8   247     8   263 0.88 NODE_4_length_276630_cov_35.000752_47 # 48747 # 50594 # -1 # ID=4_47;partial=00;start_type=ATG;rbs_motif=AGxAGG/AGGxGG;rbs_spacer=11-12bp;gc_cont=0.352
NODE_4_length_276630_cov_35.000752:48747-50594|-   -            616 143460at2            -            439  2.9e-161  534.3   7.6   2   2   1.7e-81   7.8e-79  262.7   1.4   194   439   271   593   263   593 0.83 NODE_4_length_276630_cov_35.000752_47 # 48747 # 50594 # -1 # ID=4_47;partial=00;start_type=ATG;rbs_motif=AGxAGG/AGGxGG;rbs_spacer=11-12bp;gc_cont=0.352
NODE_3_length_300823_cov_37.209812:265945-268026|- -            694 143460at2            -            439   4.1e-38  128.5   0.3   1   3   3.4e-31   1.5e-28   96.9   0.0     2   125    11   152    10   190 0.81 NODE_3_length_300823_cov_37.209812_249 # 265945 # 268026 # -1 # ID=3_249;partial=00;start_type=ATG;rbs_motif=AGGAG;rbs_spacer=5-10bp;gc_cont=0.392
NODE_3_length_300823_cov_37.209812:265945-268026|- -            694 143460at2            -            439   4.1e-38  128.5   0.3   2   3   1.1e-06   0.00051   16.1   0.0   117   293   270   480   261   513 0.75 NODE_3_length_300823_cov_37.209812_249 # 265945 # 268026 # -1 # ID=3_249;partial=00;start_type=ATG;rbs_motif=AGGAG;rbs_spacer=5-10bp;gc_cont=0.392
NODE_3_length_300823_cov_37.209812:265945-268026|- -            694 143460at2            -            439   4.1e-38  128.5   0.3   3   3    0.0025       1.1    5.1   0.0   290   346   602   667   597   671 0.79 NODE_3_length_300823_cov_37.209812_249 # 265945 # 268026 # -1 # ID=3_249;partial=00;start_type=ATG;rbs_motif=AGGAG;rbs_spacer=5-10bp;gc_cont=0.392
NODE_6_length_236478_cov_33.405658:129783-131606|- -            608 143460at2            -            439   6.6e-37  124.5   4.6   1   3   2.7e-39   1.2e-36  123.6   0.7     1   198    13   242    13   266 0.81 NODE_6_length_236478_cov_33.405658_133 # 129783 # 131606 # -1 # ID=6_133;partial=00;start_type=ATG;rbs_motif=AGxAGG/AGGxGG;rbs_spacer=5-10bp;gc_cont=0.339
NODE_6_length_236478_cov_33.405658:129783-131606|- -            608 143460at2            -            439   6.6e-37  124.5   4.6   2   3     0.032        14    1.5   0.1   268   301   353   387   345   401 0.83 NODE_6_length_236478_cov_33.405658_133 # 129783 # 131606 # -1 # ID=6_133;partial=00;start_type=ATG;rbs_motif=AGxAGG/AGGxGG;rbs_spacer=5-10bp;gc_cont=0.339
NODE_6_length_236478_cov_33.405658:129783-131606|- -            608 143460at2            -            439   6.6e-37  124.5   4.6   3   3      0.59   2.7e+02   -2.7   0.0   290   324   410   444   390   461 0.71 NODE_6_length_236478_cov_33.405658_133 # 129783 # 131606 # -1 # ID=6_133;partial=00;start_type=ATG;rbs_motif=AGxAGG/AGGxGG;rbs_spacer=5-10bp;gc_cont=0.339
NODE_3_length_300823_cov_37.209812:264544-265728|- -            395 143460at2            -            439     1e-21   74.5   0.7   1   1   7.9e-24   3.5e-21   72.7   0.7     3   196    14   251    12   260 0.69 NODE_3_length_300823_cov_37.209812_248 # 264544 # 265728 # -1 # ID=3_248;partial=00;start_type=ATG;rbs_motif=AGGAG;rbs_spacer=5-10bp;gc_cont=0.407
NODE_4_length_276630_cov_35.000752:142486-144048|- -            521 143460at2            -            439   2.2e-19   66.8   0.0   1   2   2.1e-21   9.4e-19   64.7   0.0     3   117    12   148    10   182 0.75 NODE_4_length_276630_cov_35.000752_134 # 142486 # 144048 # -1 # ID=4_134;partial=00;start_type=ATG;rbs_motif=AGGAG;rbs_spacer=5-10bp;gc_cont=0.340
NODE_4_length_276630_cov_35.000752:142486-144048|- -            521 143460at2            -            439   2.2e-19   66.8   0.0   2   2      0.25   1.1e+02   -1.5   0.0   169   203   306   340   294   351 0.78 NODE_4_length_276630_cov_35.000752_134 # 142486 # 144048 # -1 # ID=4_134;partial=00;start_type=ATG;rbs_motif=AGGAG;rbs_spacer=5-10bp;gc_cont=0.340
NODE_5_length_256676_cov_32.527157:85500-87617|+   -            706 143460at2            -            439   4.5e-17   59.2   0.8   1   3      0.61   2.7e+02   -2.7   0.1   378   431   130   183   123   186 0.66 NODE_5_length_256676_cov_32.527157_74 # 85500 # 87617 # 1 # ID=5_74;partial=00;start_type=ATG;rbs_motif=AGGAG;rbs_spacer=5-10bp;gc_cont=0.341
NODE_5_length_256676_cov_32.527157:85500-87617|+   -            706 143460at2            -            439   4.5e-17   59.2   0.8   2   3   9.9e-20   4.5e-17   59.2   0.8     4   120   212   331   210   422 0.88 NODE_5_length_256676_cov_32.527157_74 # 85500 # 87617 # 1 # ID=5_74;partial=00;start_type=ATG;rbs_motif=AGGAG;rbs_spacer=5-10bp;gc_cont=0.341
NODE_5_length_256676_cov_32.527157:85500-87617|+   -            706 143460at2            -            439   4.5e-17   59.2   0.8   3   3      0.53   2.4e+02   -2.5   0.1   167   191   625   649   599   655 0.82 NODE_5_length_256676_cov_32.527157_74 # 85500 # 87617 # 1 # ID=5_74;partial=00;start_type=ATG;rbs_motif=AGGAG;rbs_spacer=5-10bp;gc_cont=0.341
#
# Program:         hmmsearch
# Version:         3.4 (Aug 2023)
# Pipeline mode:   SEARCH
# Query file:      /workspaces/project_bioinformatic_01/busco_downloads/lineages/bacteria_odb10/hmms/143460at2.hmm
# Target file:     /workspaces/project_bioinformatic_01/busco_output/prodigal_output/predicted_genes/predicted.faa
# Option settings: hmmsearch --domtblout /workspaces/project_bioinformatic_01/busco_output/run_bacteria_odb10/hmmer_output/143460at2.out --cpu 1 /workspaces/project_bioinformatic_01/busco_downloads/lineages/bacteria_odb10/hmms/143460at2.hmm /workspaces/project_bioinformatic_01/busco_output/prodigal_output/predicted_genes/predicted.faa 
# Current dir:     /workspaces/project_bioinformatic_01
# Date:            Tue Mar 31 14:58:30 2026
# [ok]
