#                                                                                                          --- full sequence --- -------------- this domain -------------   hmm coord   ali coord   env coord
# target name                                      accession   tlen query name           accession   qlen   E-value  score  bias   #  of  c-Evalue  i-Evalue  score  bias  from    to  from    to  from    to  acc description of target
#                              ------------------- ---------- ----- -------------------- ---------- ----- --------- ------ ----- --- --- --------- --------- ------ ----- ----- ----- ----- ----- ----- ----- ---- ---------------------
NODE_5_length_256676_cov_32.527157:128777-130015|+ -            413 1592033at2           -            393  4.4e-139  461.2   7.1   1   1  2.3e-141  5.6e-139  460.8   7.1     4   377     9   395     5   408 0.89 NODE_5_length_256676_cov_32.527157_110 # 128777 # 130015 # 1 # ID=5_110;partial=00;start_type=ATG;rbs_motif=AGGAG;rbs_spacer=5-10bp;gc_cont=0.313
NODE_6_length_236478_cov_33.405658:23171-24481|-   -            437 1592033at2           -            393   6.5e-19   65.5   0.3   1   2   1.1e-11   2.8e-09   33.8   0.0   195   353     4   166     1   175 0.84 NODE_6_length_236478_cov_33.405658_24 # 23171 # 24481 # -1 # ID=6_24;partial=00;start_type=ATG;rbs_motif=GGAG/GAGG;rbs_spacer=5-10bp;gc_cont=0.353
NODE_6_length_236478_cov_33.405658:23171-24481|-   -            437 1592033at2           -            393   6.5e-19   65.5   0.3   2   2   7.5e-10   1.9e-07   27.8   1.5   194   361   175   358   171   378 0.79 NODE_6_length_236478_cov_33.405658_24 # 23171 # 24481 # -1 # ID=6_24;partial=00;start_type=ATG;rbs_motif=GGAG/GAGG;rbs_spacer=5-10bp;gc_cont=0.353
NODE_6_length_236478_cov_33.405658:187414-188706|- -            431 1592033at2           -            393   4.5e-16   56.2   0.0   1   1   2.7e-18   6.6e-16   55.6   0.0   195   364   159   343   154   367 0.87 NODE_6_length_236478_cov_33.405658_190 # 187414 # 188706 # -1 # ID=6_190;partial=00;start_type=ATG;rbs_motif=GGAG/GAGG;rbs_spacer=5-10bp;gc_cont=0.366
NODE_6_length_236478_cov_33.405658:140097-141197|- -            367 1592033at2           -            393   2.1e-10   37.5   1.1   1   2   7.7e-05     0.019   11.3   0.0   298   351    90   159    70   163 0.82 NODE_6_length_236478_cov_33.405658_145 # 140097 # 141197 # -1 # ID=6_145;partial=00;start_type=TTG;rbs_motif=GGAGG;rbs_spacer=5-10bp;gc_cont=0.342
NODE_6_length_236478_cov_33.405658:140097-141197|- -            367 1592033at2           -            393   2.1e-10   37.5   1.1   2   2   3.8e-09   9.4e-07   25.5   0.3   195   255   161   224   156   232 0.82 NODE_6_length_236478_cov_33.405658_145 # 140097 # 141197 # -1 # ID=6_145;partial=00;start_type=TTG;rbs_motif=GGAGG;rbs_spacer=5-10bp;gc_cont=0.342
NODE_6_length_236478_cov_33.405658:113635-114534|- -            300 1592033at2           -            393   2.2e-10   37.5   0.0   1   1   1.5e-12   3.7e-10   36.7   0.0   196   352     8   172     3   189 0.81 NODE_6_length_236478_cov_33.405658_115 # 113635 # 114534 # -1 # ID=6_115;partial=00;start_type=ATG;rbs_motif=AGGA;rbs_spacer=5-10bp;gc_cont=0.331
NODE_2_length_414913_cov_41.567711:318438-319535|+ -            366 1592033at2           -            393   4.5e-10   36.4   3.2   1   3   2.1e-12   5.3e-10   36.2   0.0   197   249     5    58     2    68 0.86 NODE_2_length_414913_cov_41.567711_270 # 318438 # 319535 # 1 # ID=2_270;partial=00;start_type=ATG;rbs_motif=AGGAG;rbs_spacer=5-10bp;gc_cont=0.354
NODE_2_length_414913_cov_41.567711:318438-319535|+ -            366 1592033at2           -            393   4.5e-10   36.4   3.2   2   3      0.69   1.7e+02   -1.7   0.1   334   368   156   190    90   212 0.43 NODE_2_length_414913_cov_41.567711_270 # 318438 # 319535 # 1 # ID=2_270;partial=00;start_type=ATG;rbs_motif=AGGAG;rbs_spacer=5-10bp;gc_cont=0.354
NODE_2_length_414913_cov_41.567711:318438-319535|+ -            366 1592033at2           -            393   4.5e-10   36.4   3.2   3   3      0.25        60   -0.2   0.2   316   345   223   252   194   264 0.71 NODE_2_length_414913_cov_41.567711_270 # 318438 # 319535 # 1 # ID=2_270;partial=00;start_type=ATG;rbs_motif=AGGAG;rbs_spacer=5-10bp;gc_cont=0.354
NODE_1_length_477897_cov_41.704631:435252-436631|- -            460 1592033at2           -            393   6.1e-10   36.0   4.0   1   1   5.1e-12   1.2e-09   34.9   4.0   167   373   196   405   191   418 0.78 NODE_1_length_477897_cov_41.704631_394 # 435252 # 436631 # -1 # ID=1_394;partial=00;start_type=ATG;rbs_motif=AGGAGG;rbs_spacer=11-12bp;gc_cont=0.341
NODE_5_length_256676_cov_32.527157:54256-55140|+   -            295 1592033at2           -            393     2e-07   27.7   0.5   1   2     3e-05    0.0074   12.6   0.1   252   350     3   104     2   114 0.75 NODE_5_length_256676_cov_32.527157_48 # 54256 # 55140 # 1 # ID=5_48;partial=00;start_type=ATG;rbs_motif=GGA/GAG/AGG;rbs_spacer=5-10bp;gc_cont=0.334
NODE_5_length_256676_cov_32.527157:54256-55140|+   -            295 1592033at2           -            393     2e-07   27.7   0.5   2   2   9.2e-06    0.0023   14.3   0.1   180   219   109   145    98   151 0.69 NODE_5_length_256676_cov_32.527157_48 # 54256 # 55140 # 1 # ID=5_48;partial=00;start_type=ATG;rbs_motif=GGA/GAG/AGG;rbs_spacer=5-10bp;gc_cont=0.334
NODE_6_length_236478_cov_33.405658:129783-131606|- -            608 1592033at2           -            393   1.1e-05   21.9   0.2   1   2    0.0003     0.073    9.4   0.0   184   226     3    50     1    67 0.78 NODE_6_length_236478_cov_33.405658_133 # 129783 # 131606 # -1 # ID=6_133;partial=00;start_type=ATG;rbs_motif=AGxAGG/AGGxGG;rbs_spacer=5-10bp;gc_cont=0.339
NODE_6_length_236478_cov_33.405658:129783-131606|- -            608 1592033at2           -            393   1.1e-05   21.9   0.2   2   2   0.00013     0.033   10.5   0.0   279   352   110   191   103   210 0.73 NODE_6_length_236478_cov_33.405658_133 # 129783 # 131606 # -1 # ID=6_133;partial=00;start_type=ATG;rbs_motif=AGxAGG/AGGxGG;rbs_spacer=5-10bp;gc_cont=0.339
NODE_1_length_477897_cov_41.704631:253559-254989|- -            477 1592033at2           -            393   0.00013   18.4   1.4   1   3   0.00088      0.22    7.8   0.1   198   221     5    28     1    46 0.85 NODE_1_length_477897_cov_41.704631_234 # 253559 # 254989 # -1 # ID=1_234;partial=00;start_type=ATG;rbs_motif=AGGAG;rbs_spacer=5-10bp;gc_cont=0.335
NODE_1_length_477897_cov_41.704631:253559-254989|- -            477 1592033at2           -            393   0.00013   18.4   1.4   2   3   0.00047      0.12    8.7   0.0   276   384    81   193    79   202 0.70 NODE_1_length_477897_cov_41.704631_234 # 253559 # 254989 # -1 # ID=1_234;partial=00;start_type=ATG;rbs_motif=AGGAG;rbs_spacer=5-10bp;gc_cont=0.335
NODE_1_length_477897_cov_41.704631:253559-254989|- -            477 1592033at2           -            393   0.00013   18.4   1.4   3   3      0.04       9.9    2.3   0.4   268   339   175   242   174   274 0.73 NODE_1_length_477897_cov_41.704631_234 # 253559 # 254989 # -1 # ID=1_234;partial=00;start_type=ATG;rbs_motif=AGGAG;rbs_spacer=5-10bp;gc_cont=0.335
NODE_6_length_236478_cov_33.405658:207877-208467|- -            197 1592033at2           -            393   0.00038   16.9   0.8   1   1   4.3e-06     0.001   15.4   0.8   192   317    23   149    13   192 0.63 NODE_6_length_236478_cov_33.405658_210 # 207877 # 208467 # -1 # ID=6_210;partial=00;start_type=ATG;rbs_motif=GGAG/GAGG;rbs_spacer=5-10bp;gc_cont=0.288
#
# Program:         hmmsearch
# Version:         3.4 (Aug 2023)
# Pipeline mode:   SEARCH
# Query file:      /workspaces/project_bioinformatic_01/busco_downloads/lineages/bacteria_odb10/hmms/1592033at2.hmm
# Target file:     /workspaces/project_bioinformatic_01/busco_output/prodigal_output/predicted_genes/predicted.faa
# Option settings: hmmsearch --domtblout /workspaces/project_bioinformatic_01/busco_output/run_bacteria_odb10/hmmer_output/1592033at2.out --cpu 1 /workspaces/project_bioinformatic_01/busco_downloads/lineages/bacteria_odb10/hmms/1592033at2.hmm /workspaces/project_bioinformatic_01/busco_output/prodigal_output/predicted_genes/predicted.faa 
# Current dir:     /workspaces/project_bioinformatic_01
# Date:            Tue Mar 31 14:58:31 2026
# [ok]
