#                                                                                                          --- full sequence --- -------------- this domain -------------   hmm coord   ali coord   env coord
# target name                                      accession   tlen query name           accession   qlen   E-value  score  bias   #  of  c-Evalue  i-Evalue  score  bias  from    to  from    to  from    to  acc description of target
#                              ------------------- ---------- ----- -------------------- ---------- ----- --------- ------ ----- --- --- --------- --------- ------ ----- ----- ----- ----- ----- ----- ----- ---- ---------------------
NODE_6_length_236478_cov_33.405658:129783-131606|- -            608 182107at2            -            492  6.7e-223  737.7   7.2   1   1  1.7e-224  5.7e-222  734.7   7.2     1   492    13   605    13   605 0.88 NODE_6_length_236478_cov_33.405658_133 # 129783 # 131606 # -1 # ID=6_133;partial=00;start_type=ATG;rbs_motif=AGxAGG/AGGxGG;rbs_spacer=5-10bp;gc_cont=0.339
NODE_4_length_276630_cov_35.000752:48747-50594|-   -            616 182107at2            -            492     3e-40  135.3  10.9   1   3   2.5e-41   8.4e-39  130.5   1.7     1   267     8   312     8   355 0.73 NODE_4_length_276630_cov_35.000752_47 # 48747 # 50594 # -1 # ID=4_47;partial=00;start_type=ATG;rbs_motif=AGxAGG/AGGxGG;rbs_spacer=11-12bp;gc_cont=0.352
NODE_4_length_276630_cov_35.000752:48747-50594|-   -            616 182107at2            -            492     3e-40  135.3  10.9   2   3   7.6e-05     0.025   10.2   0.1   285   355   365   432   359   436 0.87 NODE_4_length_276630_cov_35.000752_47 # 48747 # 50594 # -1 # ID=4_47;partial=00;start_type=ATG;rbs_motif=AGxAGG/AGGxGG;rbs_spacer=11-12bp;gc_cont=0.352
NODE_4_length_276630_cov_35.000752:48747-50594|-   -            616 182107at2            -            492     3e-40  135.3  10.9   3   3         1   3.4e+02   -3.4   0.4   438   475   571   610   550   612 0.73 NODE_4_length_276630_cov_35.000752_47 # 48747 # 50594 # -1 # ID=4_47;partial=00;start_type=ATG;rbs_motif=AGxAGG/AGGxGG;rbs_spacer=11-12bp;gc_cont=0.352
NODE_3_length_300823_cov_37.209812:265945-268026|- -            694 182107at2            -            492     3e-39  132.0   1.3   1   3   9.7e-28   3.3e-25   85.7   0.1     2   131    11   158    10   182 0.82 NODE_3_length_300823_cov_37.209812_249 # 265945 # 268026 # -1 # ID=3_249;partial=00;start_type=ATG;rbs_motif=AGGAG;rbs_spacer=5-10bp;gc_cont=0.392
NODE_3_length_300823_cov_37.209812:265945-268026|- -            694 182107at2            -            492     3e-39  132.0   1.3   2   3   4.5e-11   1.5e-08   30.7   0.0   159   315   306   484   289   499 0.67 NODE_3_length_300823_cov_37.209812_249 # 265945 # 268026 # -1 # ID=3_249;partial=00;start_type=ATG;rbs_motif=AGGAG;rbs_spacer=5-10bp;gc_cont=0.392
NODE_3_length_300823_cov_37.209812:265945-268026|- -            694 182107at2            -            492     3e-39  132.0   1.3   3   3   0.00016     0.055    9.1   0.0   322   350   600   628   591   642 0.92 NODE_3_length_300823_cov_37.209812_249 # 265945 # 268026 # -1 # ID=3_249;partial=00;start_type=ATG;rbs_motif=AGGAG;rbs_spacer=5-10bp;gc_cont=0.392
NODE_4_length_276630_cov_35.000752:142486-144048|- -            521 182107at2            -            492   3.7e-28   95.4   0.5   1   2   2.1e-24   7.2e-22   74.7   0.0     3   132    12   163    10   189 0.86 NODE_4_length_276630_cov_35.000752_134 # 142486 # 144048 # -1 # ID=4_134;partial=00;start_type=ATG;rbs_motif=AGGAG;rbs_spacer=5-10bp;gc_cont=0.340
NODE_4_length_276630_cov_35.000752:142486-144048|- -            521 182107at2            -            492   3.7e-28   95.4   0.5   2   2   5.5e-06    0.0018   14.0   0.2   228   337   384   491   241   514 0.79 NODE_4_length_276630_cov_35.000752_134 # 142486 # 144048 # -1 # ID=4_134;partial=00;start_type=ATG;rbs_motif=AGGAG;rbs_spacer=5-10bp;gc_cont=0.340
NODE_5_length_256676_cov_32.527157:85500-87617|+   -            706 182107at2            -            492   3.4e-24   82.4   0.7   1   1   2.8e-26   9.4e-24   80.9   0.7     5   201   213   422   211   461 0.80 NODE_5_length_256676_cov_32.527157_74 # 85500 # 87617 # 1 # ID=5_74;partial=00;start_type=ATG;rbs_motif=AGGAG;rbs_spacer=5-10bp;gc_cont=0.341
NODE_3_length_300823_cov_37.209812:264544-265728|- -            395 182107at2            -            492   8.4e-17   58.0   0.6   1   1   4.9e-19   1.6e-16   57.0   0.6     3   208    14   258    12   278 0.71 NODE_3_length_300823_cov_37.209812_248 # 264544 # 265728 # -1 # ID=3_248;partial=00;start_type=ATG;rbs_motif=AGGAG;rbs_spacer=5-10bp;gc_cont=0.407
NODE_6_length_236478_cov_33.405658:23171-24481|-   -            437 182107at2            -            492   4.1e-08   29.3   0.9   1   2   0.00092      0.31    6.6   0.0     6   156     8   164     5   171 0.67 NODE_6_length_236478_cov_33.405658_24 # 23171 # 24481 # -1 # ID=6_24;partial=00;start_type=ATG;rbs_motif=GGAG/GAGG;rbs_spacer=5-10bp;gc_cont=0.353
NODE_6_length_236478_cov_33.405658:23171-24481|-   -            437 182107at2            -            492   4.1e-08   29.3   0.9   2   2   3.2e-08   1.1e-05   21.3   0.4    62   157   245   349   176   365 0.69 NODE_6_length_236478_cov_33.405658_24 # 23171 # 24481 # -1 # ID=6_24;partial=00;start_type=ATG;rbs_motif=GGAG/GAGG;rbs_spacer=5-10bp;gc_cont=0.353
NODE_6_length_236478_cov_33.405658:140097-141197|- -            367 182107at2            -            492    0.0017   14.1   0.2   1   2   0.00014     0.048    9.3   0.0    95   153    91   156    66   163 0.74 NODE_6_length_236478_cov_33.405658_145 # 140097 # 141197 # -1 # ID=6_145;partial=00;start_type=TTG;rbs_motif=GGAGG;rbs_spacer=5-10bp;gc_cont=0.342
NODE_6_length_236478_cov_33.405658:140097-141197|- -            367 182107at2            -            492    0.0017   14.1   0.2   2   2     0.012       3.9    3.0   0.0     6    59   165   221   160   232 0.79 NODE_6_length_236478_cov_33.405658_145 # 140097 # 141197 # -1 # ID=6_145;partial=00;start_type=TTG;rbs_motif=GGAGG;rbs_spacer=5-10bp;gc_cont=0.342
#
# Program:         hmmsearch
# Version:         3.4 (Aug 2023)
# Pipeline mode:   SEARCH
# Query file:      /workspaces/project_bioinformatic_01/busco_downloads/lineages/bacteria_odb10/hmms/182107at2.hmm
# Target file:     /workspaces/project_bioinformatic_01/busco_output/prodigal_output/predicted_genes/predicted.faa
# Option settings: hmmsearch --domtblout /workspaces/project_bioinformatic_01/busco_output/run_bacteria_odb10/hmmer_output/182107at2.out --cpu 1 /workspaces/project_bioinformatic_01/busco_downloads/lineages/bacteria_odb10/hmms/182107at2.hmm /workspaces/project_bioinformatic_01/busco_output/prodigal_output/predicted_genes/predicted.faa 
# Current dir:     /workspaces/project_bioinformatic_01
# Date:            Tue Mar 31 14:58:31 2026
# [ok]
