#                                                                                                          --- full sequence --- -------------- this domain -------------   hmm coord   ali coord   env coord
# target name                                      accession   tlen query name           accession   qlen   E-value  score  bias   #  of  c-Evalue  i-Evalue  score  bias  from    to  from    to  from    to  acc description of target
#                              ------------------- ---------- ----- -------------------- ---------- ----- --------- ------ ----- --- --- --------- --------- ------ ----- ----- ----- ----- ----- ----- ----- ---- ---------------------
NODE_9_length_101871_cov_38.044806:12007-12501|+   -            165 1827295at2           -             74   9.2e-20   67.7   0.0   1   1   1.5e-21   2.3e-19   66.4   0.0     8    74    30   116    19   116 0.79 NODE_9_length_101871_cov_38.044806_10 # 12007 # 12501 # 1 # ID=9_10;partial=00;start_type=ATG;rbs_motif=GGA/GAG/AGG;rbs_spacer=11-12bp;gc_cont=0.301
NODE_1_length_477897_cov_41.704631:250638-252743|+ -            702 1827295at2           -             74   5.9e-05   20.2   0.1   1   2   0.00062     0.093   10.0   0.0    12    36   123   148   108   151 0.80 NODE_1_length_477897_cov_41.704631_231 # 250638 # 252743 # 1 # ID=1_231;partial=00;start_type=ATG;rbs_motif=GGAG/GAGG;rbs_spacer=5-10bp;gc_cont=0.347
NODE_1_length_477897_cov_41.704631:250638-252743|+ -            702 1827295at2           -             74   5.9e-05   20.2   0.1   2   2    0.0034       0.5    7.6   0.0    11    32   453   474   438   478 0.86 NODE_1_length_477897_cov_41.704631_231 # 250638 # 252743 # 1 # ID=1_231;partial=00;start_type=ATG;rbs_motif=GGAG/GAGG;rbs_spacer=5-10bp;gc_cont=0.347
NODE_3_length_300823_cov_37.209812:291375-293831|- -            819 1827295at2           -             74   0.00024   18.3   0.0   1   2    0.0046      0.68    7.2   0.0    12    32   205   225   193   232 0.85 NODE_3_length_300823_cov_37.209812_271 # 291375 # 293831 # -1 # ID=3_271;partial=00;start_type=ATG;rbs_motif=AGGAGG;rbs_spacer=5-10bp;gc_cont=0.340
NODE_3_length_300823_cov_37.209812:291375-293831|- -            819 1827295at2           -             74   0.00024   18.3   0.0   2   2    0.0021      0.31    8.3   0.0    11    32   541   562   526   566 0.85 NODE_3_length_300823_cov_37.209812_271 # 291375 # 293831 # -1 # ID=3_271;partial=00;start_type=ATG;rbs_motif=AGGAGG;rbs_spacer=5-10bp;gc_cont=0.340
NODE_4_length_276630_cov_35.000752:191522-194131|- -            870 1827295at2           -             74   0.00073   16.7   0.2   1   3    0.0081       1.2    6.4   0.0    12    32   202   222   189   230 0.84 NODE_4_length_276630_cov_35.000752_180 # 191522 # 194131 # -1 # ID=4_180;partial=00;start_type=ATG;rbs_motif=GGAG/GAGG;rbs_spacer=5-10bp;gc_cont=0.338
NODE_4_length_276630_cov_35.000752:191522-194131|- -            870 1827295at2           -             74   0.00073   16.7   0.2   2   3       8.3   1.3e+03   -3.2   0.1    17    25   283   291   282   299 0.75 NODE_4_length_276630_cov_35.000752_180 # 191522 # 194131 # -1 # ID=4_180;partial=00;start_type=ATG;rbs_motif=GGAG/GAGG;rbs_spacer=5-10bp;gc_cont=0.338
NODE_4_length_276630_cov_35.000752:191522-194131|- -            870 1827295at2           -             74   0.00073   16.7   0.2   3   3     0.005      0.75    7.1   0.0    11    32   605   626   590   632 0.87 NODE_4_length_276630_cov_35.000752_180 # 191522 # 194131 # -1 # ID=4_180;partial=00;start_type=ATG;rbs_motif=GGAG/GAGG;rbs_spacer=5-10bp;gc_cont=0.338
NODE_3_length_300823_cov_37.209812:254480-255142|+ -            221 1827295at2           -             74    0.0014   15.9   0.0   1   1   1.7e-05    0.0026   15.0   0.0     9    33    10    34     1    42 0.86 NODE_3_length_300823_cov_37.209812_240 # 254480 # 255142 # 1 # ID=3_240;partial=00;start_type=ATG;rbs_motif=AGGAG;rbs_spacer=5-10bp;gc_cont=0.321
NODE_6_length_236478_cov_33.405658:208621-209883|- -            421 1827295at2           -             74    0.0018   15.5   0.0   1   2   3.4e-05    0.0051   14.0   0.0     6    33   108   135    95   141 0.84 NODE_6_length_236478_cov_33.405658_211 # 208621 # 209883 # -1 # ID=6_211;partial=00;start_type=ATG;rbs_motif=GGA/GAG/AGG;rbs_spacer=11-12bp;gc_cont=0.340
NODE_6_length_236478_cov_33.405658:208621-209883|- -            421 1827295at2           -             74    0.0018   15.5   0.0   2   2       8.4   1.3e+03   -3.2   0.0    32    50   316   334   313   349 0.73 NODE_6_length_236478_cov_33.405658_211 # 208621 # 209883 # -1 # ID=6_211;partial=00;start_type=ATG;rbs_motif=GGA/GAG/AGG;rbs_spacer=11-12bp;gc_cont=0.340
NODE_2_length_414913_cov_41.567711:376777-377979|+ -            401 1827295at2           -             74    0.0021   15.3   0.0   1   1     3e-05    0.0045   14.2   0.0    10    32     6    28     1    33 0.87 NODE_2_length_414913_cov_41.567711_333 # 376777 # 377979 # 1 # ID=2_333;partial=00;start_type=ATG;rbs_motif=GGAG/GAGG;rbs_spacer=5-10bp;gc_cont=0.377
NODE_6_length_236478_cov_33.405658:158598-161075|- -            826 1827295at2           -             74    0.0034   14.6   0.1   1   1   6.1e-05    0.0091   13.2   0.1     5    32   346   377   340   381 0.79 NODE_6_length_236478_cov_33.405658_165 # 158598 # 161075 # -1 # ID=6_165;partial=00;start_type=ATG;rbs_motif=AGGAGG;rbs_spacer=5-10bp;gc_cont=0.326
NODE_1_length_477897_cov_41.704631:215863-216558|+ -            232 1827295at2           -             74    0.0048   14.1   0.1   1   1   6.7e-05      0.01   13.1   0.1     8    45    27    64     9    65 0.77 NODE_1_length_477897_cov_41.704631_196 # 215863 # 216558 # 1 # ID=1_196;partial=00;start_type=ATG;rbs_motif=AGGAG;rbs_spacer=5-10bp;gc_cont=0.313
NODE_6_length_236478_cov_33.405658:185294-186298|- -            335 1827295at2           -             74    0.0079   13.4   0.0   1   1   0.00012     0.018   12.3   0.0     8    35    50    80    40    84 0.81 NODE_6_length_236478_cov_33.405658_187 # 185294 # 186298 # -1 # ID=6_187;partial=00;start_type=ATG;rbs_motif=GGA/GAG/AGG;rbs_spacer=5-10bp;gc_cont=0.371
NODE_6_length_236478_cov_33.405658:150795-151418|- -            208 1827295at2           -             74    0.0088   13.3   0.1   1   1   0.00014     0.021   12.1   0.1     9    35     5    31     1    52 0.81 NODE_6_length_236478_cov_33.405658_157 # 150795 # 151418 # -1 # ID=6_157;partial=00;start_type=ATG;rbs_motif=AGGA;rbs_spacer=5-10bp;gc_cont=0.333
NODE_5_length_256676_cov_32.527157:143679-144452|+ -            258 1827295at2           -             74    0.0089   13.3   0.5   1   2       5.3   7.9e+02   -2.6   0.1    50    62    34    45    33    51 0.75 NODE_5_length_256676_cov_32.527157_133 # 143679 # 144452 # 1 # ID=5_133;partial=00;start_type=ATG;rbs_motif=AGxAGG/AGGxGG;rbs_spacer=5-10bp;gc_cont=0.331
NODE_5_length_256676_cov_32.527157:143679-144452|+ -            258 1827295at2           -             74    0.0089   13.3   0.5   2   2   0.00012     0.019   12.2   0.0     8    33   114   141    96   162 0.82 NODE_5_length_256676_cov_32.527157_133 # 143679 # 144452 # 1 # ID=5_133;partial=00;start_type=ATG;rbs_motif=AGxAGG/AGGxGG;rbs_spacer=5-10bp;gc_cont=0.331
NODE_7_length_131167_cov_38.591845:21946-22560|-   -            205 1827295at2           -             74    0.0089   13.2   0.0   1   1   0.00015     0.023   11.9   0.0    14    35    10    31     5    33 0.86 NODE_7_length_131167_cov_38.591845_20 # 21946 # 22560 # -1 # ID=7_20;partial=00;start_type=GTG;rbs_motif=AGGAGG;rbs_spacer=5-10bp;gc_cont=0.345
NODE_4_length_276630_cov_35.000752:81234-82634|+   -            467 1827295at2           -             74     0.011   13.0   0.2   1   2       0.1        15    2.9   0.0     9    26    30    47    20    53 0.82 NODE_4_length_276630_cov_35.000752_79 # 81234 # 82634 # 1 # ID=4_79;partial=00;start_type=GTG;rbs_motif=AGGAG;rbs_spacer=5-10bp;gc_cont=0.333
NODE_4_length_276630_cov_35.000752:81234-82634|+   -            467 1827295at2           -             74     0.011   13.0   0.2   2   2    0.0042      0.62    7.3   0.1     9    31   278   300   262   307 0.83 NODE_4_length_276630_cov_35.000752_79 # 81234 # 82634 # 1 # ID=4_79;partial=00;start_type=GTG;rbs_motif=AGGAG;rbs_spacer=5-10bp;gc_cont=0.333
NODE_3_length_300823_cov_37.209812:65611-66372|-   -            254 1827295at2           -             74     0.013   12.8   0.0   1   2   0.00083      0.12    9.6   0.0     9    30    28    49    10    54 0.85 NODE_3_length_300823_cov_37.209812_56 # 65611 # 66372 # -1 # ID=3_56;partial=00;start_type=ATG;rbs_motif=AGGAG;rbs_spacer=5-10bp;gc_cont=0.306
NODE_3_length_300823_cov_37.209812:65611-66372|-   -            254 1827295at2           -             74     0.013   12.8   0.0   2   2      0.65        97    0.3   0.0    42    69   222   249   207   250 0.82 NODE_3_length_300823_cov_37.209812_56 # 65611 # 66372 # -1 # ID=3_56;partial=00;start_type=ATG;rbs_motif=AGGAG;rbs_spacer=5-10bp;gc_cont=0.306
NODE_1_length_477897_cov_41.704631:409213-410925|- -            571 1827295at2           -             74     0.014   12.6   0.0   1   2      0.19        28    2.0   0.0     9    27    34    52    18    56 0.77 NODE_1_length_477897_cov_41.704631_366 # 409213 # 410925 # -1 # ID=1_366;partial=00;start_type=ATG;rbs_motif=GGA/GAG/AGG;rbs_spacer=11-12bp;gc_cont=0.335
NODE_1_length_477897_cov_41.704631:409213-410925|- -            571 1827295at2           -             74     0.014   12.6   0.0   2   2    0.0036      0.54    7.5   0.0     9    32   332   355   321   359 0.80 NODE_1_length_477897_cov_41.704631_366 # 409213 # 410925 # -1 # ID=1_366;partial=00;start_type=ATG;rbs_motif=GGA/GAG/AGG;rbs_spacer=11-12bp;gc_cont=0.335
NODE_1_length_477897_cov_41.704631:98926-99657|-   -            244 1827295at2           -             74     0.017   12.4   0.0   1   1   0.00022     0.032   11.5   0.0     8    28    25    47    13    67 0.85 NODE_1_length_477897_cov_41.704631_95 # 98926 # 99657 # -1 # ID=1_95;partial=00;start_type=ATG;rbs_motif=GGAG/GAGG;rbs_spacer=5-10bp;gc_cont=0.346
NODE_12_length_78488_cov_33.302509:74144-74935|+   -            264 1827295at2           -             74     0.029   11.6   0.0   1   1   0.00036     0.054   10.7   0.0     9    30    25    46    11    53 0.79 NODE_12_length_78488_cov_33.302509_43 # 74144 # 74935 # 1 # ID=12_43;partial=00;start_type=ATG;rbs_motif=AGGAG/GGAGG;rbs_spacer=11-12bp;gc_cont=0.318
#
# Program:         hmmsearch
# Version:         3.4 (Aug 2023)
# Pipeline mode:   SEARCH
# Query file:      /workspaces/project_bioinformatic_01/busco_downloads/lineages/bacteria_odb10/hmms/1827295at2.hmm
# Target file:     /workspaces/project_bioinformatic_01/busco_output/prodigal_output/predicted_genes/predicted.faa
# Option settings: hmmsearch --domtblout /workspaces/project_bioinformatic_01/busco_output/run_bacteria_odb10/hmmer_output/1827295at2.out --cpu 1 /workspaces/project_bioinformatic_01/busco_downloads/lineages/bacteria_odb10/hmms/1827295at2.hmm /workspaces/project_bioinformatic_01/busco_output/prodigal_output/predicted_genes/predicted.faa 
# Current dir:     /workspaces/project_bioinformatic_01
# Date:            Tue Mar 31 14:58:32 2026
# [ok]
