#                                                                                                          --- full sequence --- -------------- this domain -------------   hmm coord   ali coord   env coord
# target name                                      accession   tlen query name           accession   qlen   E-value  score  bias   #  of  c-Evalue  i-Evalue  score  bias  from    to  from    to  from    to  acc description of target
#                              ------------------- ---------- ----- -------------------- ---------- ----- --------- ------ ----- --- --- --------- --------- ------ ----- ----- ----- ----- ----- ----- ----- ---- ---------------------
NODE_5_length_256676_cov_32.527157:76646-78349|+   -            568 665824at2            -            547  7.4e-230  761.7   0.0   1   1    2e-232    9e-230  761.4   0.0     1   540     1   560     1   566 0.96 NODE_5_length_256676_cov_32.527157_68 # 76646 # 78349 # 1 # ID=5_68;partial=00;start_type=ATG;rbs_motif=AGGAGG;rbs_spacer=5-10bp;gc_cont=0.349
NODE_6_length_236478_cov_33.405658:216503-218440|- -            646 665824at2            -            547   2.2e-36  123.0   2.2   1   2   2.4e-17   1.1e-14   51.5   0.3    21   189   247   414   226   421 0.84 NODE_6_length_236478_cov_33.405658_219 # 216503 # 218440 # -1 # ID=6_219;partial=00;start_type=ATG;rbs_motif=AGGAGG;rbs_spacer=5-10bp;gc_cont=0.349
NODE_6_length_236478_cov_33.405658:216503-218440|- -            646 665824at2            -            547   2.2e-36  123.0   2.2   2   2   2.4e-23   1.1e-20   71.3   0.1   400   533   497   627   489   640 0.86 NODE_6_length_236478_cov_33.405658_219 # 216503 # 218440 # -1 # ID=6_219;partial=00;start_type=ATG;rbs_motif=AGGAGG;rbs_spacer=5-10bp;gc_cont=0.349
NODE_6_length_236478_cov_33.405658:111320-112711|+ -            464 665824at2            -            547   1.1e-14   51.4   0.0   1   2   1.9e-07   8.4e-05   18.8   0.1    74   158   139   224    31   247 0.84 NODE_6_length_236478_cov_33.405658_113 # 111320 # 112711 # 1 # ID=6_113;partial=00;start_type=ATG;rbs_motif=AGGAG;rbs_spacer=5-10bp;gc_cont=0.343
NODE_6_length_236478_cov_33.405658:111320-112711|+ -            464 665824at2            -            547   1.1e-14   51.4   0.0   2   2   6.8e-11     3e-08   30.2   0.0   442   543   362   457   351   462 0.83 NODE_6_length_236478_cov_33.405658_113 # 111320 # 112711 # 1 # ID=6_113;partial=00;start_type=ATG;rbs_motif=AGGAG;rbs_spacer=5-10bp;gc_cont=0.343
NODE_6_length_236478_cov_33.405658:171580-172842|- -            421 665824at2            -            547   3.8e-14   49.7   2.1   1   2   7.2e-10   3.2e-07   26.8   0.1    35   155     4   124     1   175 0.86 NODE_6_length_236478_cov_33.405658_177 # 171580 # 172842 # -1 # ID=6_177;partial=00;start_type=ATG;rbs_motif=GGAG/GAGG;rbs_spacer=5-10bp;gc_cont=0.326
NODE_6_length_236478_cov_33.405658:171580-172842|- -            421 665824at2            -            547   3.8e-14   49.7   2.1   2   2   1.1e-08   4.9e-06   22.9   0.2   455   537   334   416   329   420 0.84 NODE_6_length_236478_cov_33.405658_177 # 171580 # 172842 # -1 # ID=6_177;partial=00;start_type=ATG;rbs_motif=GGAG/GAGG;rbs_spacer=5-10bp;gc_cont=0.326
NODE_1_length_477897_cov_41.704631:450380-451666|+ -            429 665824at2            -            547   2.6e-11   40.3   0.0   1   2   2.3e-12     1e-09   35.0   0.0    53   210   178   335   136   366 0.90 NODE_1_length_477897_cov_41.704631_405 # 450380 # 451666 # 1 # ID=1_405;partial=00;start_type=ATG;rbs_motif=AGGA;rbs_spacer=5-10bp;gc_cont=0.345
NODE_1_length_477897_cov_41.704631:450380-451666|+ -            429 665824at2            -            547   2.6e-11   40.3   0.0   2   2     0.009       4.1    3.4   0.0   421   451   385   416   357   418 0.80 NODE_1_length_477897_cov_41.704631_405 # 450380 # 451666 # 1 # ID=1_405;partial=00;start_type=ATG;rbs_motif=AGGA;rbs_spacer=5-10bp;gc_cont=0.345
NODE_3_length_300823_cov_37.209812:109054-109536|- -            161 665824at2            -            547   1.2e-06   24.9   0.2   1   1     3e-09   1.4e-06   24.7   0.2   242   354    21   139     2   156 0.81 NODE_3_length_300823_cov_37.209812_93 # 109054 # 109536 # -1 # ID=3_93;partial=00;start_type=ATG;rbs_motif=GGAG/GAGG;rbs_spacer=5-10bp;gc_cont=0.358
#
# Program:         hmmsearch
# Version:         3.4 (Aug 2023)
# Pipeline mode:   SEARCH
# Query file:      /workspaces/project_bioinformatic_01/busco_downloads/lineages/bacteria_odb10/hmms/665824at2.hmm
# Target file:     /workspaces/project_bioinformatic_01/busco_output/prodigal_output/predicted_genes/predicted.faa
# Option settings: hmmsearch --domtblout /workspaces/project_bioinformatic_01/busco_output/run_bacteria_odb10/hmmer_output/665824at2.out --cpu 1 /workspaces/project_bioinformatic_01/busco_downloads/lineages/bacteria_odb10/hmms/665824at2.hmm /workspaces/project_bioinformatic_01/busco_output/prodigal_output/predicted_genes/predicted.faa 
# Current dir:     /workspaces/project_bioinformatic_01
# Date:            Tue Mar 31 14:58:33 2026
# [ok]
