#                                                                                                          --- full sequence --- -------------- this domain -------------   hmm coord   ali coord   env coord
# target name                                      accession   tlen query name           accession   qlen   E-value  score  bias   #  of  c-Evalue  i-Evalue  score  bias  from    to  from    to  from    to  acc description of target
#                              ------------------- ---------- ----- -------------------- ---------- ----- --------- ------ ----- --- --- --------- --------- ------ ----- ----- ----- ----- ----- ----- ----- ---- ---------------------
NODE_14_length_38030_cov_39.319211:7507-9480|+     -            658 761140at2            -            323   4.6e-58  194.4  12.3   1   3   2.7e-26   1.8e-23   80.7   1.1     2    90     5   114     4   140 0.73 NODE_14_length_38030_cov_39.319211_10 # 7507 # 9480 # 1 # ID=14_10;partial=00;start_type=ATG;rbs_motif=AGGAGG;rbs_spacer=5-10bp;gc_cont=0.340
NODE_14_length_38030_cov_39.319211:7507-9480|+     -            658 761140at2            -            323   4.6e-58  194.4  12.3   2   3   3.9e-29   2.6e-26   90.1   1.1   129   254   203   380   165   387 0.80 NODE_14_length_38030_cov_39.319211_10 # 7507 # 9480 # 1 # ID=14_10;partial=00;start_type=ATG;rbs_motif=AGGAGG;rbs_spacer=5-10bp;gc_cont=0.340
NODE_14_length_38030_cov_39.319211:7507-9480|+     -            658 761140at2            -            323   4.6e-58  194.4  12.3   3   3   1.3e-09     9e-07   25.9   0.1   243   316   407   487   391   492 0.74 NODE_14_length_38030_cov_39.319211_10 # 7507 # 9480 # 1 # ID=14_10;partial=00;start_type=ATG;rbs_motif=AGGAGG;rbs_spacer=5-10bp;gc_cont=0.340
NODE_15_length_23674_cov_33.971734:19638-22391|+   -            918 761140at2            -            323   1.3e-10   38.5   1.5   1   4   3.5e-10   2.3e-07   27.8   0.0     2    60    49   113    48   142 0.76 NODE_15_length_23674_cov_33.971734_21 # 19638 # 22391 # 1 # ID=15_21;partial=00;start_type=ATG;rbs_motif=AGGAG;rbs_spacer=5-10bp;gc_cont=0.350
NODE_15_length_23674_cov_33.971734:19638-22391|+   -            918 761140at2            -            323   1.3e-10   38.5   1.5   2   4         1   6.9e+02   -3.3   0.1   137   157   449   467   435   468 0.74 NODE_15_length_23674_cov_33.971734_21 # 19638 # 22391 # 1 # ID=15_21;partial=00;start_type=ATG;rbs_motif=AGGAG;rbs_spacer=5-10bp;gc_cont=0.350
NODE_15_length_23674_cov_33.971734:19638-22391|+   -            918 761140at2            -            323   1.3e-10   38.5   1.5   3   4      0.27   1.8e+02   -1.4   0.1   199   215   583   603   576   604 0.72 NODE_15_length_23674_cov_33.971734_21 # 19638 # 22391 # 1 # ID=15_21;partial=00;start_type=ATG;rbs_motif=AGGAG;rbs_spacer=5-10bp;gc_cont=0.350
NODE_15_length_23674_cov_33.971734:19638-22391|+   -            918 761140at2            -            323   1.3e-10   38.5   1.5   4   4   0.00037      0.25    8.0   0.0   223   309   684   767   676   779 0.72 NODE_15_length_23674_cov_33.971734_21 # 19638 # 22391 # 1 # ID=15_21;partial=00;start_type=ATG;rbs_motif=AGGAG;rbs_spacer=5-10bp;gc_cont=0.350
NODE_6_length_236478_cov_33.405658:196423-199053|- -            877 761140at2            -            323   4.5e-10   36.7   0.9   1   5   7.1e-08   4.8e-05   20.2   0.0     2    60    36    99    35   121 0.86 NODE_6_length_236478_cov_33.405658_201 # 196423 # 199053 # -1 # ID=6_201;partial=00;start_type=ATG;rbs_motif=AGGAGG;rbs_spacer=5-10bp;gc_cont=0.344
NODE_6_length_236478_cov_33.405658:196423-199053|- -            877 761140at2            -            323   4.5e-10   36.7   0.9   2   5     0.023        16    2.1   0.1   125   152   387   415   357   434 0.82 NODE_6_length_236478_cov_33.405658_201 # 196423 # 199053 # -1 # ID=6_201;partial=00;start_type=ATG;rbs_motif=AGGAGG;rbs_spacer=5-10bp;gc_cont=0.344
NODE_6_length_236478_cov_33.405658:196423-199053|- -            877 761140at2            -            323   4.5e-10   36.7   0.9   3   5      0.17   1.1e+02   -0.8   0.0   170   190   468   488   465   499 0.88 NODE_6_length_236478_cov_33.405658_201 # 196423 # 199053 # -1 # ID=6_201;partial=00;start_type=ATG;rbs_motif=AGGAGG;rbs_spacer=5-10bp;gc_cont=0.344
NODE_6_length_236478_cov_33.405658:196423-199053|- -            877 761140at2            -            323   4.5e-10   36.7   0.9   4   5       0.2   1.4e+02   -1.0   0.0   213   245   540   574   518   582 0.74 NODE_6_length_236478_cov_33.405658_201 # 196423 # 199053 # -1 # ID=6_201;partial=00;start_type=ATG;rbs_motif=AGGAGG;rbs_spacer=5-10bp;gc_cont=0.344
NODE_6_length_236478_cov_33.405658:196423-199053|- -            877 761140at2            -            323   4.5e-10   36.7   0.9   5   5   0.00039      0.26    7.9   0.0   278   309   660   691   610   699 0.76 NODE_6_length_236478_cov_33.405658_201 # 196423 # 199053 # -1 # ID=6_201;partial=00;start_type=ATG;rbs_motif=AGGAGG;rbs_spacer=5-10bp;gc_cont=0.344
NODE_10_length_87502_cov_34.306777:80792-83209|-   -            806 761140at2            -            323   2.8e-05   20.9   0.1   1   3   6.5e-07   0.00044   17.0   0.0     1    64    32   102    32   113 0.85 NODE_10_length_87502_cov_34.306777_60 # 80792 # 83209 # -1 # ID=10_60;partial=00;start_type=GTG;rbs_motif=AGGAG;rbs_spacer=5-10bp;gc_cont=0.344
NODE_10_length_87502_cov_34.306777:80792-83209|-   -            806 761140at2            -            323   2.8e-05   20.9   0.1   2   3      0.34   2.3e+02   -1.8   0.1   205   215   575   585   574   587 0.86 NODE_10_length_87502_cov_34.306777_60 # 80792 # 83209 # -1 # ID=10_60;partial=00;start_type=GTG;rbs_motif=AGGAG;rbs_spacer=5-10bp;gc_cont=0.344
NODE_10_length_87502_cov_34.306777:80792-83209|-   -            806 761140at2            -            323   2.8e-05   20.9   0.1   3   3      0.11        76   -0.2   0.0   247   320   656   726   639   730 0.78 NODE_10_length_87502_cov_34.306777_60 # 80792 # 83209 # -1 # ID=10_60;partial=00;start_type=GTG;rbs_motif=AGGAG;rbs_spacer=5-10bp;gc_cont=0.344
#
# Program:         hmmsearch
# Version:         3.4 (Aug 2023)
# Pipeline mode:   SEARCH
# Query file:      /workspaces/project_bioinformatic_01/busco_downloads/lineages/bacteria_odb10/hmms/761140at2.hmm
# Target file:     /workspaces/project_bioinformatic_01/busco_output/prodigal_output/predicted_genes/predicted.faa
# Option settings: hmmsearch --domtblout /workspaces/project_bioinformatic_01/busco_output/run_bacteria_odb10/hmmer_output/761140at2.out --cpu 1 /workspaces/project_bioinformatic_01/busco_downloads/lineages/bacteria_odb10/hmms/761140at2.hmm /workspaces/project_bioinformatic_01/busco_output/prodigal_output/predicted_genes/predicted.faa 
# Current dir:     /workspaces/project_bioinformatic_01
# Date:            Tue Mar 31 14:58:33 2026
# [ok]
