#                                                                                                          --- full sequence --- -------------- this domain -------------   hmm coord   ali coord   env coord
# target name                                      accession   tlen query name           accession   qlen   E-value  score  bias   #  of  c-Evalue  i-Evalue  score  bias  from    to  from    to  from    to  acc description of target
#                              ------------------- ---------- ----- -------------------- ---------- ----- --------- ------ ----- --- --- --------- --------- ------ ----- ----- ----- ----- ----- ----- ----- ---- ---------------------
NODE_6_length_236478_cov_33.405658:26590-27249|-   -            220 776861at2            -            618   1.1e-71  239.1   4.3   1   1   6.9e-74   1.2e-71  239.0   4.3   407   610     2   217     1   219 0.92 NODE_6_length_236478_cov_33.405658_26 # 26590 # 27249 # -1 # ID=6_26;partial=00;start_type=ATG;rbs_motif=GGA/GAG/AGG;rbs_spacer=5-10bp;gc_cont=0.347
NODE_6_length_236478_cov_33.405658:14121-15419|-   -            433 776861at2            -            618   2.8e-41  138.6   0.0   1   1   2.1e-43   3.6e-41  138.3   0.0    13   398    14   426     5   431 0.83 NODE_6_length_236478_cov_33.405658_14 # 14121 # 15419 # -1 # ID=6_14;partial=00;start_type=ATG;rbs_motif=AGxAGG/AGGxGG;rbs_spacer=5-10bp;gc_cont=0.358
NODE_8_length_107841_cov_37.582922:58591-59850|-   -            420 776861at2            -            618   5.7e-06   22.0   1.9   1   2   3.3e-06   0.00055   15.4   1.0    10   240    12   248     3   308 0.69 NODE_8_length_107841_cov_37.582922_61 # 58591 # 59850 # -1 # ID=8_61;partial=00;start_type=ATG;rbs_motif=AGGAG;rbs_spacer=5-10bp;gc_cont=0.350
NODE_8_length_107841_cov_37.582922:58591-59850|-   -            420 776861at2            -            618   5.7e-06   22.0   1.9   2   2    0.0066       1.1    4.5   0.0   257   326   335   404   324   417 0.79 NODE_8_length_107841_cov_37.582922_61 # 58591 # 59850 # -1 # ID=8_61;partial=00;start_type=ATG;rbs_motif=AGGAG;rbs_spacer=5-10bp;gc_cont=0.350
NODE_3_length_300823_cov_37.209812:253870-254487|+ -            206 776861at2            -            618   0.00055   15.4   0.0   1   1   4.8e-06   0.00082   14.9   0.0   407   434     2    29     1    31 0.92 NODE_3_length_300823_cov_37.209812_239 # 253870 # 254487 # 1 # ID=3_239;partial=00;start_type=ATG;rbs_motif=GGAG/GAGG;rbs_spacer=5-10bp;gc_cont=0.265
NODE_1_length_477897_cov_41.704631:409213-410925|- -            571 776861at2            -            618    0.0013   14.2   0.0   1   2       0.1        17    0.6   0.0   413   428    38    53    22    70 0.87 NODE_1_length_477897_cov_41.704631_366 # 409213 # 410925 # -1 # ID=1_366;partial=00;start_type=ATG;rbs_motif=GGA/GAG/AGG;rbs_spacer=11-12bp;gc_cont=0.335
NODE_1_length_477897_cov_41.704631:409213-410925|- -            571 776861at2            -            618    0.0013   14.2   0.0   2   2   8.4e-05     0.014   10.8   0.0   386   430   309   353   292   358 0.87 NODE_1_length_477897_cov_41.704631_366 # 409213 # 410925 # -1 # ID=1_366;partial=00;start_type=ATG;rbs_motif=GGA/GAG/AGG;rbs_spacer=11-12bp;gc_cont=0.335
NODE_3_length_300823_cov_37.209812:254480-255142|+ -            221 776861at2            -            618    0.0014   14.1   0.1   1   1   1.1e-05    0.0019   13.7   0.1   407   435     8    36     3    38 0.91 NODE_3_length_300823_cov_37.209812_240 # 254480 # 255142 # 1 # ID=3_240;partial=00;start_type=ATG;rbs_motif=AGGAG;rbs_spacer=5-10bp;gc_cont=0.321
NODE_3_length_300823_cov_37.209812:119842-121515|- -            558 776861at2            -            618    0.0019   13.6   0.0   1   1   1.8e-05    0.0031   13.0   0.0   403   442   352   388   328   441 0.79 NODE_3_length_300823_cov_37.209812_105 # 119842 # 121515 # -1 # ID=3_105;partial=00;start_type=ATG;rbs_motif=None;rbs_spacer=None;gc_cont=0.323
NODE_7_length_131167_cov_38.591845:70957-71604|+   -            216 776861at2            -            618     0.002   13.6   0.0   1   1   1.4e-05    0.0024   13.3   0.0   413   446     5    38     1    78 0.80 NODE_7_length_131167_cov_38.591845_83 # 70957 # 71604 # 1 # ID=7_83;partial=00;start_type=ATG;rbs_motif=AGGAGG;rbs_spacer=5-10bp;gc_cont=0.356
NODE_5_length_256676_cov_32.527157:126784-127719|+ -            312 776861at2            -            618    0.0054   12.2   0.1   1   2   9.1e-05     0.015   10.7   0.0   405   437     3    35     1    64 0.84 NODE_5_length_256676_cov_32.527157_107 # 126784 # 127719 # 1 # ID=5_107;partial=00;start_type=ATG;rbs_motif=GGA/GAG/AGG;rbs_spacer=5-10bp;gc_cont=0.318
NODE_5_length_256676_cov_32.527157:126784-127719|+ -            312 776861at2            -            618    0.0054   12.2   0.1   2   2      0.38        63   -1.3   0.0   558   607   260   309   254   311 0.87 NODE_5_length_256676_cov_32.527157_107 # 126784 # 127719 # 1 # ID=5_107;partial=00;start_type=ATG;rbs_motif=GGA/GAG/AGG;rbs_spacer=5-10bp;gc_cont=0.318
NODE_1_length_477897_cov_41.704631:424233-424991|+ -            253 776861at2            -            618    0.0056   12.1   0.0   1   1   4.5e-05    0.0076   11.7   0.0   380   428     3    52     1    60 0.79 NODE_1_length_477897_cov_41.704631_381 # 424233 # 424991 # 1 # ID=1_381;partial=00;start_type=ATG;rbs_motif=AGGAG;rbs_spacer=5-10bp;gc_cont=0.368
NODE_6_length_236478_cov_33.405658:208621-209883|- -            421 776861at2            -            618    0.0065   11.9   0.0   1   1   5.7e-05    0.0096   11.3   0.0   404   435   106   137    79   143 0.80 NODE_6_length_236478_cov_33.405658_211 # 208621 # 209883 # -1 # ID=6_211;partial=00;start_type=ATG;rbs_motif=GGA/GAG/AGG;rbs_spacer=11-12bp;gc_cont=0.340
NODE_1_length_477897_cov_41.704631:150189-150851|- -            221 776861at2            -            618     0.012   11.0   0.0   1   1    0.0001     0.017   10.5   0.0   406   430    26    50    14    60 0.83 NODE_1_length_477897_cov_41.704631_137 # 150189 # 150851 # -1 # ID=1_137;partial=00;start_type=ATG;rbs_motif=AGGAG;rbs_spacer=5-10bp;gc_cont=0.341
NODE_6_length_236478_cov_33.405658:150795-151418|- -            208 776861at2            -            618     0.012   11.0   1.7   1   2   0.00048     0.081    8.3   0.5   407   435     3    31     1    34 0.87 NODE_6_length_236478_cov_33.405658_157 # 150795 # 151418 # -1 # ID=6_157;partial=00;start_type=ATG;rbs_motif=AGGA;rbs_spacer=5-10bp;gc_cont=0.333
NODE_6_length_236478_cov_33.405658:150795-151418|- -            208 776861at2            -            618     0.012   11.0   1.7   2   2     0.039       6.6    2.0   0.0   533   562   125   156   117   183 0.82 NODE_6_length_236478_cov_33.405658_157 # 150795 # 151418 # -1 # ID=6_157;partial=00;start_type=ATG;rbs_motif=AGGA;rbs_spacer=5-10bp;gc_cont=0.333
NODE_6_length_236478_cov_33.405658:91143-92117|-   -            325 776861at2            -            618     0.013   10.9   0.0   1   1   0.00011     0.019   10.3   0.0   374   426    89   147    65   159 0.83 NODE_6_length_236478_cov_33.405658_93 # 91143 # 92117 # -1 # ID=6_93;partial=00;start_type=TTG;rbs_motif=AGGAGG;rbs_spacer=5-10bp;gc_cont=0.312
NODE_6_length_236478_cov_33.405658:87894-88418|-   -            175 776861at2            -            618     0.015   10.7   0.0   1   1   0.00012      0.02   10.3   0.0   406   438     4    35     1    38 0.85 NODE_6_length_236478_cov_33.405658_87 # 87894 # 88418 # -1 # ID=6_87;partial=00;start_type=ATG;rbs_motif=AGxAGG/AGGxGG;rbs_spacer=5-10bp;gc_cont=0.288
NODE_9_length_101871_cov_38.044806:16673-18601|-   -            643 776861at2            -            618     0.037    9.4   4.4   1   3    0.0065       1.1    4.5   0.0   404   450    25    68     8   125 0.70 NODE_9_length_101871_cov_38.044806_15 # 16673 # 18601 # -1 # ID=9_15;partial=00;start_type=ATG;rbs_motif=GGA/GAG/AGG;rbs_spacer=5-10bp;gc_cont=0.321
NODE_9_length_101871_cov_38.044806:16673-18601|-   -            643 776861at2            -            618     0.037    9.4   4.4   2   3    0.0021      0.35    6.2   0.0   407   432   354   379   333   383 0.82 NODE_9_length_101871_cov_38.044806_15 # 16673 # 18601 # -1 # ID=9_15;partial=00;start_type=ATG;rbs_motif=GGA/GAG/AGG;rbs_spacer=5-10bp;gc_cont=0.321
NODE_9_length_101871_cov_38.044806:16673-18601|-   -            643 776861at2            -            618     0.037    9.4   4.4   3   3       2.3   3.9e+02   -3.9   1.4   542   611   569   638   564   641 0.66 NODE_9_length_101871_cov_38.044806_15 # 16673 # 18601 # -1 # ID=9_15;partial=00;start_type=ATG;rbs_motif=GGA/GAG/AGG;rbs_spacer=5-10bp;gc_cont=0.321
#
# Program:         hmmsearch
# Version:         3.4 (Aug 2023)
# Pipeline mode:   SEARCH
# Query file:      /workspaces/project_bioinformatic_01/busco_downloads/lineages/bacteria_odb10/hmms/776861at2.hmm
# Target file:     /workspaces/project_bioinformatic_01/busco_output/prodigal_output/predicted_genes/predicted.faa
# Option settings: hmmsearch --domtblout /workspaces/project_bioinformatic_01/busco_output/run_bacteria_odb10/hmmer_output/776861at2.out --cpu 1 /workspaces/project_bioinformatic_01/busco_downloads/lineages/bacteria_odb10/hmms/776861at2.hmm /workspaces/project_bioinformatic_01/busco_output/prodigal_output/predicted_genes/predicted.faa 
# Current dir:     /workspaces/project_bioinformatic_01
# Date:            Tue Mar 31 14:58:33 2026
# [ok]
