#                                                                                                          --- full sequence --- -------------- this domain -------------   hmm coord   ali coord   env coord
# target name                                      accession   tlen query name           accession   qlen   E-value  score  bias   #  of  c-Evalue  i-Evalue  score  bias  from    to  from    to  from    to  acc description of target
#                              ------------------- ---------- ----- -------------------- ---------- ----- --------- ------ ----- --- --- --------- --------- ------ ----- ----- ----- ----- ----- ----- ----- ---- ---------------------
NODE_6_length_236478_cov_33.405658:185294-186298|- -            335 874197at2            -            274  5.8e-122  403.4   0.1   1   1  3.7e-124  7.7e-122  403.0   0.1     2   273    19   319    18   320 0.91 NODE_6_length_236478_cov_33.405658_187 # 185294 # 186298 # -1 # ID=6_187;partial=00;start_type=ATG;rbs_motif=GGA/GAG/AGG;rbs_spacer=5-10bp;gc_cont=0.371
NODE_6_length_236478_cov_33.405658:167129-168403|+ -            425 874197at2            -            274     2e-10   37.6   0.0   1   1   1.5e-12   3.1e-10   37.0   0.0     4   112    10   121     7   142 0.72 NODE_6_length_236478_cov_33.405658_174 # 167129 # 168403 # 1 # ID=6_174;partial=00;start_type=GTG;rbs_motif=GGA/GAG/AGG;rbs_spacer=5-10bp;gc_cont=0.361
NODE_14_length_38030_cov_39.319211:29182-31275|+   -            698 874197at2            -            274   1.4e-06   25.0   0.0   1   1   1.1e-08   2.3e-06   24.3   0.0     7    96   163   267   157   272 0.63 NODE_14_length_38030_cov_39.319211_31 # 29182 # 31275 # 1 # ID=14_31;partial=00;start_type=ATG;rbs_motif=AGGAGG;rbs_spacer=5-10bp;gc_cont=0.356
NODE_3_length_300823_cov_37.209812:291375-293831|- -            819 874197at2            -            274   1.4e-06   25.0   0.6   1   2   0.00031     0.065    9.7   0.4    36    99   202   285   186   288 0.57 NODE_3_length_300823_cov_37.209812_271 # 291375 # 293831 # -1 # ID=3_271;partial=00;start_type=ATG;rbs_motif=AGGAGG;rbs_spacer=5-10bp;gc_cont=0.340
NODE_3_length_300823_cov_37.209812:291375-293831|- -            819 874197at2            -            274   1.4e-06   25.0   0.6   2   2   9.9e-05      0.02   11.3   0.0    11    59   510   562   501   581 0.78 NODE_3_length_300823_cov_37.209812_271 # 291375 # 293831 # -1 # ID=3_271;partial=00;start_type=ATG;rbs_motif=AGGAGG;rbs_spacer=5-10bp;gc_cont=0.340
NODE_4_length_276630_cov_35.000752:191522-194131|- -            870 874197at2            -            274   2.5e-06   24.2   1.1   1   2    0.0004     0.082    9.3   0.8    37    99   200   283   175   294 0.60 NODE_4_length_276630_cov_35.000752_180 # 191522 # 194131 # -1 # ID=4_180;partial=00;start_type=ATG;rbs_motif=GGAG/GAGG;rbs_spacer=5-10bp;gc_cont=0.338
NODE_4_length_276630_cov_35.000752:191522-194131|- -            870 874197at2            -            274   2.5e-06   24.2   1.1   2   2   0.00035     0.073    9.5   0.0    29    59   596   626   570   643 0.73 NODE_4_length_276630_cov_35.000752_180 # 191522 # 194131 # -1 # ID=4_180;partial=00;start_type=ATG;rbs_motif=GGAG/GAGG;rbs_spacer=5-10bp;gc_cont=0.338
NODE_12_length_78488_cov_33.302509:74144-74935|+   -            264 874197at2            -            274   3.3e-06   23.8   0.1   1   1   1.7e-06   0.00036   17.1   0.1    25    93    14    86     2   192 0.67 NODE_12_length_78488_cov_33.302509_43 # 74144 # 74935 # 1 # ID=12_43;partial=00;start_type=ATG;rbs_motif=AGGAG/GGAGG;rbs_spacer=11-12bp;gc_cont=0.318
NODE_6_length_236478_cov_33.405658:208621-209883|- -            421 874197at2            -            274     6e-06   22.9   0.1   1   1   6.5e-08   1.3e-05   21.8   0.1     6    84    69   163    65   196 0.67 NODE_6_length_236478_cov_33.405658_211 # 208621 # 209883 # -1 # ID=6_211;partial=00;start_type=ATG;rbs_motif=GGA/GAG/AGG;rbs_spacer=11-12bp;gc_cont=0.340
NODE_2_length_414913_cov_41.567711:411319-413016|+ -            566 874197at2            -            274   6.4e-06   22.8   0.0   1   1   9.3e-08   1.9e-05   21.2   0.0     5    92    11    93     8   298 0.81 NODE_2_length_414913_cov_41.567711_358 # 411319 # 413016 # 1 # ID=2_358;partial=00;start_type=TTG;rbs_motif=GGAGG;rbs_spacer=5-10bp;gc_cont=0.363
NODE_5_length_256676_cov_32.527157:67391-68794|+   -            468 874197at2            -            274   5.6e-05   19.7   0.9   1   3   2.2e-06   0.00046   16.7   0.0     6    69    15    88    10   127 0.69 NODE_5_length_256676_cov_32.527157_59 # 67391 # 68794 # 1 # ID=5_59;partial=00;start_type=ATG;rbs_motif=GGAGG;rbs_spacer=5-10bp;gc_cont=0.346
NODE_5_length_256676_cov_32.527157:67391-68794|+   -            468 874197at2            -            274   5.6e-05   19.7   0.9   2   3      0.17        36    0.7   0.1    81   100   268   287   240   366 0.85 NODE_5_length_256676_cov_32.527157_59 # 67391 # 68794 # 1 # ID=5_59;partial=00;start_type=ATG;rbs_motif=GGAGG;rbs_spacer=5-10bp;gc_cont=0.346
NODE_5_length_256676_cov_32.527157:67391-68794|+   -            468 874197at2            -            274   5.6e-05   19.7   0.9   3   3       1.4   2.8e+02   -2.3   0.0    68   106   370   407   354   412 0.66 NODE_5_length_256676_cov_32.527157_59 # 67391 # 68794 # 1 # ID=5_59;partial=00;start_type=ATG;rbs_motif=GGAGG;rbs_spacer=5-10bp;gc_cont=0.346
NODE_1_length_477897_cov_41.704631:250638-252743|+ -            702 874197at2            -            274   0.00018   18.1   0.6   1   2     0.025       5.1    3.5   0.5    85    98   189   202   101   206 0.55 NODE_1_length_477897_cov_41.704631_231 # 250638 # 252743 # 1 # ID=1_231;partial=00;start_type=ATG;rbs_motif=GGAG/GAGG;rbs_spacer=5-10bp;gc_cont=0.347
NODE_1_length_477897_cov_41.704631:250638-252743|+ -            702 874197at2            -            274   0.00018   18.1   0.6   2   2   0.00028     0.059    9.8   0.0    11    59   422   474   414   483 0.73 NODE_1_length_477897_cov_41.704631_231 # 250638 # 252743 # 1 # ID=1_231;partial=00;start_type=ATG;rbs_motif=GGAG/GAGG;rbs_spacer=5-10bp;gc_cont=0.347
NODE_9_length_101871_cov_38.044806:16673-18601|-   -            643 874197at2            -            274    0.0007   16.1   0.2   1   2     0.076        16    1.8   0.0    37    57    31    51    23    83 0.85 NODE_9_length_101871_cov_38.044806_15 # 16673 # 18601 # -1 # ID=9_15;partial=00;start_type=ATG;rbs_motif=GGA/GAG/AGG;rbs_spacer=5-10bp;gc_cont=0.321
NODE_9_length_101871_cov_38.044806:16673-18601|-   -            643 874197at2            -            274    0.0007   16.1   0.2   2   2    0.0001     0.021   11.2   0.0    35    60   355   380   327   394 0.82 NODE_9_length_101871_cov_38.044806_15 # 16673 # 18601 # -1 # ID=9_15;partial=00;start_type=ATG;rbs_motif=GGA/GAG/AGG;rbs_spacer=5-10bp;gc_cont=0.321
NODE_9_length_101871_cov_38.044806:12007-12501|+   -            165 874197at2            -            274    0.0015   15.0   0.0   1   1     1e-05    0.0021   14.5   0.0    33    67    33    67    16    79 0.84 NODE_9_length_101871_cov_38.044806_10 # 12007 # 12501 # 1 # ID=9_10;partial=00;start_type=ATG;rbs_motif=GGA/GAG/AGG;rbs_spacer=11-12bp;gc_cont=0.301
NODE_4_length_276630_cov_35.000752:81234-82634|+   -            467 874197at2            -            274    0.0053   13.2   0.1   1   3   0.00038     0.078    9.4   0.0    12    56    13    50     7    60 0.81 NODE_4_length_276630_cov_35.000752_79 # 81234 # 82634 # 1 # ID=4_79;partial=00;start_type=GTG;rbs_motif=AGGAG;rbs_spacer=5-10bp;gc_cont=0.333
NODE_4_length_276630_cov_35.000752:81234-82634|+   -            467 874197at2            -            274    0.0053   13.2   0.1   2   3       1.2   2.5e+02   -2.1   0.0    75    97   136   158   117   187 0.80 NODE_4_length_276630_cov_35.000752_79 # 81234 # 82634 # 1 # ID=4_79;partial=00;start_type=GTG;rbs_motif=AGGAG;rbs_spacer=5-10bp;gc_cont=0.333
NODE_4_length_276630_cov_35.000752:81234-82634|+   -            467 874197at2            -            274    0.0053   13.2   0.1   3   3      0.27        55    0.1   0.0    38    56   280   298   276   314 0.84 NODE_4_length_276630_cov_35.000752_79 # 81234 # 82634 # 1 # ID=4_79;partial=00;start_type=GTG;rbs_motif=AGGAG;rbs_spacer=5-10bp;gc_cont=0.333
#
# Program:         hmmsearch
# Version:         3.4 (Aug 2023)
# Pipeline mode:   SEARCH
# Query file:      /workspaces/project_bioinformatic_01/busco_downloads/lineages/bacteria_odb10/hmms/874197at2.hmm
# Target file:     /workspaces/project_bioinformatic_01/busco_output/prodigal_output/predicted_genes/predicted.faa
# Option settings: hmmsearch --domtblout /workspaces/project_bioinformatic_01/busco_output/run_bacteria_odb10/hmmer_output/874197at2.out --cpu 1 /workspaces/project_bioinformatic_01/busco_downloads/lineages/bacteria_odb10/hmms/874197at2.hmm /workspaces/project_bioinformatic_01/busco_output/prodigal_output/predicted_genes/predicted.faa 
# Current dir:     /workspaces/project_bioinformatic_01
# Date:            Tue Mar 31 14:58:32 2026
# [ok]
