#                                                                                                          --- full sequence --- -------------- this domain -------------   hmm coord   ali coord   env coord
# target name                                      accession   tlen query name           accession   qlen   E-value  score  bias   #  of  c-Evalue  i-Evalue  score  bias  from    to  from    to  from    to  acc description of target
#                              ------------------- ---------- ----- -------------------- ---------- ----- --------- ------ ----- --- --- --------- --------- ------ ----- ----- ----- ----- ----- ----- ----- ---- ---------------------
NODE_4_length_276630_cov_35.000752:83700-84947|-   -            416 932854at2            -           1620  2.1e-169  563.0   3.1   1   1  6.2e-172  2.4e-169  562.8   3.1     2   417     1   413     1   415 0.97 NODE_4_length_276630_cov_35.000752_81 # 83700 # 84947 # -1 # ID=4_81;partial=00;start_type=ATG;rbs_motif=GGA/GAG/AGG;rbs_spacer=11-12bp;gc_cont=0.356
NODE_4_length_276630_cov_35.000752:89515-91704|-   -            730 932854at2            -           1620   5.5e-40  134.0   2.1   1   2      0.16        61   -2.0   0.0   617   638    35    56     5    66 0.71 NODE_4_length_276630_cov_35.000752_86 # 89515 # 91704 # -1 # ID=4_86;partial=00;start_type=ATG;rbs_motif=GGAGG;rbs_spacer=5-10bp;gc_cont=0.352
NODE_4_length_276630_cov_35.000752:89515-91704|-   -            730 932854at2            -           1620   5.5e-40  134.0   2.1   2   2   2.7e-42     1e-39  133.1   1.5   733  1213    93   556    84   648 0.78 NODE_4_length_276630_cov_35.000752_86 # 89515 # 91704 # -1 # ID=4_86;partial=00;start_type=ATG;rbs_motif=GGAGG;rbs_spacer=5-10bp;gc_cont=0.352
NODE_4_length_276630_cov_35.000752:91697-92368|-   -            224 932854at2            -           1620   3.2e-28   95.0   0.2   1   1   2.5e-30   9.8e-28   93.4   0.2  1370  1601     4   204     1   219 0.86 NODE_4_length_276630_cov_35.000752_87 # 91697 # 92368 # -1 # ID=4_87;partial=00;start_type=ATG;rbs_motif=AGGAG;rbs_spacer=5-10bp;gc_cont=0.347
NODE_5_length_256676_cov_32.527157:7598-10771|+    -           1058 932854at2            -           1620   5.6e-14   47.8   0.1   1   2    0.0016      0.63    4.5   0.0   107   188   133   213   107   229 0.87 NODE_5_length_256676_cov_32.527157_8 # 7598 # 10771 # 1 # ID=5_8;partial=00;start_type=ATG;rbs_motif=AGGAG;rbs_spacer=5-10bp;gc_cont=0.357
NODE_5_length_256676_cov_32.527157:7598-10771|+    -           1058 932854at2            -           1620   5.6e-14   47.8   0.1   2   2   1.7e-14   6.4e-12   41.0   0.1    77   203   641   766   579   837 0.91 NODE_5_length_256676_cov_32.527157_8 # 7598 # 10771 # 1 # ID=5_8;partial=00;start_type=ATG;rbs_motif=AGGAG;rbs_spacer=5-10bp;gc_cont=0.357
NODE_6_length_236478_cov_33.405658:146405-147766|- -            454 932854at2            -           1620     8e-09   30.7   1.6   1   1     3e-11   1.2e-08   30.2   1.6    80   185    92   202    90   223 0.87 NODE_6_length_236478_cov_33.405658_152 # 146405 # 147766 # -1 # ID=6_152;partial=00;start_type=ATG;rbs_motif=AGxAGG/AGGxGG;rbs_spacer=5-10bp;gc_cont=0.355
NODE_6_length_236478_cov_33.405658:77155-78510|-   -            452 932854at2            -           1620   2.2e-05   19.3   1.0   1   1   8.4e-08   3.3e-05   18.7   1.0    80   167    92   181    87   204 0.84 NODE_6_length_236478_cov_33.405658_76 # 77155 # 78510 # -1 # ID=6_76;partial=00;start_type=ATG;rbs_motif=GGA/GAG/AGG;rbs_spacer=5-10bp;gc_cont=0.363
NODE_4_length_276630_cov_35.000752:41994-45446|-   -           1151 932854at2            -           1620   0.00037   15.2   0.1   1   1   1.4e-06   0.00054   14.7   0.1    82   186    98   207    65   210 0.86 NODE_4_length_276630_cov_35.000752_43 # 41994 # 45446 # -1 # ID=4_43;partial=00;start_type=TTG;rbs_motif=AGGAG;rbs_spacer=5-10bp;gc_cont=0.355
#
# Program:         hmmsearch
# Version:         3.4 (Aug 2023)
# Pipeline mode:   SEARCH
# Query file:      /workspaces/project_bioinformatic_01/busco_downloads/lineages/bacteria_odb10/hmms/932854at2.hmm
# Target file:     /workspaces/project_bioinformatic_01/busco_output/prodigal_output/predicted_genes/predicted.faa
# Option settings: hmmsearch --domtblout /workspaces/project_bioinformatic_01/busco_output/run_bacteria_odb10/hmmer_output/932854at2.out --cpu 1 /workspaces/project_bioinformatic_01/busco_downloads/lineages/bacteria_odb10/hmms/932854at2.hmm /workspaces/project_bioinformatic_01/busco_output/prodigal_output/predicted_genes/predicted.faa 
# Current dir:     /workspaces/project_bioinformatic_01
# Date:            Tue Mar 31 14:58:33 2026
# [ok]
