#                                                                                                          --- full sequence --- -------------- this domain -------------   hmm coord   ali coord   env coord
# target name                                      accession   tlen query name           accession   qlen   E-value  score  bias   #  of  c-Evalue  i-Evalue  score  bias  from    to  from    to  from    to  acc description of target
#                              ------------------- ---------- ----- -------------------- ---------- ----- --------- ------ ----- --- --- --------- --------- ------ ----- ----- ----- ----- ----- ----- ----- ---- ---------------------
NODE_3_length_300823_cov_37.209812:40389-42374|-   -            662 95696at2             -            490  1.2e-229  760.3  19.4   1   3   2.5e-70   8.4e-68  226.4   0.1     1   125    37   161    37   171 0.97 NODE_3_length_300823_cov_37.209812_33 # 40389 # 42374 # -1 # ID=3_33;partial=00;start_type=ATG;rbs_motif=AGGAGG;rbs_spacer=11-12bp;gc_cont=0.350
NODE_3_length_300823_cov_37.209812:40389-42374|-   -            662 95696at2             -            490  1.2e-229  760.3  19.4   2   3  7.1e-166  2.4e-163  541.6   9.6   105   478   160   592   155   605 0.88 NODE_3_length_300823_cov_37.209812_33 # 40389 # 42374 # -1 # ID=3_33;partial=00;start_type=ATG;rbs_motif=AGGAGG;rbs_spacer=11-12bp;gc_cont=0.350
NODE_3_length_300823_cov_37.209812:40389-42374|-   -            662 95696at2             -            490  1.2e-229  760.3  19.4   3   3      0.19        63   -0.7   0.4   456   489   620   653   608   654 0.71 NODE_3_length_300823_cov_37.209812_33 # 40389 # 42374 # -1 # ID=3_33;partial=00;start_type=ATG;rbs_motif=AGGAGG;rbs_spacer=11-12bp;gc_cont=0.350
NODE_1_length_477897_cov_41.704631:182596-185457|- -            954 95696at2             -            490     7e-13   45.3   1.0   1   3    0.0011      0.37    6.6   0.0     3    49   247   294   245   301 0.86 NODE_1_length_477897_cov_41.704631_172 # 182596 # 185457 # -1 # ID=1_172;partial=00;start_type=ATG;rbs_motif=GGAG/GAGG;rbs_spacer=5-10bp;gc_cont=0.280
NODE_1_length_477897_cov_41.704631:182596-185457|- -            954 95696at2             -            490     7e-13   45.3   1.0   2   3     0.064        21    0.8   0.0   358   391   307   340   303   344 0.92 NODE_1_length_477897_cov_41.704631_172 # 182596 # 185457 # -1 # ID=1_172;partial=00;start_type=ATG;rbs_motif=GGAG/GAGG;rbs_spacer=5-10bp;gc_cont=0.280
NODE_1_length_477897_cov_41.704631:182596-185457|- -            954 95696at2             -            490     7e-13   45.3   1.0   3   3   4.2e-12   1.4e-09   34.4   0.1   334   436   449   546   432   556 0.87 NODE_1_length_477897_cov_41.704631_172 # 182596 # 185457 # -1 # ID=1_172;partial=00;start_type=ATG;rbs_motif=GGAG/GAGG;rbs_spacer=5-10bp;gc_cont=0.280
NODE_8_length_107841_cov_37.582922:20195-21715|-   -            507 95696at2             -            490   2.3e-12   43.6   2.4   1   3    0.0002     0.067    9.1   0.1     6    52    47    98    42   104 0.78 NODE_8_length_107841_cov_37.582922_19 # 20195 # 21715 # -1 # ID=8_19;partial=00;start_type=TTG;rbs_motif=AGGAG;rbs_spacer=5-10bp;gc_cont=0.366
NODE_8_length_107841_cov_37.582922:20195-21715|-   -            507 95696at2             -            490   2.3e-12   43.6   2.4   2   3      0.16        53   -0.5   0.0    17    67   192   243   182   248 0.81 NODE_8_length_107841_cov_37.582922_19 # 20195 # 21715 # -1 # ID=8_19;partial=00;start_type=TTG;rbs_motif=AGGAG;rbs_spacer=5-10bp;gc_cont=0.366
NODE_8_length_107841_cov_37.582922:20195-21715|-   -            507 95696at2             -            490   2.3e-12   43.6   2.4   3   3     8e-12   2.7e-09   33.5   0.1   340   459   244   361   236   379 0.83 NODE_8_length_107841_cov_37.582922_19 # 20195 # 21715 # -1 # ID=8_19;partial=00;start_type=TTG;rbs_motif=AGGAG;rbs_spacer=5-10bp;gc_cont=0.366
NODE_5_length_256676_cov_32.527157:17755-20163|+   -            803 95696at2             -            490   4.5e-12   42.6   0.1   1   2    0.0001     0.034   10.0   0.0     3    50   290   340   288   355 0.86 NODE_5_length_256676_cov_32.527157_17 # 17755 # 20163 # 1 # ID=5_17;partial=00;start_type=ATG;rbs_motif=AGxAGG/AGGxGG;rbs_spacer=5-10bp;gc_cont=0.348
NODE_5_length_256676_cov_32.527157:17755-20163|+   -            803 95696at2             -            490   4.5e-12   42.6   0.1   2   2   8.1e-11   2.7e-08   30.2   0.0   345   441   562   667   552   692 0.74 NODE_5_length_256676_cov_32.527157_17 # 17755 # 20163 # 1 # ID=5_17;partial=00;start_type=ATG;rbs_motif=AGxAGG/AGGxGG;rbs_spacer=5-10bp;gc_cont=0.348
NODE_14_length_38030_cov_39.319211:19515-23021|+   -           1169 95696at2             -            490   5.6e-10   35.7  12.3   1   3   5.8e-08     2e-05   20.7   3.8   117   254   149   309   144   497 0.68 NODE_14_length_38030_cov_39.319211_23 # 19515 # 23021 # 1 # ID=14_23;partial=00;start_type=ATG;rbs_motif=None;rbs_spacer=None;gc_cont=0.342
NODE_14_length_38030_cov_39.319211:19515-23021|+   -           1169 95696at2             -            490   5.6e-10   35.7  12.3   2   3     0.059        20    0.9   0.1   322   408   654   744   647   762 0.71 NODE_14_length_38030_cov_39.319211_23 # 19515 # 23021 # 1 # ID=14_23;partial=00;start_type=ATG;rbs_motif=None;rbs_spacer=None;gc_cont=0.342
NODE_14_length_38030_cov_39.319211:19515-23021|+   -           1169 95696at2             -            490   5.6e-10   35.7  12.3   3   3   1.5e-06   0.00049   16.1   0.1   351   462   846   949   838   959 0.78 NODE_14_length_38030_cov_39.319211_23 # 19515 # 23021 # 1 # ID=14_23;partial=00;start_type=ATG;rbs_motif=None;rbs_spacer=None;gc_cont=0.342
NODE_5_length_256676_cov_32.527157:34475-36535|+   -            687 95696at2             -            490   1.9e-08   30.7   1.2   1   3     0.055        19    1.0   0.0     2    49   289   339   288   342 0.79 NODE_5_length_256676_cov_32.527157_32 # 34475 # 36535 # 1 # ID=5_32;partial=00;start_type=TTG;rbs_motif=GGA/GAG/AGG;rbs_spacer=5-10bp;gc_cont=0.338
NODE_5_length_256676_cov_32.527157:34475-36535|+   -            687 95696at2             -            490   1.9e-08   30.7   1.2   2   3    0.0014      0.46    6.3   0.1   343   409   324   390   315   415 0.80 NODE_5_length_256676_cov_32.527157_32 # 34475 # 36535 # 1 # ID=5_32;partial=00;start_type=TTG;rbs_motif=GGA/GAG/AGG;rbs_spacer=5-10bp;gc_cont=0.338
NODE_5_length_256676_cov_32.527157:34475-36535|+   -            687 95696at2             -            490   1.9e-08   30.7   1.2   3   3   1.7e-08   5.7e-06   22.5   0.0   361   435   509   582   494   606 0.79 NODE_5_length_256676_cov_32.527157_32 # 34475 # 36535 # 1 # ID=5_32;partial=00;start_type=TTG;rbs_motif=GGA/GAG/AGG;rbs_spacer=5-10bp;gc_cont=0.338
NODE_6_length_236478_cov_33.405658:102954-104300|- -            449 95696at2             -            490   1.8e-07   27.4   0.0   1   2    0.0066       2.2    4.1   0.0     6    56    49   108    43   136 0.72 NODE_6_length_236478_cov_33.405658_106 # 102954 # 104300 # -1 # ID=6_106;partial=00;start_type=ATG;rbs_motif=AGGAGG;rbs_spacer=5-10bp;gc_cont=0.327
NODE_6_length_236478_cov_33.405658:102954-104300|- -            449 95696at2             -            490   1.8e-07   27.4   0.0   2   2   4.5e-08   1.5e-05   21.1   0.0   345   413   252   320   230   344 0.90 NODE_6_length_236478_cov_33.405658_106 # 102954 # 104300 # -1 # ID=6_106;partial=00;start_type=ATG;rbs_motif=AGGAGG;rbs_spacer=5-10bp;gc_cont=0.327
NODE_3_length_300823_cov_37.209812:50618-51700|-   -            361 95696at2             -            490   3.1e-07   26.7   3.4   1   2      0.07        24    0.7   0.3   141   181    82   122    34   176 0.57 NODE_3_length_300823_cov_37.209812_41 # 50618 # 51700 # -1 # ID=3_41;partial=00;start_type=ATG;rbs_motif=None;rbs_spacer=None;gc_cont=0.323
NODE_3_length_300823_cov_37.209812:50618-51700|-   -            361 95696at2             -            490   3.1e-07   26.7   3.4   2   2   1.2e-09     4e-07   26.3   0.3   355   458   246   347   210   353 0.79 NODE_3_length_300823_cov_37.209812_41 # 50618 # 51700 # -1 # ID=3_41;partial=00;start_type=ATG;rbs_motif=None;rbs_spacer=None;gc_cont=0.323
#
# Program:         hmmsearch
# Version:         3.4 (Aug 2023)
# Pipeline mode:   SEARCH
# Query file:      /workspaces/project_bioinformatic_01/busco_downloads/lineages/bacteria_odb10/hmms/95696at2.hmm
# Target file:     /workspaces/project_bioinformatic_01/busco_output/prodigal_output/predicted_genes/predicted.faa
# Option settings: hmmsearch --domtblout /workspaces/project_bioinformatic_01/busco_output/run_bacteria_odb10/hmmer_output/95696at2.out --cpu 1 /workspaces/project_bioinformatic_01/busco_downloads/lineages/bacteria_odb10/hmms/95696at2.hmm /workspaces/project_bioinformatic_01/busco_output/prodigal_output/predicted_genes/predicted.faa 
# Current dir:     /workspaces/project_bioinformatic_01
# Date:            Tue Mar 31 14:58:33 2026
# [ok]
