[15:01:44] This is prokka 1.15.6
[15:01:44] Written by Torsten Seemann <torsten.seemann@gmail.com>
[15:01:44] Homepage is https://github.com/tseemann/prokka
[15:01:44] Local time is Tue Mar 31 15:01:44 2026
[15:01:44] You are codespace
[15:01:44] Operating system is linux
[15:01:44] You have BioPerl 1.7.8
[15:01:44] System has 2 cores.
[15:01:44] Option --cpu asked for 4 cores, but system only has 2
[15:01:44] Will use maximum of 2 cores.
[15:01:44] Annotating as >>> Bacteria <<<
[15:01:44] Generating locus_tag from 'project_sta/results/spades_output/scaffolds.fasta' contents.
[15:01:44] Setting --locustag CMAKDCIO from MD5 c6a4dc28b26208d5c9ac237246eedeee
[15:01:44] Creating new output folder: project_sta/results/prokka_results/annotation
[15:01:44] Running: mkdir -p project_sta\/results\/prokka_results\/annotation
[15:01:44] Using filename prefix: MyBacteria.XXX
[15:01:44] Setting HMMER_NCPU=1
[15:01:44] Writing log to: project_sta/results/prokka_results/annotation/MyBacteria.log
[15:01:44] Command: /opt/conda/envs/env_prokka/bin/prokka --outdir project_sta/results/prokka_results/annotation --prefix MyBacteria --kingdom Bacteria --force --cpus 4 project_sta/results/spades_output/scaffolds.fasta
[15:01:44] Looking for 'aragorn' - found /opt/conda/envs/env_prokka/bin/aragorn
[15:01:44] Determined aragorn version is v1.2 from 'ARAGORN v1.2.41 Dean Laslett'
[15:01:44] Looking for 'barrnap' - found /opt/conda/envs/env_prokka/bin/barrnap
[15:01:44] Determined barrnap version is v0.9 from 'barrnap 0.9'
[15:01:44] Looking for 'blastp' - found /opt/conda/envs/env_prokka/bin/blastp
[15:01:52] Determined blastp version is v2.16 from 'blastp: 2.16.0+'
[15:01:52] Looking for 'cmpress' - found /opt/conda/envs/env_prokka/bin/cmpress
[15:01:52] Determined cmpress version is v1.1 from '# INFERNAL 1.1.5 (Sep 2023)'
[15:01:52] Looking for 'cmscan' - found /opt/conda/envs/env_prokka/bin/cmscan
[15:01:52] Determined cmscan version is v1.1 from '# INFERNAL 1.1.5 (Sep 2023)'
[15:01:52] Looking for 'egrep' - found /usr/bin/egrep
[15:01:52] Looking for 'find' - found /usr/bin/find
[15:01:52] Looking for 'grep' - found /usr/bin/grep
[15:01:52] Looking for 'hmmpress' - found /opt/conda/envs/env_prokka/bin/hmmpress
[15:01:53] Determined hmmpress version is v3.4 from '# HMMER 3.4 (Aug 2023); http://hmmer.org/'
[15:01:53] Looking for 'hmmscan' - found /opt/conda/envs/env_prokka/bin/hmmscan
[15:01:53] Determined hmmscan version is v3.4 from '# HMMER 3.4 (Aug 2023); http://hmmer.org/'
[15:01:53] Looking for 'java' - found /opt/conda/envs/env_prokka/bin/java
[15:01:53] Looking for 'makeblastdb' - found /opt/conda/envs/env_prokka/bin/makeblastdb
[15:01:53] Determined makeblastdb version is v2.16 from 'makeblastdb: 2.16.0+'
[15:01:53] Looking for 'minced' - found /opt/conda/envs/env_prokka/bin/minced
[15:01:55] Determined minced version is v4.2 from 'minced 0.4.2'
[15:01:55] Looking for 'parallel' - found /opt/conda/envs/env_prokka/bin/parallel
[15:01:56] Determined parallel version is 20260122 from 'GNU parallel 20260122'
[15:01:56] Looking for 'prodigal' - found /opt/conda/envs/env_prokka/bin/prodigal
[15:01:56] Determined prodigal version is v2.6 from 'Prodigal V2.6.3: February, 2016'
[15:01:56] Looking for 'prokka-genbank_to_fasta_db' - found /opt/conda/envs/env_prokka/bin/prokka-genbank_to_fasta_db
[15:01:56] Looking for 'sed' - found /usr/bin/sed
[15:01:56] Looking for 'tbl2asn' - found /opt/conda/envs/env_prokka/bin/tbl2asn
[15:01:57] Determined tbl2asn version is v25.7 from 'tbl2asn 25.7   arguments:'
[15:01:57] Using genetic code table 11.
[15:01:57] Loading and checking input file: project_sta/results/spades_output/scaffolds.fasta
[15:01:57] Wrote 255 contigs totalling 2812182 bp.
[15:01:57] Predicting tRNAs and tmRNAs
[15:01:57] Running: aragorn -l -gc11  -w project_sta\/results\/prokka_results\/annotation\/MyBacteria\.fna
[15:01:58] 1 tRNA-Glu [461747,461821] 34 (ttc)
[15:01:58] 2 tRNA-Asp [461829,461901] 34 (gtc)
[15:01:58] 1 tRNA-Ser [405639,405731] 37 (tga)
[15:01:58] 1 tmRNA c[11323,11681] 94,129 GKSNNNFAVAA*
[15:01:58] 2 tRNA-Arg [27928,28000] 34 (ccg)
[15:01:58] 1 tRNA-Asn [135468,135542] 33 (gtt)
[15:01:58] 2 tRNA-Ser [135544,135634] 37 (gct)
[15:01:58] 1 tRNA-Gly c[89,162] 33 (tcc)
[15:01:58] 2 tRNA-Leu c[184,266] 34 (gag)
[15:01:58] 1 tRNA-Met [11266,11339] 35 (cat)
[15:01:58] 2 tRNA-Asp [11361,11436] 34 (gtc)
[15:01:58] 3 tRNA-Phe [11453,11525] 34 (gaa)
[15:01:58] 4 tRNA-His [11539,11614] 34 (gtg)
[15:01:58] 5 tRNA-Gly [11630,11703] 33 (tcc)
[15:01:58] 6 tRNA-Asn [11718,11792] 33 (gtt)
[15:01:58] 7 tRNA-Glu [11793,11866] 35 (ttc)
[15:01:58] 8 tRNA-Ser [11920,12008] 36 (gga)
[15:01:58] 1 tRNA-Arg c[521,596] 36 (tct)
[15:01:58] 1 tRNA-Ala [1,76] 34 (tgc)
[15:01:58] 2 tRNA-Met [98,172] 35 (cat)
[15:01:58] 3 tRNA-Met [200,273] 35 (cat)
[15:01:58] 4 tRNA-Ser [282,373] 38 (tga)
[15:01:58] 5 tRNA-Asp [383,458] 34 (gtc)
[15:01:58] 6 tRNA-Ser [497,589] 37 (tga)
[15:01:58] 7 tRNA-Met [603,678] 36 (cat)
[15:01:58] 8 tRNA-Asp [687,762] 34 (gtc)
[15:01:58] 9 tRNA-Phe [780,854] 35 (gaa)
[15:01:58] 10 tRNA-Thr [861,936] 34 (tgt)
[15:01:58] 11 tRNA-Tyr [941,1023] 36 (gta)
[15:01:58] 12 tRNA-Trp [1038,1111] 33 (cca)
[15:01:58] 13 tRNA-His [1114,1187] 34 (gtg)
[15:01:58] 14 tRNA-Gln [1198,1269] 33 (ttg)
[15:01:58] 15 tRNA-Cys [1275,1348] 33 (gca)
[15:01:58] 16 tRNA-Gly [1356,1430] 34 (tcc)
[15:01:58] 17 tRNA-Gly [1446,1520] 34 (tcc)
[15:01:58] 18 tRNA-Gly [1534,1608] 34 (tcc)
[15:01:58] 19 tRNA-Leu [1647,1730] 35 (caa)
[15:01:58] 1 tRNA-Val [88,163] 34 (tac)
[15:01:58] 2 tRNA-Thr [180,255] 34 (tgt)
[15:01:58] 3 tRNA-Lys [261,336] 34 (ttt)
[15:01:58] 4 tRNA-Leu [339,422] 36 (tag)
[15:01:58] 5 tRNA-Gly [425,499] 33 (gcc)
[15:01:58] 6 tRNA-Leu [510,598] 35 (taa)
[15:01:58] 7 tRNA-Arg [616,691] 36 (acg)
[15:01:58] 8 tRNA-Pro [700,773] 35 (tgg)
[15:01:58] 9 tRNA-Ala [791,866] 34 (tgc)
[15:01:58] 1 tRNA-Ala c[-1,74] 35 (tgc)
[15:01:58] 2 tRNA-Pro c[97,170] 35 (tgg)
[15:01:58] 3 tRNA-Arg c[191,267] 35 (acg)
[15:01:58] 4 tRNA-Leu c[273,361] 35 (taa)
[15:01:58] 5 tRNA-Gly c[369,443] 33 (gcc)
[15:01:58] 1 tRNA-Gln [90,164] 33 (ttg)
[15:01:58] 2 tRNA-Lys [168,241] 34 (ttt)
[15:01:58] 1 tRNA-Gly c[1,75] 33 (gcc)
[15:01:58] 2 tRNA-Lys c[108,182] 35 (ttt)
[15:01:58] 3 tRNA-Thr c[188,263] 34 (tgt)
[15:01:58] 1 tRNA-Tyr c[-4,76] 35 (gta)
[15:01:58] 2 tRNA-Val c[106,181] 34 (tac)
[15:01:58] 1 tRNA-Ala c[1,76] 34 (tgc)
[15:01:58] 2 tRNA-Ile c[95,171] 35 (gat)
[15:01:58] 1 tRNA-Ala [-1,75] 34 (tgc)
[15:01:58] 1 tRNA-Ile c[-1,75] 36 (gat)
[15:01:58] 1 tRNA-Val c[2,77] 34 (tac)
[15:01:58] 2 tRNA-Glu c[84,157] 35 (ttc)
[15:01:58] 1 tRNA-Val c[-1,72] 34 (tac)
[15:01:58] 1 tRNA-Asn [87,158] 33 (gtt)
[15:01:58] 1 tRNA-Ile [81,156] 36 (gat)
[15:01:58] 1 tRNA-Ala c[72,147] 34 (tgc)
[15:01:58] 1 tRNA-Ile c[72,148] 35 (gat)
[15:01:58] 1 tRNA-Ile c[4,80] 35 (gat)
[15:01:58] 1 tRNA-Ala [1,76] 34 (tgc)
[15:01:58] 1 tRNA-Asn c[3,77] 33 (gtt)
[15:01:58] Found 72 tRNAs
[15:01:58] Predicting Ribosomal RNAs
[15:01:58] Running Barrnap with 2 threads
[15:02:01] 1 NODE_14_length_38030_cov_39.319211 37917 5S ribosomal RNA (partial)
[15:02:01] 2 NODE_199_length_155_cov_105.884615 93 5S ribosomal RNA (partial)
[15:02:01] 3 NODE_201_length_155_cov_60.589744 93 5S ribosomal RNA (partial)
[15:02:01] 4 NODE_21_length_2950_cov_197.123564 33 23S ribosomal RNA
[15:02:01] 5 NODE_22_length_1675_cov_209.763454 77 16S ribosomal RNA
[15:02:01] 6 NODE_241_length_87_cov_178.500000 3 5S ribosomal RNA (partial)
[15:02:01] Found 6 rRNAs
[15:02:01] Skipping ncRNA search, enable with --rfam if desired.
[15:02:01] Total of 77 tRNA + rRNA features
[15:02:01] Searching for CRISPR repeats
[15:02:01] Found 0 CRISPRs
[15:02:01] Predicting coding sequences
[15:02:01] Contigs total 2812182 bp, so using single mode
[15:02:01] Running: prodigal -i project_sta\/results\/prokka_results\/annotation\/MyBacteria\.fna -c -m -g 11 -p single -f sco -q
[15:02:04] Excluding CDS which overlaps existing RNA (tRNA) at NODE_13_length_47870_cov_34.307032:11971..12084 on - strand
[15:02:05] Found 2558 CDS
[15:02:05] Connecting features back to sequences
[15:02:05] Not using genus-specific database. Try --usegenus to enable it.
[15:02:05] Annotating CDS, please be patient.
[15:02:05] Will use 2 CPUs for similarity searching.
[15:02:06] There are still 2558 unannotated CDS left (started with 2558)
[15:02:06] Will use blast to search against /opt/conda/envs/env_prokka/db/kingdom/Bacteria/IS with 2 CPUs
[15:02:06] Running: cat project_sta\/results\/prokka_results\/annotation\/MyBacteria\.IS\.tmp\.92039\.faa | parallel --gnu --plain -j 2 --block 194585 --recstart '>' --pipe blastp -query - -db /opt/conda/envs/env_prokka/db/kingdom/Bacteria/IS -evalue 1e-30 -qcov_hsp_perc 90 -num_threads 1 -num_descriptions 1 -num_alignments 1 -seg no > project_sta\/results\/prokka_results\/annotation\/MyBacteria\.IS\.tmp\.92039\.blast 2> /dev/null
[15:02:43] Deleting unwanted file: project_sta/results/prokka_results/annotation/MyBacteria.IS.tmp.92039.faa
[15:02:43] Deleting unwanted file: project_sta/results/prokka_results/annotation/MyBacteria.IS.tmp.92039.blast
[15:02:43] There are still 2552 unannotated CDS left (started with 2558)
[15:02:43] Will use blast to search against /opt/conda/envs/env_prokka/db/kingdom/Bacteria/AMR with 2 CPUs
[15:02:43] Running: cat project_sta\/results\/prokka_results\/annotation\/MyBacteria\.AMR\.tmp\.92039\.faa | parallel --gnu --plain -j 2 --block 194243 --recstart '>' --pipe blastp -query - -db /opt/conda/envs/env_prokka/db/kingdom/Bacteria/AMR -evalue 1e-300 -qcov_hsp_perc 90 -num_threads 1 -num_descriptions 1 -num_alignments 1 -seg no > project_sta\/results\/prokka_results\/annotation\/MyBacteria\.AMR\.tmp\.92039\.blast 2> /dev/null
[15:03:38] Deleting unwanted file: project_sta/results/prokka_results/annotation/MyBacteria.AMR.tmp.92039.faa
[15:03:38] Deleting unwanted file: project_sta/results/prokka_results/annotation/MyBacteria.AMR.tmp.92039.blast
[15:03:39] There are still 2528 unannotated CDS left (started with 2558)
[15:03:39] Will use blast to search against /opt/conda/envs/env_prokka/db/kingdom/Bacteria/sprot with 2 CPUs
[15:03:39] Running: cat project_sta\/results\/prokka_results\/annotation\/MyBacteria\.sprot\.tmp\.92039\.faa | parallel --gnu --plain -j 2 --block 190123 --recstart '>' --pipe blastp -query - -db /opt/conda/envs/env_prokka/db/kingdom/Bacteria/sprot -evalue 1e-09 -qcov_hsp_perc 80 -num_threads 1 -num_descriptions 1 -num_alignments 1 -seg no > project_sta\/results\/prokka_results\/annotation\/MyBacteria\.sprot\.tmp\.92039\.blast 2> /dev/null
[15:06:17] Modify product: Uncharacterized HTH-type transcriptional regulator YydK => putative HTH-type transcriptional regulator YydK
[15:06:17] Modify product: Probable glucose uptake protein GlcU => putative glucose uptake protein GlcU
[15:06:17] Modify product: Uncharacterized ABC transporter permease Rv0072 => putative ABC transporter permease
[15:06:18] Modify product: Uncharacterized HTH-type transcriptional regulator YbbH => putative HTH-type transcriptional regulator YbbH
[15:06:18] Modify product: Uncharacterized oxidoreductase SpyM50865 => putative oxidoreductase
[15:06:18] Modify product: NAD(P)H-dependent FAD/FMN reductase GTNG_3158 => NAD(P)H-dependent FAD/FMN reductase
[15:06:18] Modify product: UPF0324 inner membrane protein YeiH => hypothetical protein
[15:06:18] Modify product: Probable acetyl-CoA acyltransferase => putative acetyl-CoA acyltransferase
[15:06:18] Modify product: Uncharacterized protein SA0370 => putative protein
[15:06:18] Modify product: UPF0355 protein SA0372 => hypothetical protein
[15:06:18] Modify product: Uncharacterized lipoprotein SA0397 => putative lipoprotein
[15:06:18] Modify product: Uncharacterized lipoprotein SA0397 => putative lipoprotein
[15:06:18] Modify product: Uncharacterized lipoprotein SA0397 => putative lipoprotein
[15:06:18] Modify product: Uncharacterized lipoprotein SA0397 => putative lipoprotein
[15:06:18] Modify product: Uncharacterized protein SAOUHSC_02783 => putative protein
[15:06:18] Modify product: Uncharacterized protein SAOUHSC_02783 => putative protein
[15:06:18] Modify product: Uncharacterized lipoprotein SA0397 => putative lipoprotein
[15:06:18] Modify product: Uncharacterized lipoprotein SAOUHSC_00053 => putative lipoprotein
[15:06:18] Modify product: Uncharacterized lipoprotein SAOUHSC_00053 => putative lipoprotein
[15:06:18] Modify product: Uncharacterized lipoprotein SA0397 => putative lipoprotein
[15:06:18] Modify product: Probable inorganic carbon transporter subunit DabA => putative inorganic carbon transporter subunit DabA
[15:06:18] Modify product: Probable D-methionine-binding lipoprotein MetQ => putative D-methionine-binding lipoprotein MetQ
[15:06:18] Modify product: Nucleoid-associated protein SA0437 => Nucleoid-associated protein
[15:06:18] Modify product: Probable protein-export membrane protein SecG => putative protein-export membrane protein SecG
[15:06:18] Modify product: Epimerase family protein SA0724 => Epimerase family protein
[15:06:18] Modify product: Probable cell division protein WhiA => putative cell division protein WhiA
[15:06:18] Modify product: Nucleotide-binding protein SA0720 => Nucleotide-binding protein
[15:06:18] Modify product: Probable autolysin LDP => putative autolysin LDP
[15:06:18] Modify product: DegV domain-containing protein SA0704 => DegV domain-containing protein
[15:06:18] Modify product: Probable undecaprenyl-phosphate N-acetylglucosaminyl 1-phosphate transferase => putative undecaprenyl-phosphate N-acetylglucosaminyl 1-phosphate transferase
[15:06:18] Modify product: Probable succinate transporter subunit YjjP => putative succinate transporter subunit YjjP
[15:06:18] Modify product: Probable succinate transporter subunit YjjB => putative succinate transporter subunit YjjB
[15:06:18] Modify product: Putative lipid kinase SA0681 => Putative lipid kinase
[15:06:18] Modify product: Probable ergothioneine transporter EgtUBC => putative ergothioneine transporter EgtUBC
[15:06:18] Modify product: Aldo-keto reductase MSMEG_2408/MSMEI_2347 => Aldo-keto reductase/MSMEI_2347
[15:06:18] Modify product: UPF0053 protein Rv1842c => hypothetical protein
[15:06:18] Modify product: Uncharacterized HTH-type transcriptional regulator YdjF => putative HTH-type transcriptional regulator YdjF
[15:06:18] Modify product: Acetyltransferase PA3944 => Acetyltransferase
[15:06:18] Modify product: Probable transcriptional regulatory protein SA0624 => putative transcriptional regulatory protein
[15:06:18] Modify product: Probable autolysin SsaALP => putative autolysin SsaALP
[15:06:18] Modify product: Uncharacterized protein Rv2715 => putative protein
[15:06:18] Modify product: Uncharacterized beta-barrel protein YwiB => putative beta-barrel protein YwiB
[15:06:18] Modify product: Probable pyridine nucleotide-disulfide oxidoreductase RclA => putative pyridine nucleotide-disulfide oxidoreductase RclA
[15:06:18] Modify product: UPF0382 membrane protein YwdK => hypothetical protein
[15:06:18] Modify product: Probable phosphatase IndB => putative phosphatase IndB
[15:06:18] Modify product: Uncharacterized protein YojF => putative protein YojF
[15:06:18] Modify product: Probable N-acetyl-alpha-D-glucosaminyl L-malate deacetylase 2 => putative N-acetyl-alpha-D-glucosaminyl L-malate deacetylase 2
[15:06:18] Modify product: Probable phosphatase IndB => putative phosphatase IndB
[15:06:18] Modify product: Probable branched-chain-amino-acid aminotransferase => putative branched-chain-amino-acid aminotransferase
[15:06:18] Modify product: Uncharacterized epimerase/dehydratase SA0511 => putative epimerase/dehydratase
[15:06:18] Modify product: Probable hydrolase sll0100 => putative hydrolase
[15:06:18] Modify product: Uncharacterized protein YacP => putative protein YacP
[15:06:18] Modify product: Uncharacterized PIN and TRAM-domain containing protein YacL => putative PIN and TRAM-domain containing protein YacL
[15:06:18] Modify product: Probable heme-iron transport system permease protein IsdF => putative heme-iron transport system permease protein IsdF
[15:06:18] Modify product: Probable peptidoglycan glycosyltransferase FtsW => putative peptidoglycan glycosyltransferase FtsW
[15:06:18] Modify product: UPF0358 protein MW0995 => hypothetical protein
[15:06:18] Modify product: UPF0637 protein SA0957 => hypothetical protein
[15:06:18] Modify product: UPF0223 protein BH2638 => hypothetical protein
[15:06:18] Modify product: Bifunctional protein FolD => Bifunctional protein FolD protein
[15:06:18] Modify product: Probable quinol oxidase subunit 2 => putative quinol oxidase subunit 2
[15:06:18] Modify product: Probable quinol oxidase subunit 1 => putative quinol oxidase subunit 1
[15:06:18] Modify product: Acetyltransferase SACOL1063 => Acetyltransferase
[15:06:18] Modify product: Probable N-acetyl-LL-diaminopimelate aminotransferase => putative N-acetyl-LL-diaminopimelate aminotransferase
[15:06:18] Modify product: Uncharacterized ABC transporter ATP-binding protein Rv0986 => putative ABC transporter ATP-binding protein
[15:06:18] Modify product: Serine protease HtrA-like => Serine protease HtrA-like protein
[15:06:18] Modify product: UPF0053 inner membrane protein YgdQ => hypothetical protein
[15:06:18] Modify product: Putative phosphoesterase SA0873 => Putative phosphoesterase
[15:06:18] Modify product: Putative transport protein Rv0205 => Putative transport protein
[15:06:18] Modify product: Uncharacterized HTH-type transcriptional regulator YbbH => putative HTH-type transcriptional regulator YbbH
[15:06:18] Modify product: Phosphorylated carbohydrates phosphatase TM_1254 => Phosphorylated carbohydrates phosphatase
[15:06:18] Modify product: Uncharacterized oxidoreductase YghA => putative oxidoreductase YghA
[15:06:18] Modify product: UPF0060 membrane protein YnfA => hypothetical protein
[15:06:18] Modify product: Uncharacterized protein YhaP => putative protein YhaP
[15:06:18] Modify product: Uncharacterized ABC transporter permease Rv0072 => putative ABC transporter permease
[15:06:18] Modify product: Uncharacterized HTH-type transcriptional regulator SACOL2360 => putative HTH-type transcriptional regulator
[15:06:18] Modify product: Probable malate:quinone oxidoreductase 1 => putative malate:quinone oxidoreductase 1
[15:06:18] Modify product: Uncharacterized lipoprotein SA2158 => putative lipoprotein
[15:06:18] Modify product: Probable nitrate transporter NarT => putative nitrate transporter NarT
[15:06:18] Modify product: Probable amino-acid ABC transporter-binding protein HI_1080 => putative amino-acid ABC transporter-binding protein
[15:06:18] Modify product: Uncharacterized ABC transporter ATP-binding protein TM_0288 => putative ABC transporter ATP-binding protein
[15:06:18] Modify product: Probable iron export permease protein FetB => putative iron export permease protein FetB
[15:06:18] Modify product: Probable iron export ATP-binding protein FetA => putative iron export ATP-binding protein FetA
[15:06:18] Modify product: Uncharacterized lipoprotein YehR => putative lipoprotein YehR
[15:06:18] Modify product: Uncharacterized oxidoreductase SA2266 => putative oxidoreductase
[15:06:18] Modify product: Uncharacterized protein SA2269 => putative protein
[15:06:18] Modify product: Uncharacterized lipoprotein SA2273 => putative lipoprotein
[15:06:18] Modify product: Uncharacterized protein SA2269 => putative protein
[15:06:18] Modify product: Uncharacterized lipoprotein SA2273 => putative lipoprotein
[15:06:18] Modify product: Uncharacterized protein SA2269 => putative protein
[15:06:18] Modify product: Putative surface protein MW2416 => Putative surface protein
[15:06:18] Modify product: Putative surface protein MW2416 => Putative surface protein
[15:06:18] Modify product: Probable galactarate/D-glucarate transporter GudP => putative galactarate/D-glucarate transporter GudP
[15:06:18] Modify product: Uncharacterized protein YjdJ => putative protein YjdJ
[15:06:18] Modify product: Putative NAD(P)H nitroreductase SA2311 => Putative NAD(P)H nitroreductase
[15:06:18] Modify product: Probable peptide export ATP-binding protein YydI => putative peptide export ATP-binding protein YydI
[15:06:18] Modify product: Probable peptide export permease protein YydJ => putative peptide export permease protein YydJ
[15:06:18] Modify product: Uncharacterized inner membrane transporter YicL => putative inner membrane transporter YicL
[15:06:18] Modify product: Putative acetyltransferase SACOL2570 => Putative acetyltransferase
[15:06:18] Modify product: Probable transglycosylase IsaA => putative transglycosylase IsaA
[15:06:18] Modify product: UPF0291 protein YnzC => hypothetical protein
[15:06:18] Modify product: Uncharacterized hydrolase SAOUHSC_02900 => putative hydrolase
[15:06:18] Modify product: Probable ketoamine kinase SAOUHSC_02908 => putative ketoamine kinase
[15:06:18] Modify product: Probable malate:quinone oxidoreductase 2 => putative malate:quinone oxidoreductase 2
[15:06:18] Modify product: Glutathione peroxidase homolog BsaA => Glutathione peroxidase BsaA
[15:06:18] Modify product: Uncharacterized protein SA2420.1 => putative protein.1
[15:06:18] Modify product: N-acetylmuramoyl-L-alanine amidase domain-containing protein SAOUHSC_02979 => N-acetylmuramoyl-L-alanine amidase domain-containing protein
[15:06:18] Modify product: Probable poly-beta-1,6-N-acetyl-D-glucosamine export protein => putative poly-beta-1,6-N-acetyl-D-glucosamine export protein
[15:06:18] Modify product: UPF0397 protein SP_0482 => hypothetical protein
[15:06:18] Modify product: UPF0312 protein SA2479 => hypothetical protein
[15:06:18] Modify product: Probable tRNA-dihydrouridine synthase => putative tRNA-dihydrouridine synthase
[15:06:18] Modify product: Uncharacterized protein YcjY => putative protein YcjY
[15:06:18] Modify product: Uncharacterized lipoprotein SAOUHSC_00052 => putative lipoprotein
[15:06:18] Modify product: Uncharacterized lipoprotein SAOUHSC_00053 => putative lipoprotein
[15:06:18] Modify product: Uncharacterized lipoprotein SAOUHSC_00053 => putative lipoprotein
[15:06:18] Modify product: Uncharacterized lipoprotein SAOUHSC_00053 => putative lipoprotein
[15:06:18] Modify product: Uncharacterized lipoprotein SAOUHSC_00052 => putative lipoprotein
[15:06:18] Modify product: Probable siderophore transport system permease protein YfhA => putative siderophore transport system permease protein YfhA
[15:06:18] Modify product: Probable siderophore transport system permease protein YfiZ => putative siderophore transport system permease protein YfiZ
[15:06:18] Modify product: Probable siderophore-binding lipoprotein YfiY => putative siderophore-binding lipoprotein YfiY
[15:06:18] Modify product: Uncharacterized protein SAOUHSC_00094 => putative protein
[15:06:18] Modify product: Probable ABC transporter phosphonate/phosphite binding protein PhnD2 => putative ABC transporter phosphonate/phosphite binding protein PhnD2
[15:06:18] Modify product: Uncharacterized sugar transferase EpsL => putative sugar transferase EpsL
[15:06:18] Modify product: Uncharacterized HTH-type transcriptional regulator YbbH => putative HTH-type transcriptional regulator YbbH
[15:06:18] Modify product: Uncharacterized lipoprotein SAOUHSC_00053 => putative lipoprotein
[15:06:18] Modify product: Uncharacterized protein HI_0131 => putative protein
[15:06:18] Modify product: Probable 3-hydroxyacyl-CoA dehydrogenase => putative 3-hydroxyacyl-CoA dehydrogenase
[15:06:19] Modify product: Uncharacterized protein SA0829 => putative protein
[15:06:19] Modify product: Protein aq_1857 => Protein
[15:06:19] Modify product: UPF0053 inner membrane protein YfjD => hypothetical protein
[15:06:19] Modify product: Iron-sulfur cluster assembly SufBD family protein SA0778 => Iron-sulfur cluster assembly SufBD family protein
[15:06:19] Modify product: Probable cysteine desulfurase => putative cysteine desulfurase
[15:06:19] Modify product: Iron-sulfur cluster assembly SufBD family protein SA0778 => Iron-sulfur cluster assembly SufBD family protein
[15:06:19] Modify product: UPF0337 protein SA0772 => hypothetical protein
[15:06:19] Modify product: Organic hydroperoxide resistance protein-like => Organic hydroperoxide resistance protein-like protein
[15:06:19] Modify product: Rqc2 homolog RqcH => Rqc2 RqcH
[15:06:19] Modify product: Probable dual-specificity RNA methyltransferase RlmN => putative dual-specificity RNA methyltransferase RlmN
[15:06:19] Modify product: Uncharacterized protein Spy1614 => putative protein
[15:06:19] Modify product: Uncharacterized protein SA1069 => putative protein
[15:06:19] Modify product: UPF0122 protein SAV1236 => hypothetical protein
[15:06:19] Modify product: Probable cell wall hydrolase LytN => putative cell wall hydrolase LytN
[15:06:19] Modify product: Putative zinc metalloprotease SA1105 => Putative zinc metalloprotease
[15:06:19] Modify product: Uncharacterized protein YmcA => putative protein YmcA
[15:06:19] Modify product: Glutathione peroxidase homolog BsaA => Glutathione peroxidase BsaA
[15:06:19] Modify product: Putative phosphatase M6_Spy0533 => Putative phosphatase
[15:06:19] Modify product: UPF0291 protein SA1176 => hypothetical protein
[15:06:19] Modify product: UPF0154 protein SA1178 => hypothetical protein
[15:06:19] Modify product: Uncharacterized protein SA1186 => putative protein
[15:06:19] Modify product: Putative transport protein Rv0205 => Putative transport protein
[15:06:19] Modify product: Probable tautomerase SA1195.1 => putative tautomerase.1
[15:06:19] Modify product: Uncharacterized protein YpjD => putative protein YpjD
[15:06:19] Modify product: Probable L-asparaginase => putative L-asparaginase
[15:06:19] Modify product: Uncharacterized oxidoreductase SA2266 => putative oxidoreductase
[15:06:19] Modify product: Bacilliredoxin SA1345 => Bacilliredoxin
[15:06:19] Modify product: Uncharacterized protein Spy1535 => putative protein
[15:06:19] Modify product: Uncharacterized protein YibN => putative protein YibN
[15:06:19] Modify product: Probable glycine dehydrogenase (decarboxylating) subunit 2 => putative glycine dehydrogenase (decarboxylating) subunit 2
[15:06:19] Modify product: Probable glycine dehydrogenase (decarboxylating) subunit 1 => putative glycine dehydrogenase (decarboxylating) subunit 1
[15:06:19] Modify product: Probable metallo-hydrolase M6_Spy0554 => putative metallo-hydrolase
[15:06:19] Modify product: UPF0045 protein sll0230 => hypothetical protein
[15:06:19] Modify product: Uncharacterized protein YqgN => putative protein YqgN
[15:06:19] Modify product: Probable endonuclease 4 => putative endonuclease 4
[15:06:19] Modify product: GTP cyclohydrolase 1 type 2 homolog => GTP cyclohydrolase 1 type 2 
[15:06:19] Modify product: Probable nicotinate-nucleotide adenylyltransferase => putative nicotinate-nucleotide adenylyltransferase
[15:06:19] Modify product: Uncharacterized protein YqeH => putative protein YqeH
[15:06:19] Modify product: UPF0473 protein SA1443 => hypothetical protein
[15:06:19] Modify product: UPF0297 protein SA1445 => hypothetical protein
[15:06:19] Modify product: UPF0337 protein SA1452 => hypothetical protein
[15:06:19] Modify product: Probable cell wall amidase LytH => putative cell wall amidase LytH
[15:06:19] Modify product: UPF0758 protein YsxA => hypothetical protein
[15:06:19] Modify product: Probable GTP-binding protein EngB => putative GTP-binding protein EngB
[15:06:19] Modify product: Putative formate dehydrogenase SA2102 => Putative formate dehydrogenase
[15:06:19] Modify product: Putative 2-hydroxyacid dehydrogenase SA2098 => Putative 2-hydroxyacid dehydrogenase
[15:06:19] Modify product: Urea transporter DVU1160 => Urea transporter
[15:06:19] Modify product: Probable molybdenum cofactor guanylyltransferase => putative molybdenum cofactor guanylyltransferase
[15:06:19] Modify product: Uncharacterized HTH-type transcriptional regulator SAR2349 => putative HTH-type transcriptional regulator
[15:06:19] Modify product: Probable glucose uptake protein GlcU => putative glucose uptake protein GlcU
[15:06:19] Modify product: Aldo-keto reductase MSMEG_2408/MSMEI_2347 => Aldo-keto reductase/MSMEI_2347
[15:06:19] Modify product: Zinc-type alcohol dehydrogenase-like protein SA1988 => Zinc-type alcohol dehydrogenase-like protein
[15:06:19] Modify product: Probable siderophore transport system permease protein YfiZ => putative siderophore transport system permease protein YfiZ
[15:06:19] Modify product: UPF0457 protein SA1975.1 => hypothetical protein
[15:06:19] Modify product: Probable uridylyltransferase SA1974 => putative uridylyltransferase
[15:06:19] Modify product: UPF0073 inner membrane protein YqfA => hypothetical protein
[15:06:19] Modify product: Uncharacterized protein YedJ => putative protein YedJ
[15:06:19] Modify product: Probable transglycosylase SceD => putative transglycosylase SceD
[15:06:19] Modify product: UPF0340 protein SAOUHSC_02355 => hypothetical protein
[15:06:19] Modify product: Probable DNA-directed RNA polymerase subunit delta => putative DNA-directed RNA polymerase subunit delta
[15:06:19] Modify product: Probable mannose-6-phosphate isomerase GmuF => putative mannose-6-phosphate isomerase GmuF
[15:06:19] Modify product: Uncharacterized sugar epimerase YhfK => putative sugar epimerase YhfK
[15:06:19] Modify product: Uncharacterized ABC transporter ATP-binding protein YlmA => putative ABC transporter ATP-binding protein YlmA
[15:06:19] Modify product: Probable ATP-binding protein YheS => putative ATP-binding protein YheS
[15:06:19] Modify product: Probable succinyl-diaminopimelate desuccinylase => putative succinyl-diaminopimelate desuccinylase
[15:06:19] Modify product: Uncharacterized leukocidin-like protein 2 => putative leukocidin-like protein 2
[15:06:19] Modify product: Uncharacterized leukocidin-like protein 1 => putative leukocidin-like protein 1
[15:06:19] Modify product: Probable autolysin PH => putative autolysin PH
[15:06:19] Modify product: UPF0173 metal-dependent hydrolase SA1529 => hypothetical protein
[15:06:19] Modify product: Uncharacterized peptidase SA1530 => putative peptidase
[15:06:19] Modify product: Putative universal stress protein SA1532 => Putative universal stress protein
[15:06:19] Modify product: Probable membrane transporter protein YfcA => putative membrane transporter protein YfcA
[15:06:19] Modify product: Probable tRNA sulfurtransferase => putative tRNA sulfurtransferase
[15:06:20] Modify product: UPF0478 protein SA1560 => hypothetical protein
[15:06:20] Modify product: UPF0354 protein SA1564 => hypothetical protein
[15:06:20] Modify product: Probable quorum-quenching lactonase YtnP => putative quorum-quenching lactonase YtnP
[15:06:20] Modify product: Putative dipeptidase SACOL1801 => Putative dipeptidase
[15:06:20] Modify product: Sulfurtransferase Alvin_2599 => Sulfurtransferase
[15:06:20] Modify product: Uncharacterized protein SA1737 => putative protein
[15:06:20] Modify product: Probable manganese-dependent inorganic pyrophosphatase => putative manganese-dependent inorganic pyrophosphatase
[15:06:20] Modify product: UPF0316 protein SA1727 => hypothetical protein
[15:06:20] Modify product: Uncharacterized lipoprotein YerH => putative lipoprotein YerH
[15:06:20] Modify product: Putative bifunctional exonuclease/endonuclease protein Rv2191 => Putative bifunctional exonuclease/endonuclease protein
[15:06:20] Modify product: UPF0435 protein SA1696 => hypothetical protein
[15:06:20] Modify product: Uncharacterized protein SAV1875 => putative protein
[15:06:20] Modify product: Uncharacterized protein YfhH => putative protein YfhH
[15:06:20] Modify product: Uncharacterized protein YfhP => putative protein YfhP
[15:06:20] Modify product: Putative multidrug export ATP-binding/permease protein SA1683 => Putative multidrug export ATP-binding/permease protein
[15:06:20] Modify product: UPF0398 protein YpsA => hypothetical protein
[15:06:20] Modify product: Bacilliredoxin SA1261 => Bacilliredoxin
[15:06:20] Modify product: DegV domain-containing protein MW1315 => DegV domain-containing protein
[15:06:20] Modify product: UPF0346 protein MW1311 => hypothetical protein
[15:06:20] Modify product: Probable CtpA-like serine protease => putative CtpA-like serine protease
[15:06:20] Modify product: UPF0213 protein BH0048 => hypothetical protein
[15:06:20] Modify product: Uncharacterized N-acetyltransferase SA1019 => putative N-acetyltransferase
[15:06:20] Modify product: UPF0754 membrane protein SA1664 => hypothetical protein
[15:06:20] Modify product: UPF0342 protein SA1663 => hypothetical protein
[15:06:20] Modify product: Uncharacterized ABC transporter ATP-binding protein Rv0986 => putative ABC transporter ATP-binding protein
[15:06:20] Modify product: Probable ATP-binding protein YbiT => putative ATP-binding protein YbiT
[15:06:20] Modify product: TelA-like protein SA1238 => TelA-like protein
[15:06:20] Cleaned 226 /product names
[15:06:20] Deleting unwanted file: project_sta/results/prokka_results/annotation/MyBacteria.sprot.tmp.92039.faa
[15:06:20] Deleting unwanted file: project_sta/results/prokka_results/annotation/MyBacteria.sprot.tmp.92039.blast
[15:06:20] There are still 864 unannotated CDS left (started with 2558)
[15:06:20] Will use hmmer3 to search against /opt/conda/envs/env_prokka/db/hmm/HAMAP.hmm with 2 CPUs
[15:06:20] Running: cat project_sta\/results\/prokka_results\/annotation\/MyBacteria\.HAMAP\.hmm\.tmp\.92039\.faa | parallel --gnu --plain -j 2 --block 50958 --recstart '>' --pipe hmmscan --noali --notextw --acc -E 1e-09 --cpu 1 /opt/conda/envs/env_prokka/db/hmm/HAMAP.hmm /dev/stdin > project_sta\/results\/prokka_results\/annotation\/MyBacteria\.HAMAP\.hmm\.tmp\.92039\.hmmer3 2> /dev/null
[15:07:12] Modify product: Uncharacterized MFS-type transporter YfcJ => putative MFS-type transporter YfcJ
[15:07:12] Modify product: Protein SprT-like => Protein SprT-like protein
[15:07:12] Cleaned 2 /product names
[15:07:12] Deleting unwanted file: project_sta/results/prokka_results/annotation/MyBacteria.HAMAP.hmm.tmp.92039.faa
[15:07:12] Deleting unwanted file: project_sta/results/prokka_results/annotation/MyBacteria.HAMAP.hmm.tmp.92039.hmmer3
[15:07:12] Labelling remaining 778 proteins as 'hypothetical protein'
[15:07:12] Possible /pseudo 'Putative surface protein' at NODE_1_length_477897_cov_41.704631 position 191662
[15:07:12] Possible /pseudo 'Fe(2+) transporter FeoB' at NODE_1_length_477897_cov_41.704631 position 253559
[15:07:12] Possible /pseudo 'putative lipoprotein' at NODE_2_length_414913_cov_41.567711 position 17194
[15:07:12] Possible /pseudo 'putative lipoprotein' at NODE_2_length_414913_cov_41.567711 position 18065
[15:07:12] Possible /pseudo 'putative lipoprotein' at NODE_2_length_414913_cov_41.567711 position 18897
[15:07:12] Possible /pseudo 'putative lipoprotein' at NODE_2_length_414913_cov_41.567711 position 19735
[15:07:12] Possible /pseudo 'Phosphate-import permease protein PhnE' at NODE_2_length_414913_cov_41.567711 position 68894
[15:07:12] Possible /pseudo 'D-glucoside 3-dehydrogenase' at NODE_2_length_414913_cov_41.567711 position 158426
[15:07:12] Possible /pseudo 'Type VII secretion system protein EsaG' at NODE_2_length_414913_cov_41.567711 position 251757
[15:07:12] Possible /pseudo 'Type VII secretion system protein EsaG' at NODE_2_length_414913_cov_41.567711 position 252980
[15:07:12] Possible /pseudo 'Type VII secretion system protein EsaG' at NODE_2_length_414913_cov_41.567711 position 253491
[15:07:12] Possible /pseudo 'Staphylococcal superantigen-like 7' at NODE_2_length_414913_cov_41.567711 position 356346
[15:07:12] Possible /pseudo 'Staphylococcal superantigen-like 7' at NODE_2_length_414913_cov_41.567711 position 357421
[15:07:12] Possible /pseudo 'putative lipoprotein' at NODE_2_length_414913_cov_41.567711 position 366462
[15:07:12] Possible /pseudo 'putative lipoprotein' at NODE_2_length_414913_cov_41.567711 position 367293
[15:07:12] Possible /pseudo 'putative lipoprotein' at NODE_2_length_414913_cov_41.567711 position 368124
[15:07:12] Possible /pseudo 'putative protein' at NODE_2_length_414913_cov_41.567711 position 369799
[15:07:12] Possible /pseudo 'putative lipoprotein' at NODE_2_length_414913_cov_41.567711 position 371508
[15:07:12] Possible /pseudo 'putative lipoprotein' at NODE_2_length_414913_cov_41.567711 position 372348
[15:07:12] Possible /pseudo 'putative lipoprotein' at NODE_2_length_414913_cov_41.567711 position 373308
[15:07:12] Possible /pseudo 'UDP-N-acetylglucosamine--peptide N-acetylglucosaminyltransferase GtfA subunit' at NODE_3_length_300823_cov_37.209812 position 242455
[15:07:12] Possible /pseudo 'Signal peptidase IB' at NODE_4_length_276630_cov_35.000752 position 209150
[15:07:12] Possible /pseudo 'putative protein' at NODE_5_length_256676_cov_32.527157 position 32639
[15:07:12] Possible /pseudo 'tRNA hydroxylation protein P' at NODE_6_length_236478_cov_33.405658 position 152698
[15:07:12] Possible /pseudo 'Acetolactate synthase' at NODE_7_length_131167_cov_38.591845 position 88491
[15:07:12] Possible /pseudo 'Antibacterial protein 3' at NODE_15_length_23674_cov_33.971734 position 1150
[15:07:12] Possible /pseudo 'Plasmid recombination enzyme' at NODE_17_length_20807_cov_285.510902 position 1199
[15:07:12] Possible /pseudo 'Superantigen-like protein 13' at NODE_20_length_13692_cov_32.762174 position 5693
[15:07:12] Possible /pseudo 'Superantigen-like protein 13' at NODE_20_length_13692_cov_32.762174 position 6486
[15:07:12] Found 1424 unique /gene codes.
[15:07:12] Fixed 2 duplicate /gene - ssl4_1 ssl4_2
[15:07:12] Fixed 2 duplicate /gene - bcrA_1 bcrA_2
[15:07:12] Fixed 3 duplicate /gene - femA_1 femA_2 femA_3
[15:07:12] Fixed 3 duplicate /gene - uup_1 uup_2 uup_3
[15:07:12] Fixed 2 duplicate /gene - lexA_1 lexA_2
[15:07:12] Fixed 3 duplicate /gene - lnrL_1 lnrL_2 lnrL_3
[15:07:12] Fixed 2 duplicate /gene - pdhC_1 pdhC_2
[15:07:12] Fixed 2 duplicate /gene - oppD_1 oppD_2
[15:07:12] Fixed 2 duplicate /gene - aldC_1 aldC_2
[15:07:12] Fixed 2 duplicate /gene - sdhA_1 sdhA_2
[15:07:12] Fixed 2 duplicate /gene - gatD_1 gatD_2
[15:07:12] Fixed 2 duplicate /gene - ywpJ_1 ywpJ_2
[15:07:12] Fixed 2 duplicate /gene - ysdC_1 ysdC_2
[15:07:12] Fixed 2 duplicate /gene - queE_1 queE_2
[15:07:12] Fixed 4 duplicate /gene - xerC_1 xerC_2 xerC_3 xerC_4
[15:07:12] Fixed 2 duplicate /gene - yfiZ_1 yfiZ_2
[15:07:12] Fixed 2 duplicate /gene - oatA_1 oatA_2
[15:07:12] Fixed 2 duplicate /gene - ycjS_1 ycjS_2
[15:07:12] Fixed 3 duplicate /gene - scn_1 scn_2 scn_3
[15:07:12] Fixed 2 duplicate /gene - bcr_1 bcr_2
[15:07:12] Fixed 2 duplicate /gene - uvrB_1 uvrB_2
[15:07:12] Fixed 2 duplicate /gene - suhB_1 suhB_2
[15:07:12] Fixed 2 duplicate /gene - est_1 est_2
[15:07:12] Fixed 3 duplicate /gene - hisC_1 hisC_2 hisC_3
[15:07:12] Fixed 2 duplicate /gene - cspA_1 cspA_2
[15:07:12] Fixed 2 duplicate /gene - alsS_1 alsS_2
[15:07:12] Fixed 2 duplicate /gene - indB_1 indB_2
[15:07:12] Fixed 2 duplicate /gene - glcU_1 glcU_2
[15:07:12] Fixed 2 duplicate /gene - pnp_1 pnp_2
[15:07:12] Fixed 3 duplicate /gene - ptsG_1 ptsG_2 ptsG_3
[15:07:12] Fixed 3 duplicate /gene - gtfA_1 gtfA_2 gtfA_3
[15:07:12] Fixed 2 duplicate /gene - sasA_1 sasA_2
[15:07:12] Fixed 2 duplicate /gene - ktrB_1 ktrB_2
[15:07:12] Fixed 2 duplicate /gene - tagU_1 tagU_2
[15:07:12] Fixed 2 duplicate /gene - cycA_1 cycA_2
[15:07:12] Fixed 2 duplicate /gene - slyA_1 slyA_2
[15:07:12] Fixed 2 duplicate /gene - iscS_1 iscS_2
[15:07:12] Fixed 2 duplicate /gene - pepA_1 pepA_2
[15:07:12] Fixed 2 duplicate /gene - ghrB_1 ghrB_2
[15:07:12] Fixed 2 duplicate /gene - oppB_1 oppB_2
[15:07:12] Fixed 2 duplicate /gene - treR_1 treR_2
[15:07:12] Fixed 2 duplicate /gene - gatC_1 gatC_2
[15:07:12] Fixed 2 duplicate /gene - gatB_1 gatB_2
[15:07:12] Fixed 3 duplicate /gene - ssbA_1 ssbA_2 ssbA_3
[15:07:12] Fixed 2 duplicate /gene - rocD2_1 rocD2_2
[15:07:12] Fixed 2 duplicate /gene - secY_1 secY_2
[15:07:12] Fixed 3 duplicate /gene - xerD_1 xerD_2 xerD_3
[15:07:12] Fixed 2 duplicate /gene - mnaA_1 mnaA_2
[15:07:12] Fixed 2 duplicate /gene - mntB_1 mntB_2
[15:07:12] Fixed 2 duplicate /gene - acsA_1 acsA_2
[15:07:12] Fixed 4 duplicate /gene - rimI_1 rimI_2 rimI_3 rimI_4
[15:07:12] Fixed 2 duplicate /gene - cshA_1 cshA_2
[15:07:12] Fixed 2 duplicate /gene - metQ_1 metQ_2
[15:07:12] Fixed 2 duplicate /gene - hrtA_1 hrtA_2
[15:07:12] Fixed 2 duplicate /gene - ywqD_1 ywqD_2
[15:07:12] Fixed 2 duplicate /gene - argR_1 argR_2
[15:07:12] Fixed 2 duplicate /gene - lctP_1 lctP_2
[15:07:12] Fixed 2 duplicate /gene - feoB_1 feoB_2
[15:07:12] Fixed 3 duplicate /gene - atl_1 atl_2 atl_3
[15:07:12] Fixed 2 duplicate /gene - pre_1 pre_2
[15:07:12] Fixed 2 duplicate /gene - lysP_1 lysP_2
[15:07:12] Fixed 2 duplicate /gene - recD2_1 recD2_2
[15:07:12] Fixed 2 duplicate /gene - trhP_1 trhP_2
[15:07:12] Fixed 3 duplicate /gene - mhqA_1 mhqA_2 mhqA_3
[15:07:12] Fixed 6 duplicate /gene - lpl2_1 lpl2_2 lpl2_3 lpl2_4 lpl2_5 lpl2_6
[15:07:12] Fixed 2 duplicate /gene - pepF_1 pepF_2
[15:07:12] Fixed 2 duplicate /gene - rluD_1 rluD_2
[15:07:12] Fixed 2 duplicate /gene - mleN_1 mleN_2
[15:07:12] Fixed 2 duplicate /gene - carA_1 carA_2
[15:07:12] Fixed 3 duplicate /gene - dapH_1 dapH_2 dapH_3
[15:07:12] Fixed 2 duplicate /gene - menE_1 menE_2
[15:07:12] Fixed 2 duplicate /gene - nagB_1 nagB_2
[15:07:12] Fixed 2 duplicate /gene - ykoD_1 ykoD_2
[15:07:12] Fixed 2 duplicate /gene - bceA_1 bceA_2
[15:07:12] Fixed 2 duplicate /gene - phnE_1 phnE_2
[15:07:12] Fixed 2 duplicate /gene - dltA_1 dltA_2
[15:07:12] Fixed 2 duplicate /gene - yciC_1 yciC_2
[15:07:12] Fixed 2 duplicate /gene - pxpB_1 pxpB_2
[15:07:12] Fixed 2 duplicate /gene - pxpC_1 pxpC_2
[15:07:12] Fixed 2 duplicate /gene - gpmA_1 gpmA_2
[15:07:12] Fixed 4 duplicate /gene - map_1 map_2 map_3 map_4
[15:07:12] Fixed 2 duplicate /gene - hsdM_1 hsdM_2
[15:07:12] Fixed 3 duplicate /gene - opuD_1 opuD_2 opuD_3
[15:07:12] Fixed 2 duplicate /gene - tcyC_1 tcyC_2
[15:07:12] Fixed 2 duplicate /gene - ssl5_1 ssl5_2
[15:07:12] Fixed 3 duplicate /gene - sndA_1 sndA_2 sndA_3
[15:07:12] Fixed 2 duplicate /gene - cap8A_1 cap8A_2
[15:07:12] Fixed 2 duplicate /gene - nth_1 nth_2
[15:07:12] Fixed 2 duplicate /gene - mnhD1_1 mnhD1_2
[15:07:12] Fixed 2 duplicate /gene - spsB_1 spsB_2
[15:07:12] Fixed 2 duplicate /gene - accB_1 accB_2
[15:07:12] Fixed 2 duplicate /gene - alr1_1 alr1_2
[15:07:12] Fixed 2 duplicate /gene - pheT_1 pheT_2
[15:07:12] Fixed 2 duplicate /gene - hdfR_1 hdfR_2
[15:07:12] Fixed 2 duplicate /gene - ecfT_1 ecfT_2
[15:07:12] Fixed 2 duplicate /gene - ldhD_1 ldhD_2
[15:07:12] Fixed 2 duplicate /gene - cls_1 cls_2
[15:07:12] Fixed 2 duplicate /gene - yfmC_1 yfmC_2
[15:07:12] Fixed 4 duplicate /gene - norB_1 norB_2 norB_3 norB_4
[15:07:12] Fixed 2 duplicate /gene - hlb_1 hlb_2
[15:07:12] Fixed 2 duplicate /gene - trpG_1 trpG_2
[15:07:12] Fixed 2 duplicate /gene - mntH_1 mntH_2
[15:07:12] Fixed 2 duplicate /gene - nupC_1 nupC_2
[15:07:12] Fixed 2 duplicate /gene - catE_1 catE_2
[15:07:12] Fixed 2 duplicate /gene - lipA_1 lipA_2
[15:07:12] Fixed 2 duplicate /gene - garK_1 garK_2
[15:07:12] Fixed 2 duplicate /gene - nhaK_1 nhaK_2
[15:07:12] Fixed 3 duplicate /gene - ybbH_1 ybbH_2 ybbH_3
[15:07:12] Fixed 2 duplicate /gene - tagH_1 tagH_2
[15:07:12] Fixed 2 duplicate /gene - mtlF_1 mtlF_2
[15:07:12] Fixed 2 duplicate /gene - dnaB_1 dnaB_2
[15:07:12] Fixed 2 duplicate /gene - pepT_1 pepT_2
[15:07:12] Fixed 2 duplicate /gene - tadA_1 tadA_2
[15:07:12] Fixed 2 duplicate /gene - metP_1 metP_2
[15:07:12] Fixed 3 duplicate /gene - bceB_1 bceB_2 bceB_3
[15:07:12] Fixed 2 duplicate /gene - czcD_1 czcD_2
[15:07:12] Fixed 2 duplicate /gene - aroA_1 aroA_2
[15:07:12] Fixed 2 duplicate /gene - rnc_1 rnc_2
[15:07:12] Fixed 4 duplicate /gene - essG_1 essG_2 essG_3 essG_4
[15:07:12] Fixed 2 duplicate /gene - secA1_1 secA1_2
[15:07:12] Fixed 2 duplicate /gene - isdG_1 isdG_2
[15:07:12] Fixed 2 duplicate /gene - graR_1 graR_2
[15:07:12] Fixed 2 duplicate /gene - bsaA_1 bsaA_2
[15:07:12] Fixed 2 duplicate /gene - rhaS_1 rhaS_2
[15:07:12] Fixed 3 duplicate /gene - ssl7_1 ssl7_2 ssl7_3
[15:07:12] Fixed 2 duplicate /gene - cmoO_1 cmoO_2
[15:07:12] Fixed 2 duplicate /gene - rnmV_1 rnmV_2
[15:07:12] Fixed 2 duplicate /gene - ywqE_1 ywqE_2
[15:07:12] Fixed 2 duplicate /gene - treP_1 treP_2
[15:07:12] Fixed 2 duplicate /gene - braB_1 braB_2
[15:07:12] Fixed 2 duplicate /gene - mutS_1 mutS_2
[15:07:12] Fixed 131 colliding /gene names.
[15:07:12] Adding /locus_tag identifiers
[15:07:12] Assigned 2636 locus_tags to CDS and RNA features.
[15:07:12] Writing outputs to project_sta/results/prokka_results/annotation/
[15:07:14] Generating annotation statistics file
[15:07:14] Generating Genbank and Sequin files
[15:07:14] Running: tbl2asn -V b -a r10k -l paired-ends -M n -N 1 -y 'Annotated using prokka 1.15.6 from https://github.com/tseemann/prokka' -Z project_sta\/results\/prokka_results\/annotation\/MyBacteria\.err -i project_sta\/results\/prokka_results\/annotation\/MyBacteria\.fsa 2> /dev/null
[15:07:28] Deleting unwanted file: project_sta/results/prokka_results/annotation/errorsummary.val
[15:07:28] Deleting unwanted file: project_sta/results/prokka_results/annotation/MyBacteria.dr
[15:07:28] Deleting unwanted file: project_sta/results/prokka_results/annotation/MyBacteria.fixedproducts
[15:07:28] Deleting unwanted file: project_sta/results/prokka_results/annotation/MyBacteria.ecn
[15:07:28] Deleting unwanted file: project_sta/results/prokka_results/annotation/MyBacteria.val
[15:07:28] Repairing broken .GBK output that tbl2asn produces...
[15:07:28] Running: sed 's/COORDINATES: profile/COORDINATES:profile/' < project_sta\/results\/prokka_results\/annotation\/MyBacteria\.gbf > project_sta\/results\/prokka_results\/annotation\/MyBacteria\.gbk
[15:07:28] Deleting unwanted file: project_sta/results/prokka_results/annotation/MyBacteria.gbf
[15:07:28] Output files:
[15:07:28] project_sta/results/prokka_results/annotation/MyBacteria.faa
[15:07:28] project_sta/results/prokka_results/annotation/MyBacteria.txt
[15:07:28] project_sta/results/prokka_results/annotation/MyBacteria.tbl
[15:07:28] project_sta/results/prokka_results/annotation/MyBacteria.fsa
[15:07:28] project_sta/results/prokka_results/annotation/MyBacteria.gff
[15:07:28] project_sta/results/prokka_results/annotation/MyBacteria.fna
[15:07:28] project_sta/results/prokka_results/annotation/MyBacteria.tsv
[15:07:28] project_sta/results/prokka_results/annotation/MyBacteria.err
[15:07:28] project_sta/results/prokka_results/annotation/MyBacteria.sqn
[15:07:28] project_sta/results/prokka_results/annotation/MyBacteria.ffn
[15:07:28] project_sta/results/prokka_results/annotation/MyBacteria.gbk
[15:07:28] project_sta/results/prokka_results/annotation/MyBacteria.log
[15:07:28] Annotation finished successfully.
[15:07:28] Walltime used: 5.73 minutes
[15:07:28] If you use this result please cite the Prokka paper:
[15:07:28] Seemann T (2014) Prokka: rapid prokaryotic genome annotation. Bioinformatics. 30(14):2068-9.
[15:07:28] Type 'prokka --citation' for more details.
[15:07:28] Thank you, come again.
